<?xml version="1.0" encoding="UTF-8"?>
<coverage generated="1485823382008" clover="3.2.0">
  <project timestamp="1485823382008" name="All files">
    <metrics statements="1455" coveredstatements="541" conditionals="566" coveredconditionals="90" methods="436" coveredmethods="152" elements="2457" coveredelements="783" complexity="0" loc="1455" ncloc="1455" packages="49" files="99" classes="99">
      <package name="progressive-web-scaffold">
        <metrics statements="4" coveredstatements="0" conditionals="2" coveredconditionals="0" methods="0" coveredmethods="0"/>
        <file name="service-worker-loader.js" path="/Users/cassie/Projects/progressive-web-scaffold/service-worker-loader.js">
          <metrics statements="4" coveredstatements="0" conditionals="2" coveredconditionals="0" methods="0" coveredmethods="0"/>
          <line num="2" count="0" type="stmt"/>
          <line num="4" count="0" type="stmt"/>
          <line num="5" count="0" type="stmt"/>
          <line num="7" count="0" type="stmt"/>
        </file>
      </package>
      <package name="progressive-web-scaffold.app">
        <metrics statements="30" coveredstatements="0" conditionals="24" coveredconditionals="0" methods="15" coveredmethods="0"/>
        <file name="app-provider.jsx" path="/Users/cassie/Projects/progressive-web-scaffold/app/app-provider.jsx">
          <metrics statements="24" coveredstatements="0" conditionals="18" coveredconditionals="0" methods="11" coveredmethods="0"/>
          <line num="1" count="0" type="stmt"/>
          <line num="20" count="0" type="stmt"/>
          <line num="22" count="0" type="stmt"/>
          <line num="27" count="0" type="stmt"/>
          <line num="28" count="0" type="stmt"/>
          <line num="37" count="0" type="stmt"/>
          <line num="39" count="0" type="stmt"/>
          <line num="41" count="0" type="stmt"/>
          <line num="43" count="0" type="stmt"/>
          <line num="45" count="0" type="stmt"/>
          <line num="47" count="0" type="stmt"/>
          <line num="49" count="0" type="stmt"/>
          <line num="50" count="0" type="stmt"/>
          <line num="51" count="0" type="stmt"/>
          <line num="55" count="0" type="stmt"/>
          <line num="56" count="0" type="stmt"/>
          <line num="57" count="0" type="stmt"/>
          <line num="59" count="0" type="stmt"/>
          <line num="60" count="0" type="stmt"/>
          <line num="61" count="0" type="stmt"/>
          <line num="62" count="0" type="stmt"/>
          <line num="66" count="0" type="stmt"/>
          <line num="69" count="0" type="stmt"/>
          <line num="93" count="0" type="stmt"/>
        </file>
        <file name="loader.js" path="/Users/cassie/Projects/progressive-web-scaffold/app/loader.js">
          <metrics statements="4" coveredstatements="0" conditionals="6" coveredconditionals="0" methods="4" coveredmethods="0"/>
          <line num="23" count="0" type="stmt"/>
          <line num="24" count="0" type="stmt"/>
          <line num="25" count="0" type="stmt"/>
          <line num="31" count="0" type="stmt"/>
        </file>
        <file name="main.jsx" path="/Users/cassie/Projects/progressive-web-scaffold/app/main.jsx">
          <metrics statements="2" coveredstatements="0" conditionals="0" coveredconditionals="0" methods="0" coveredmethods="0"/>
          <line num="26" count="0" type="stmt"/>
          <line num="28" count="0" type="stmt"/>
        </file>
      </package>
      <package name="progressive-web-scaffold.app.components.chat-window">
        <metrics statements="34" coveredstatements="16" conditionals="14" coveredconditionals="1" methods="13" coveredmethods="4"/>
        <file name="index.jsx" path="/Users/cassie/Projects/progressive-web-scaffold/app/components/chat-window/index.jsx">
          <metrics statements="34" coveredstatements="16" conditionals="14" coveredconditionals="1" methods="13" coveredmethods="4"/>
          <line num="15" count="2" type="stmt"/>
          <line num="24" count="6" type="stmt"/>
          <line num="26" count="6" type="stmt"/>
          <line num="31" count="6" type="stmt"/>
          <line num="35" count="0" type="stmt"/>
          <line num="37" count="0" type="stmt"/>
          <line num="38" count="0" type="stmt"/>
          <line num="46" count="6" type="stmt"/>
          <line num="48" count="6" type="stmt"/>
          <line num="50" count="0" type="stmt"/>
          <line num="60" count="0" type="stmt"/>
          <line num="61" count="0" type="stmt"/>
          <line num="62" count="0" type="stmt"/>
          <line num="65" count="0" type="stmt"/>
          <line num="67" count="0" type="stmt"/>
          <line num="72" count="0" type="stmt"/>
          <line num="104" count="6" type="stmt"/>
          <line num="108" count="6" type="stmt"/>
          <line num="110" count="6" type="stmt"/>
          <line num="112" count="6" type="stmt"/>
          <line num="113" count="0" type="stmt"/>
          <line num="118" count="0" type="stmt"/>
          <line num="123" count="6" type="stmt"/>
          <line num="124" count="0" type="stmt"/>
          <line num="125" count="0" type="stmt"/>
          <line num="129" count="6" type="stmt"/>
          <line num="133" count="0" type="stmt"/>
          <line num="141" count="6" type="stmt"/>
          <line num="152" count="0" type="stmt"/>
          <line num="157" count="0" type="stmt"/>
          <line num="158" count="0" type="stmt"/>
          <line num="171" count="6" type="stmt"/>
          <line num="172" count="2" type="stmt"/>
          <line num="191" count="2" type="stmt"/>
        </file>
      </package>
      <package name="progressive-web-scaffold.app.components.clippy">
        <metrics statements="497" coveredstatements="33" conditionals="204" coveredconditionals="4" methods="102" coveredmethods="2"/>
        <file name="clippy.js" path="/Users/cassie/Projects/progressive-web-scaffold/app/components/clippy/clippy.js">
          <metrics statements="461" coveredstatements="23" conditionals="192" coveredconditionals="0" methods="86" coveredmethods="0"/>
          <line num="3" count="1" type="stmt"/>
          <line num="4" count="1" type="stmt"/>
          <line num="10" count="1" type="stmt"/>
          <line num="11" count="0" type="stmt"/>
          <line num="13" count="0" type="stmt"/>
          <line num="15" count="0" type="stmt"/>
          <line num="17" count="0" type="stmt"/>
          <line num="19" count="0" type="stmt"/>
          <line num="21" count="0" type="stmt"/>
          <line num="23" count="0" type="stmt"/>
          <line num="26" count="1" type="stmt"/>
          <line num="36" count="0" type="stmt"/>
          <line num="37" count="0" type="stmt"/>
          <line num="38" count="0" type="stmt"/>
          <line num="40" count="0" type="stmt"/>
          <line num="41" count="0" type="stmt"/>
          <line num="50" count="0" type="stmt"/>
          <line num="51" count="0" type="stmt"/>
          <line num="52" count="0" type="stmt"/>
          <line num="53" count="0" type="stmt"/>
          <line num="54" count="0" type="stmt"/>
          <line num="55" count="0" type="stmt"/>
          <line num="56" count="0" type="stmt"/>
          <line num="57" count="0" type="stmt"/>
          <line num="58" count="0" type="stmt"/>
          <line num="61" count="0" type="stmt"/>
          <line num="62" count="0" type="stmt"/>
          <line num="63" count="0" type="stmt"/>
          <line num="64" count="0" type="stmt"/>
          <line num="70" count="0" type="stmt"/>
          <line num="71" count="0" type="stmt"/>
          <line num="72" count="0" type="stmt"/>
          <line num="74" count="0" type="stmt"/>
          <line num="76" count="0" type="stmt"/>
          <line num="77" count="0" type="stmt"/>
          <line num="78" count="0" type="stmt"/>
          <line num="79" count="0" type="stmt"/>
          <line num="80" count="0" type="stmt"/>
          <line num="84" count="0" type="stmt"/>
          <line num="85" count="0" type="stmt"/>
          <line num="86" count="0" type="stmt"/>
          <line num="89" count="0" type="stmt"/>
          <line num="91" count="0" type="stmt"/>
          <line num="92" count="0" type="stmt"/>
          <line num="95" count="0" type="stmt"/>
          <line num="96" count="0" type="stmt"/>
          <line num="98" count="0" type="stmt"/>
          <line num="104" count="0" type="stmt"/>
          <line num="111" count="0" type="stmt"/>
          <line num="112" count="0" type="stmt"/>
          <line num="113" count="0" type="stmt"/>
          <line num="117" count="0" type="stmt"/>
          <line num="121" count="0" type="stmt"/>
          <line num="123" count="0" type="stmt"/>
          <line num="126" count="0" type="stmt"/>
          <line num="127" count="0" type="stmt"/>
          <line num="129" count="0" type="stmt"/>
          <line num="130" count="0" type="stmt"/>
          <line num="131" count="0" type="stmt"/>
          <line num="132" count="0" type="stmt"/>
          <line num="133" count="0" type="stmt"/>
          <line num="138" count="0" type="stmt"/>
          <line num="139" count="0" type="stmt"/>
          <line num="140" count="0" type="stmt"/>
          <line num="142" count="0" type="stmt"/>
          <line num="146" count="0" type="stmt"/>
          <line num="149" count="0" type="stmt"/>
          <line num="158" count="0" type="stmt"/>
          <line num="159" count="0" type="stmt"/>
          <line num="160" count="0" type="stmt"/>
          <line num="161" count="0" type="stmt"/>
          <line num="162" count="0" type="stmt"/>
          <line num="163" count="0" type="stmt"/>
          <line num="166" count="0" type="stmt"/>
          <line num="167" count="0" type="stmt"/>
          <line num="168" count="0" type="stmt"/>
          <line num="169" count="0" type="stmt"/>
          <line num="172" count="0" type="stmt"/>
          <line num="173" count="0" type="stmt"/>
          <line num="181" count="0" type="stmt"/>
          <line num="182" count="0" type="stmt"/>
          <line num="191" count="0" type="stmt"/>
          <line num="195" count="0" type="stmt"/>
          <line num="197" count="0" type="stmt"/>
          <line num="198" count="0" type="stmt"/>
          <line num="199" count="0" type="stmt"/>
          <line num="207" count="0" type="stmt"/>
          <line num="208" count="0" type="stmt"/>
          <line num="214" count="0" type="stmt"/>
          <line num="215" count="0" type="stmt"/>
          <line num="216" count="0" type="stmt"/>
          <line num="225" count="0" type="stmt"/>
          <line num="234" count="0" type="stmt"/>
          <line num="242" count="0" type="stmt"/>
          <line num="243" count="0" type="stmt"/>
          <line num="245" count="0" type="stmt"/>
          <line num="246" count="0" type="stmt"/>
          <line num="248" count="0" type="stmt"/>
          <line num="261" count="0" type="stmt"/>
          <line num="262" count="0" type="stmt"/>
          <line num="263" count="0" type="stmt"/>
          <line num="265" count="0" type="stmt"/>
          <line num="266" count="0" type="stmt"/>
          <line num="269" count="0" type="stmt"/>
          <line num="270" count="0" type="stmt"/>
          <line num="272" count="0" type="stmt"/>
          <line num="275" count="0" type="stmt"/>
          <line num="276" count="0" type="stmt"/>
          <line num="277" count="0" type="stmt"/>
          <line num="278" count="0" type="stmt"/>
          <line num="281" count="0" type="stmt"/>
          <line num="292" count="0" type="stmt"/>
          <line num="293" count="0" type="stmt"/>
          <line num="294" count="0" type="stmt"/>
          <line num="296" count="0" type="stmt"/>
          <line num="300" count="0" type="stmt"/>
          <line num="301" count="0" type="stmt"/>
          <line num="312" count="0" type="stmt"/>
          <line num="313" count="0" type="stmt"/>
          <line num="323" count="0" type="stmt"/>
          <line num="324" count="0" type="stmt"/>
          <line num="325" count="0" type="stmt"/>
          <line num="326" count="0" type="stmt"/>
          <line num="327" count="0" type="stmt"/>
          <line num="328" count="0" type="stmt"/>
          <line num="333" count="0" type="stmt"/>
          <line num="334" count="0" type="stmt"/>
          <line num="340" count="0" type="stmt"/>
          <line num="342" count="0" type="stmt"/>
          <line num="344" count="0" type="stmt"/>
          <line num="348" count="0" type="stmt"/>
          <line num="349" count="0" type="stmt"/>
          <line num="354" count="0" type="stmt"/>
          <line num="355" count="0" type="stmt"/>
          <line num="356" count="0" type="stmt"/>
          <line num="357" count="0" type="stmt"/>
          <line num="359" count="0" type="stmt"/>
          <line num="360" count="0" type="stmt"/>
          <line num="361" count="0" type="stmt"/>
          <line num="362" count="0" type="stmt"/>
          <line num="364" count="0" type="stmt"/>
          <line num="365" count="0" type="stmt"/>
          <line num="366" count="0" type="stmt"/>
          <line num="367" count="0" type="stmt"/>
          <line num="368" count="0" type="stmt"/>
          <line num="369" count="0" type="stmt"/>
          <line num="370" count="0" type="stmt"/>
          <line num="373" count="0" type="stmt"/>
          <line num="374" count="0" type="stmt"/>
          <line num="375" count="0" type="stmt"/>
          <line num="376" count="0" type="stmt"/>
          <line num="379" count="0" type="stmt"/>
          <line num="381" count="0" type="stmt"/>
          <line num="385" count="0" type="stmt"/>
          <line num="386" count="0" type="stmt"/>
          <line num="394" count="0" type="stmt"/>
          <line num="395" count="0" type="stmt"/>
          <line num="396" count="0" type="stmt"/>
          <line num="398" count="0" type="stmt"/>
          <line num="399" count="0" type="stmt"/>
          <line num="401" count="0" type="stmt"/>
          <line num="402" count="0" type="stmt"/>
          <line num="404" count="0" type="stmt"/>
          <line num="408" count="0" type="stmt"/>
          <line num="409" count="0" type="stmt"/>
          <line num="410" count="0" type="stmt"/>
          <line num="411" count="0" type="stmt"/>
          <line num="419" count="0" type="stmt"/>
          <line num="420" count="0" type="stmt"/>
          <line num="424" count="0" type="stmt"/>
          <line num="425" count="0" type="stmt"/>
          <line num="426" count="0" type="stmt"/>
          <line num="427" count="0" type="stmt"/>
          <line num="428" count="0" type="stmt"/>
          <line num="432" count="0" type="stmt"/>
          <line num="434" count="0" type="stmt"/>
          <line num="435" count="0" type="stmt"/>
          <line num="437" count="0" type="stmt"/>
          <line num="438" count="0" type="stmt"/>
          <line num="439" count="0" type="stmt"/>
          <line num="444" count="0" type="stmt"/>
          <line num="445" count="0" type="stmt"/>
          <line num="451" count="0" type="stmt"/>
          <line num="452" count="0" type="stmt"/>
          <line num="457" count="0" type="stmt"/>
          <line num="458" count="0" type="stmt"/>
          <line num="468" count="1" type="stmt"/>
          <line num="469" count="0" type="stmt"/>
          <line num="470" count="0" type="stmt"/>
          <line num="471" count="0" type="stmt"/>
          <line num="472" count="0" type="stmt"/>
          <line num="473" count="0" type="stmt"/>
          <line num="474" count="0" type="stmt"/>
          <line num="475" count="0" type="stmt"/>
          <line num="476" count="0" type="stmt"/>
          <line num="477" count="0" type="stmt"/>
          <line num="478" count="0" type="stmt"/>
          <line num="479" count="0" type="stmt"/>
          <line num="480" count="0" type="stmt"/>
          <line num="481" count="0" type="stmt"/>
          <line num="482" count="0" type="stmt"/>
          <line num="484" count="0" type="stmt"/>
          <line num="485" count="0" type="stmt"/>
          <line num="486" count="0" type="stmt"/>
          <line num="488" count="0" type="stmt"/>
          <line num="489" count="0" type="stmt"/>
          <line num="490" count="0" type="stmt"/>
          <line num="494" count="1" type="stmt"/>
          <line num="496" count="0" type="stmt"/>
          <line num="497" count="0" type="stmt"/>
          <line num="498" count="0" type="stmt"/>
          <line num="499" count="0" type="stmt"/>
          <line num="501" count="0" type="stmt"/>
          <line num="505" count="0" type="stmt"/>
          <line num="506" count="0" type="stmt"/>
          <line num="507" count="0" type="stmt"/>
          <line num="508" count="0" type="stmt"/>
          <line num="510" count="0" type="stmt"/>
          <line num="515" count="0" type="stmt"/>
          <line num="516" count="0" type="stmt"/>
          <line num="517" count="0" type="stmt"/>
          <line num="518" count="0" type="stmt"/>
          <line num="519" count="0" type="stmt"/>
          <line num="524" count="0" type="stmt"/>
          <line num="528" count="0" type="stmt"/>
          <line num="533" count="0" type="stmt"/>
          <line num="535" count="0" type="stmt"/>
          <line num="536" count="0" type="stmt"/>
          <line num="539" count="0" type="stmt"/>
          <line num="540" count="0" type="stmt"/>
          <line num="543" count="0" type="stmt"/>
          <line num="544" count="0" type="stmt"/>
          <line num="545" count="0" type="stmt"/>
          <line num="548" count="0" type="stmt"/>
          <line num="549" count="0" type="stmt"/>
          <line num="550" count="0" type="stmt"/>
          <line num="552" count="0" type="stmt"/>
          <line num="557" count="0" type="stmt"/>
          <line num="558" count="0" type="stmt"/>
          <line num="560" count="0" type="stmt"/>
          <line num="561" count="0" type="stmt"/>
          <line num="562" count="0" type="stmt"/>
          <line num="563" count="0" type="stmt"/>
          <line num="564" count="0" type="stmt"/>
          <line num="567" count="0" type="stmt"/>
          <line num="574" count="0" type="stmt"/>
          <line num="576" count="0" type="stmt"/>
          <line num="577" count="0" type="stmt"/>
          <line num="578" count="0" type="stmt"/>
          <line num="581" count="0" type="stmt"/>
          <line num="582" count="0" type="stmt"/>
          <line num="584" count="0" type="stmt"/>
          <line num="585" count="0" type="stmt"/>
          <line num="586" count="0" type="stmt"/>
          <line num="587" count="0" type="stmt"/>
          <line num="588" count="0" type="stmt"/>
          <line num="589" count="0" type="stmt"/>
          <line num="592" count="0" type="stmt"/>
          <line num="596" count="0" type="stmt"/>
          <line num="600" count="0" type="stmt"/>
          <line num="601" count="0" type="stmt"/>
          <line num="602" count="0" type="stmt"/>
          <line num="603" count="0" type="stmt"/>
          <line num="607" count="0" type="stmt"/>
          <line num="611" count="0" type="stmt"/>
          <line num="612" count="0" type="stmt"/>
          <line num="613" count="0" type="stmt"/>
          <line num="614" count="0" type="stmt"/>
          <line num="617" count="0" type="stmt"/>
          <line num="618" count="0" type="stmt"/>
          <line num="621" count="0" type="stmt"/>
          <line num="622" count="0" type="stmt"/>
          <line num="624" count="0" type="stmt"/>
          <line num="628" count="0" type="stmt"/>
          <line num="629" count="0" type="stmt"/>
          <line num="630" count="0" type="stmt"/>
          <line num="633" count="0" type="stmt"/>
          <line num="642" count="0" type="stmt"/>
          <line num="649" count="0" type="stmt"/>
          <line num="653" count="1" type="stmt"/>
          <line num="660" count="1" type="stmt"/>
          <line num="661" count="0" type="stmt"/>
          <line num="663" count="0" type="stmt"/>
          <line num="664" count="0" type="stmt"/>
          <line num="667" count="1" type="stmt"/>
          <line num="674" count="0" type="stmt"/>
          <line num="675" count="0" type="stmt"/>
          <line num="677" count="0" type="stmt"/>
          <line num="681" count="0" type="stmt"/>
          <line num="683" count="0" type="stmt"/>
          <line num="684" count="0" type="stmt"/>
          <line num="685" count="0" type="stmt"/>
          <line num="686" count="0" type="stmt"/>
          <line num="698" count="0" type="stmt"/>
          <line num="699" count="0" type="stmt"/>
          <line num="700" count="0" type="stmt"/>
          <line num="702" count="0" type="stmt"/>
          <line num="703" count="0" type="stmt"/>
          <line num="705" count="0" type="stmt"/>
          <line num="706" count="0" type="stmt"/>
          <line num="707" count="0" type="stmt"/>
          <line num="708" count="0" type="stmt"/>
          <line num="711" count="0" type="stmt"/>
          <line num="714" count="0" type="stmt"/>
          <line num="715" count="0" type="stmt"/>
          <line num="716" count="0" type="stmt"/>
          <line num="719" count="0" type="stmt"/>
          <line num="720" count="0" type="stmt"/>
          <line num="721" count="0" type="stmt"/>
          <line num="724" count="0" type="stmt"/>
          <line num="725" count="0" type="stmt"/>
          <line num="726" count="0" type="stmt"/>
          <line num="729" count="0" type="stmt"/>
          <line num="730" count="0" type="stmt"/>
          <line num="731" count="0" type="stmt"/>
          <line num="734" count="0" type="stmt"/>
          <line num="735" count="0" type="stmt"/>
          <line num="739" count="0" type="stmt"/>
          <line num="740" count="0" type="stmt"/>
          <line num="741" count="0" type="stmt"/>
          <line num="743" count="0" type="stmt"/>
          <line num="744" count="0" type="stmt"/>
          <line num="745" count="0" type="stmt"/>
          <line num="746" count="0" type="stmt"/>
          <line num="748" count="0" type="stmt"/>
          <line num="749" count="0" type="stmt"/>
          <line num="750" count="0" type="stmt"/>
          <line num="751" count="0" type="stmt"/>
          <line num="752" count="0" type="stmt"/>
          <line num="754" count="0" type="stmt"/>
          <line num="758" count="0" type="stmt"/>
          <line num="759" count="0" type="stmt"/>
          <line num="760" count="0" type="stmt"/>
          <line num="762" count="0" type="stmt"/>
          <line num="763" count="0" type="stmt"/>
          <line num="765" count="0" type="stmt"/>
          <line num="767" count="0" type="stmt"/>
          <line num="768" count="0" type="stmt"/>
          <line num="769" count="0" type="stmt"/>
          <line num="770" count="0" type="stmt"/>
          <line num="772" count="0" type="stmt"/>
          <line num="773" count="0" type="stmt"/>
          <line num="777" count="0" type="stmt"/>
          <line num="778" count="0" type="stmt"/>
          <line num="782" count="0" type="stmt"/>
          <line num="783" count="0" type="stmt"/>
          <line num="784" count="0" type="stmt"/>
          <line num="787" count="0" type="stmt"/>
          <line num="791" count="0" type="stmt"/>
          <line num="792" count="0" type="stmt"/>
          <line num="793" count="0" type="stmt"/>
          <line num="794" count="0" type="stmt"/>
          <line num="798" count="0" type="stmt"/>
          <line num="799" count="0" type="stmt"/>
          <line num="800" count="0" type="stmt"/>
          <line num="801" count="0" type="stmt"/>
          <line num="802" count="0" type="stmt"/>
          <line num="803" count="0" type="stmt"/>
          <line num="806" count="0" type="stmt"/>
          <line num="807" count="0" type="stmt"/>
          <line num="808" count="0" type="stmt"/>
          <line num="809" count="0" type="stmt"/>
          <line num="810" count="0" type="stmt"/>
          <line num="811" count="0" type="stmt"/>
          <line num="812" count="0" type="stmt"/>
          <line num="815" count="0" type="stmt"/>
          <line num="816" count="0" type="stmt"/>
          <line num="817" count="0" type="stmt"/>
          <line num="821" count="0" type="stmt"/>
          <line num="826" count="0" type="stmt"/>
          <line num="827" count="0" type="stmt"/>
          <line num="828" count="0" type="stmt"/>
          <line num="829" count="0" type="stmt"/>
          <line num="834" count="0" type="stmt"/>
          <line num="835" count="0" type="stmt"/>
          <line num="836" count="0" type="stmt"/>
          <line num="837" count="0" type="stmt"/>
          <line num="842" count="0" type="stmt"/>
          <line num="843" count="0" type="stmt"/>
          <line num="849" count="1" type="stmt"/>
          <line num="851" count="1" type="stmt"/>
          <line num="852" count="0" type="stmt"/>
          <line num="854" count="0" type="stmt"/>
          <line num="855" count="0" type="stmt"/>
          <line num="856" count="0" type="stmt"/>
          <line num="859" count="0" type="stmt"/>
          <line num="860" count="0" type="stmt"/>
          <line num="865" count="0" type="stmt"/>
          <line num="866" count="0" type="stmt"/>
          <line num="870" count="0" type="stmt"/>
          <line num="871" count="0" type="stmt"/>
          <line num="872" count="0" type="stmt"/>
          <line num="875" count="0" type="stmt"/>
          <line num="878" count="1" type="stmt"/>
          <line num="879" count="1" type="stmt"/>
          <line num="880" count="0" type="stmt"/>
          <line num="881" count="0" type="stmt"/>
          <line num="884" count="0" type="stmt"/>
          <line num="886" count="0" type="stmt"/>
          <line num="887" count="0" type="stmt"/>
          <line num="889" count="0" type="stmt"/>
          <line num="890" count="0" type="stmt"/>
          <line num="893" count="0" type="stmt"/>
          <line num="895" count="0" type="stmt"/>
          <line num="898" count="1" type="stmt"/>
          <line num="900" count="1" type="stmt"/>
          <line num="901" count="0" type="stmt"/>
          <line num="902" count="0" type="stmt"/>
          <line num="905" count="0" type="stmt"/>
          <line num="907" count="0" type="stmt"/>
          <line num="908" count="0" type="stmt"/>
          <line num="909" count="0" type="stmt"/>
          <line num="911" count="0" type="stmt"/>
          <line num="912" count="0" type="stmt"/>
          <line num="914" count="0" type="stmt"/>
          <line num="916" count="0" type="stmt"/>
          <line num="919" count="0" type="stmt"/>
          <line num="923" count="1" type="stmt"/>
          <line num="924" count="1" type="stmt"/>
          <line num="925" count="0" type="stmt"/>
          <line num="926" count="0" type="stmt"/>
          <line num="928" count="0" type="stmt"/>
          <line num="930" count="0" type="stmt"/>
          <line num="932" count="0" type="stmt"/>
          <line num="934" count="0" type="stmt"/>
          <line num="937" count="1" type="stmt"/>
          <line num="938" count="0" type="stmt"/>
          <line num="939" count="0" type="stmt"/>
          <line num="940" count="0" type="stmt"/>
          <line num="941" count="0" type="stmt"/>
          <line num="943" count="0" type="stmt"/>
          <line num="946" count="1" type="stmt"/>
          <line num="947" count="0" type="stmt"/>
          <line num="948" count="0" type="stmt"/>
          <line num="949" count="0" type="stmt"/>
          <line num="951" count="0" type="stmt"/>
          <line num="954" count="1" type="stmt"/>
          <line num="955" count="0" type="stmt"/>
          <line num="956" count="0" type="stmt"/>
          <line num="959" count="1" type="stmt"/>
          <line num="960" count="0" type="stmt"/>
          <line num="961" count="0" type="stmt"/>
          <line num="962" count="0" type="stmt"/>
          <line num="965" count="0" type="stmt"/>
          <line num="973" count="1" type="stmt"/>
          <line num="974" count="0" type="stmt"/>
          <line num="975" count="0" type="stmt"/>
          <line num="978" count="1" type="stmt"/>
          <line num="985" count="0" type="stmt"/>
          <line num="987" count="0" type="stmt"/>
          <line num="988" count="0" type="stmt"/>
          <line num="995" count="0" type="stmt"/>
          <line num="996" count="0" type="stmt"/>
          <line num="997" count="0" type="stmt"/>
          <line num="1000" count="0" type="stmt"/>
          <line num="1001" count="0" type="stmt"/>
          <line num="1004" count="0" type="stmt"/>
          <line num="1005" count="0" type="stmt"/>
          <line num="1009" count="0" type="stmt"/>
          <line num="1013" count="0" type="stmt"/>
          <line num="1014" count="0" type="stmt"/>
        </file>
        <file name="index.jsx" path="/Users/cassie/Projects/progressive-web-scaffold/app/components/clippy/index.jsx">
          <metrics statements="36" coveredstatements="10" conditionals="12" coveredconditionals="4" methods="16" coveredmethods="2"/>
          <line num="4" count="1" type="stmt"/>
          <line num="17" count="5" type="stmt"/>
          <line num="18" count="5" type="stmt"/>
          <line num="23" count="5" type="stmt"/>
          <line num="26" count="0" type="stmt"/>
          <line num="27" count="0" type="stmt"/>
          <line num="32" count="0" type="stmt"/>
          <line num="34" count="0" type="stmt"/>
          <line num="35" count="0" type="stmt"/>
          <line num="37" count="0" type="stmt"/>
          <line num="38" count="0" type="stmt"/>
          <line num="39" count="0" type="stmt"/>
          <line num="41" count="0" type="stmt"/>
          <line num="42" count="0" type="stmt"/>
          <line num="43" count="0" type="stmt"/>
          <line num="44" count="0" type="stmt"/>
          <line num="48" count="0" type="stmt"/>
          <line num="49" count="0" type="stmt"/>
          <line num="50" count="0" type="stmt"/>
          <line num="51" count="0" type="stmt"/>
          <line num="55" count="0" type="stmt"/>
          <line num="56" count="0" type="stmt"/>
          <line num="57" count="0" type="stmt"/>
          <line num="58" count="0" type="stmt"/>
          <line num="62" count="0" type="stmt"/>
          <line num="63" count="0" type="stmt"/>
          <line num="66" count="0" type="stmt"/>
          <line num="79" count="5" type="stmt"/>
          <line num="81" count="5" type="stmt"/>
          <line num="82" count="0" type="stmt"/>
          <line num="85" count="5" type="stmt"/>
          <line num="86" count="0" type="stmt"/>
          <line num="89" count="5" type="stmt"/>
          <line num="91" count="5" type="stmt"/>
          <line num="93" count="0" type="stmt"/>
          <line num="118" count="1" type="stmt"/>
        </file>
      </package>
      <package name="progressive-web-scaffold.app.components.grid">
        <metrics statements="31" coveredstatements="31" conditionals="20" coveredconditionals="20" methods="4" coveredmethods="4"/>
        <file name="grid-span.jsx" path="/Users/cassie/Projects/progressive-web-scaffold/app/components/grid/grid-span.jsx">
          <metrics statements="27" coveredstatements="27" conditionals="20" coveredconditionals="20" methods="3" coveredmethods="3"/>
          <line num="4" count="2" type="stmt"/>
          <line num="5" count="2" type="stmt"/>
          <line num="6" count="2" type="stmt"/>
          <line num="7" count="2" type="stmt"/>
          <line num="8" count="2" type="stmt"/>
          <line num="9" count="2" type="stmt"/>
          <line num="11" count="2" type="stmt"/>
          <line num="12" count="159" type="stmt"/>
          <line num="13" count="159" type="stmt"/>
          <line num="14" count="159" type="stmt"/>
          <line num="16" count="159" type="stmt"/>
          <line num="17" count="477" type="stmt"/>
          <line num="18" count="477" type="stmt"/>
          <line num="22" count="477" type="stmt"/>
          <line num="23" count="10" type="stmt"/>
          <line num="28" count="477" type="stmt"/>
          <line num="29" count="467" type="stmt"/>
          <line num="34" count="477" type="stmt"/>
          <line num="35" count="23" type="stmt"/>
          <line num="40" count="477" type="stmt"/>
          <line num="41" count="23" type="stmt"/>
          <line num="45" count="159" type="stmt"/>
          <line num="56" count="2" type="stmt"/>
          <line num="57" count="159" type="stmt"/>
          <line num="61" count="159" type="stmt"/>
          <line num="68" count="2" type="stmt"/>
          <line num="74" count="2" type="stmt"/>
        </file>
        <file name="grid.jsx" path="/Users/cassie/Projects/progressive-web-scaffold/app/components/grid/grid.jsx">
          <metrics statements="4" coveredstatements="4" conditionals="0" coveredconditionals="0" methods="1" coveredmethods="1"/>
          <line num="13" count="2" type="stmt"/>
          <line num="17" count="6" type="stmt"/>
          <line num="19" count="6" type="stmt"/>
          <line num="28" count="2" type="stmt"/>
        </file>
        <file name="index.jsx" path="/Users/cassie/Projects/progressive-web-scaffold/app/components/grid/index.jsx">
          <metrics statements="0" coveredstatements="0" conditionals="0" coveredconditionals="0" methods="0" coveredmethods="0"/>
        </file>
      </package>
      <package name="progressive-web-scaffold.app.components.icon-label-button">
        <metrics statements="5" coveredstatements="2" conditionals="0" coveredconditionals="0" methods="1" coveredmethods="0"/>
        <file name="index.jsx" path="/Users/cassie/Projects/progressive-web-scaffold/app/components/icon-label-button/index.jsx">
          <metrics statements="5" coveredstatements="2" conditionals="0" coveredconditionals="0" methods="1" coveredmethods="0"/>
          <line num="7" count="2" type="stmt"/>
          <line num="8" count="0" type="stmt"/>
          <line num="9" count="0" type="stmt"/>
          <line num="10" count="0" type="stmt"/>
          <line num="17" count="2" type="stmt"/>
        </file>
      </package>
      <package name="progressive-web-scaffold.app.components.logo">
        <metrics statements="3" coveredstatements="3" conditionals="0" coveredconditionals="0" methods="2" coveredmethods="2"/>
        <file name="index.jsx" path="/Users/cassie/Projects/progressive-web-scaffold/app/components/logo/index.jsx">
          <metrics statements="3" coveredstatements="3" conditionals="0" coveredconditionals="0" methods="2" coveredmethods="2"/>
          <line num="7" count="1" type="stmt"/>
          <line num="9" count="1" type="stmt"/>
          <line num="13" count="1" type="stmt"/>
        </file>
      </package>
      <package name="progressive-web-scaffold.app.components.nav-item">
        <metrics statements="10" coveredstatements="0" conditionals="0" coveredconditionals="0" methods="3" coveredmethods="0"/>
        <file name="index.jsx" path="/Users/cassie/Projects/progressive-web-scaffold/app/components/nav-item/index.jsx">
          <metrics statements="10" coveredstatements="0" conditionals="0" coveredconditionals="0" methods="3" coveredmethods="0"/>
          <line num="1" count="0" type="stmt"/>
          <line num="8" count="0" type="stmt"/>
          <line num="10" count="0" type="stmt"/>
          <line num="18" count="0" type="stmt"/>
          <line num="26" count="0" type="stmt"/>
          <line num="27" count="0" type="stmt"/>
          <line num="32" count="0" type="stmt"/>
          <line num="38" count="0" type="stmt"/>
          <line num="39" count="0" type="stmt"/>
          <line num="45" count="0" type="stmt"/>
        </file>
      </package>
      <package name="progressive-web-scaffold.app.components.notification">
        <metrics statements="27" coveredstatements="20" conditionals="12" coveredconditionals="4" methods="10" coveredmethods="5"/>
        <file name="index.jsx" path="/Users/cassie/Projects/progressive-web-scaffold/app/components/notification/index.jsx">
          <metrics statements="27" coveredstatements="20" conditionals="12" coveredconditionals="4" methods="10" coveredmethods="5"/>
          <line num="9" count="1" type="stmt"/>
          <line num="11" count="1" type="stmt"/>
          <line num="15" count="1" type="stmt"/>
          <line num="16" count="1" type="stmt"/>
          <line num="17" count="1" type="stmt"/>
          <line num="24" count="1" type="stmt"/>
          <line num="27" count="1" type="stmt"/>
          <line num="29" count="1" type="stmt"/>
          <line num="31" count="1" type="stmt"/>
          <line num="32" count="1" type="stmt"/>
          <line num="37" count="0" type="stmt"/>
          <line num="41" count="0" type="stmt"/>
          <line num="45" count="0" type="stmt"/>
          <line num="51" count="1" type="stmt"/>
          <line num="52" count="1" type="stmt"/>
          <line num="55" count="0" type="stmt"/>
          <line num="61" count="0" type="stmt"/>
          <line num="67" count="0" type="stmt"/>
          <line num="68" count="0" type="stmt"/>
          <line num="77" count="1" type="stmt"/>
          <line num="79" count="1" type="stmt"/>
          <line num="81" count="1" type="stmt"/>
          <line num="85" count="1" type="stmt"/>
          <line num="89" count="1" type="stmt"/>
          <line num="90" count="1" type="stmt"/>
          <line num="109" count="1" type="stmt"/>
          <line num="115" count="1" type="stmt"/>
        </file>
      </package>
      <package name="progressive-web-scaffold.app.components.notification-manager">
        <metrics statements="6" coveredstatements="0" conditionals="4" coveredconditionals="0" methods="3" coveredmethods="0"/>
        <file name="index.jsx" path="/Users/cassie/Projects/progressive-web-scaffold/app/components/notification-manager/index.jsx">
          <metrics statements="6" coveredstatements="0" conditionals="4" coveredconditionals="0" methods="3" coveredmethods="0"/>
          <line num="1" count="0" type="stmt"/>
          <line num="2" count="0" type="stmt"/>
          <line num="4" count="0" type="stmt"/>
          <line num="8" count="0" type="stmt"/>
          <line num="11" count="0" type="stmt"/>
          <line num="17" count="0" type="stmt"/>
        </file>
      </package>
      <package name="progressive-web-scaffold.app.components.product-item">
        <metrics statements="4" coveredstatements="4" conditionals="8" coveredconditionals="6" methods="1" coveredmethods="1"/>
        <file name="index.jsx" path="/Users/cassie/Projects/progressive-web-scaffold/app/components/product-item/index.jsx">
          <metrics statements="4" coveredstatements="4" conditionals="8" coveredconditionals="6" methods="1" coveredmethods="1"/>
          <line num="9" count="7" type="stmt"/>
          <line num="17" count="7" type="stmt"/>
          <line num="19" count="7" type="stmt"/>
          <line num="54" count="7" type="stmt"/>
        </file>
      </package>
      <package name="progressive-web-scaffold.app.components.speech-to-text">
        <metrics statements="43" coveredstatements="13" conditionals="18" coveredconditionals="4" methods="12" coveredmethods="3"/>
        <file name="index.jsx" path="/Users/cassie/Projects/progressive-web-scaffold/app/components/speech-to-text/index.jsx">
          <metrics statements="43" coveredstatements="13" conditionals="18" coveredconditionals="4" methods="12" coveredmethods="3"/>
          <line num="4" count="3" type="stmt"/>
          <line num="18" count="3" type="stmt"/>
          <line num="19" count="0" type="stmt"/>
          <line num="25" count="5" type="stmt"/>
          <line num="27" count="5" type="stmt"/>
          <line num="32" count="5" type="stmt"/>
          <line num="39" count="1" type="stmt"/>
          <line num="41" count="1" type="stmt"/>
          <line num="42" count="0" type="stmt"/>
          <line num="46" count="0" type="stmt"/>
          <line num="47" count="0" type="stmt"/>
          <line num="48" count="0" type="stmt"/>
          <line num="50" count="0" type="stmt"/>
          <line num="51" count="0" type="stmt"/>
          <line num="57" count="0" type="stmt"/>
          <line num="58" count="0" type="stmt"/>
          <line num="60" count="0" type="stmt"/>
          <line num="64" count="0" type="stmt"/>
          <line num="69" count="0" type="stmt"/>
          <line num="70" count="0" type="stmt"/>
          <line num="76" count="0" type="stmt"/>
          <line num="77" count="0" type="stmt"/>
          <line num="78" count="0" type="stmt"/>
          <line num="80" count="0" type="stmt"/>
          <line num="81" count="0" type="stmt"/>
          <line num="82" count="0" type="stmt"/>
          <line num="84" count="0" type="stmt"/>
          <line num="88" count="0" type="stmt"/>
          <line num="89" count="0" type="stmt"/>
          <line num="91" count="0" type="stmt"/>
          <line num="96" count="0" type="stmt"/>
          <line num="102" count="0" type="stmt"/>
          <line num="103" count="0" type="stmt"/>
          <line num="104" count="0" type="stmt"/>
          <line num="108" count="0" type="stmt"/>
          <line num="109" count="0" type="stmt"/>
          <line num="113" count="0" type="stmt"/>
          <line num="120" count="9" type="stmt"/>
          <line num="125" count="9" type="stmt"/>
          <line num="127" count="9" type="stmt"/>
          <line num="129" count="9" type="stmt"/>
          <line num="142" count="3" type="stmt"/>
          <line num="154" count="3" type="stmt"/>
        </file>
      </package>
      <package name="progressive-web-scaffold.app.containers.app">
        <metrics statements="83" coveredstatements="28" conditionals="10" coveredconditionals="0" methods="33" coveredmethods="4"/>
        <file name="actions.js" path="/Users/cassie/Projects/progressive-web-scaffold/app/containers/app/actions.js">
          <metrics statements="50" coveredstatements="23" conditionals="6" coveredconditionals="0" methods="13" coveredmethods="4"/>
          <line num="9" count="11" type="stmt"/>
          <line num="10" count="11" type="stmt"/>
          <line num="11" count="11" type="stmt"/>
          <line num="18" count="11" type="stmt"/>
          <line num="29" count="11" type="stmt"/>
          <line num="42" count="11" type="stmt"/>
          <line num="43" count="2" type="stmt"/>
          <line num="44" count="2" type="stmt"/>
          <line num="47" count="1" type="stmt"/>
          <line num="48" count="1" type="stmt"/>
          <line num="49" count="1" type="stmt"/>
          <line num="51" count="1" type="stmt"/>
          <line num="55" count="11" type="stmt"/>
          <line num="58" count="11" type="stmt"/>
          <line num="61" count="11" type="stmt"/>
          <line num="62" count="11" type="stmt"/>
          <line num="64" count="11" type="stmt"/>
          <line num="65" count="11" type="stmt"/>
          <line num="67" count="11" type="stmt"/>
          <line num="68" count="11" type="stmt"/>
          <line num="69" count="11" type="stmt"/>
          <line num="71" count="11" type="stmt"/>
          <line num="72" count="0" type="stmt"/>
          <line num="73" count="0" type="stmt"/>
          <line num="74" count="0" type="stmt"/>
          <line num="75" count="0" type="stmt"/>
          <line num="77" count="0" type="stmt"/>
          <line num="83" count="0" type="stmt"/>
          <line num="84" count="0" type="stmt"/>
          <line num="89" count="11" type="stmt"/>
          <line num="90" count="0" type="stmt"/>
          <line num="91" count="0" type="stmt"/>
          <line num="93" count="0" type="stmt"/>
          <line num="103" count="0" type="stmt"/>
          <line num="104" count="0" type="stmt"/>
          <line num="106" count="0" type="stmt"/>
          <line num="108" count="0" type="stmt"/>
          <line num="110" count="0" type="stmt"/>
          <line num="111" count="0" type="stmt"/>
          <line num="114" count="0" type="stmt"/>
          <line num="119" count="0" type="stmt"/>
          <line num="121" count="0" type="stmt"/>
          <line num="125" count="0" type="stmt"/>
          <line num="126" count="0" type="stmt"/>
          <line num="127" count="0" type="stmt"/>
          <line num="128" count="0" type="stmt"/>
          <line num="130" count="0" type="stmt"/>
          <line num="136" count="0" type="stmt"/>
          <line num="139" count="0" type="stmt"/>
          <line num="142" count="0" type="stmt"/>
        </file>
        <file name="constants.js" path="/Users/cassie/Projects/progressive-web-scaffold/app/containers/app/constants.js">
          <metrics statements="4" coveredstatements="4" conditionals="0" coveredconditionals="0" methods="0" coveredmethods="0"/>
          <line num="4" count="12" type="stmt"/>
          <line num="5" count="12" type="stmt"/>
          <line num="6" count="12" type="stmt"/>
          <line num="7" count="12" type="stmt"/>
        </file>
        <file name="reducer.js" path="/Users/cassie/Projects/progressive-web-scaffold/app/containers/app/reducer.js">
          <metrics statements="29" coveredstatements="1" conditionals="4" coveredconditionals="0" methods="20" coveredmethods="0"/>
          <line num="7" count="1" type="stmt"/>
          <line num="21" count="0" type="stmt"/>
          <line num="24" count="0" type="stmt"/>
          <line num="27" count="0" type="stmt"/>
          <line num="29" count="0" type="stmt"/>
          <line num="30" count="0" type="stmt"/>
          <line num="33" count="0" type="stmt"/>
          <line num="34" count="0" type="stmt"/>
          <line num="36" count="0" type="stmt"/>
          <line num="41" count="0" type="stmt"/>
          <line num="42" count="0" type="stmt"/>
          <line num="46" count="0" type="stmt"/>
          <line num="49" count="0" type="stmt"/>
          <line num="52" count="0" type="stmt"/>
          <line num="55" count="0" type="stmt"/>
          <line num="56" count="0" type="stmt"/>
          <line num="63" count="0" type="stmt"/>
          <line num="64" count="0" type="stmt"/>
          <line num="75" count="0" type="stmt"/>
          <line num="76" count="0" type="stmt"/>
          <line num="77" count="0" type="stmt"/>
          <line num="79" count="0" type="stmt"/>
          <line num="80" count="0" type="stmt"/>
          <line num="83" count="0" type="stmt"/>
          <line num="86" count="0" type="stmt"/>
          <line num="89" count="0" type="stmt"/>
          <line num="91" count="0" type="stmt"/>
          <line num="94" count="0" type="stmt"/>
          <line num="97" count="0" type="stmt"/>
        </file>
      </package>
      <package name="progressive-web-scaffold.app.containers.cart">
        <metrics statements="25" coveredstatements="10" conditionals="0" coveredconditionals="0" methods="8" coveredmethods="2"/>
        <file name="actions.js" path="/Users/cassie/Projects/progressive-web-scaffold/app/containers/cart/actions.js">
          <metrics statements="22" coveredstatements="7" conditionals="0" coveredconditionals="0" methods="6" coveredmethods="0"/>
          <line num="11" count="16" type="stmt"/>
          <line num="15" count="16" type="stmt"/>
          <line num="16" count="16" type="stmt"/>
          <line num="17" count="16" type="stmt"/>
          <line num="22" count="16" type="stmt"/>
          <line num="23" count="0" type="stmt"/>
          <line num="26" count="0" type="stmt"/>
          <line num="27" count="0" type="stmt"/>
          <line num="28" count="0" type="stmt"/>
          <line num="42" count="16" type="stmt"/>
          <line num="43" count="0" type="stmt"/>
          <line num="44" count="0" type="stmt"/>
          <line num="46" count="0" type="stmt"/>
          <line num="50" count="0" type="stmt"/>
          <line num="51" count="0" type="stmt"/>
          <line num="65" count="16" type="stmt"/>
          <line num="66" count="0" type="stmt"/>
          <line num="67" count="0" type="stmt"/>
          <line num="68" count="0" type="stmt"/>
          <line num="70" count="0" type="stmt"/>
          <line num="74" count="0" type="stmt"/>
          <line num="75" count="0" type="stmt"/>
        </file>
        <file name="reducer.js" path="/Users/cassie/Projects/progressive-web-scaffold/app/containers/cart/reducer.js">
          <metrics statements="3" coveredstatements="3" conditionals="0" coveredconditionals="0" methods="2" coveredmethods="2"/>
          <line num="5" count="1" type="stmt"/>
          <line num="29" count="2" type="stmt"/>
          <line num="36" count="2" type="stmt"/>
        </file>
      </package>
      <package name="progressive-web-scaffold.app.containers.cart.parser">
        <metrics statements="18" coveredstatements="18" conditionals="7" coveredconditionals="7" methods="5" coveredmethods="5"/>
        <file name="parser.js" path="/Users/cassie/Projects/progressive-web-scaffold/app/containers/cart/parser/parser.js">
          <metrics statements="18" coveredstatements="18" conditionals="7" coveredconditionals="7" methods="5" coveredmethods="5"/>
          <line num="2" count="17" type="stmt"/>
          <line num="3" count="4" type="stmt"/>
          <line num="4" count="4" type="stmt"/>
          <line num="5" count="4" type="stmt"/>
          <line num="8" count="17" type="stmt"/>
          <line num="9" count="12" type="stmt"/>
          <line num="10" count="1" type="stmt"/>
          <line num="12" count="11" type="stmt"/>
          <line num="15" count="17" type="stmt"/>
          <line num="16" count="31" type="stmt"/>
          <line num="20" count="3" type="stmt"/>
          <line num="22" count="1" type="stmt"/>
          <line num="23" count="1" type="stmt"/>
          <line num="24" count="12" type="stmt"/>
          <line num="26" count="1" type="stmt"/>
          <line num="29" count="27" type="stmt"/>
          <line num="33" count="17" type="stmt"/>
          <line num="34" count="1" type="stmt"/>
        </file>
      </package>
      <package name="progressive-web-scaffold.app.containers.cart.partials">
        <metrics statements="36" coveredstatements="36" conditionals="6" coveredconditionals="6" methods="12" coveredmethods="12"/>
        <file name="cart-estimate-shipping.jsx" path="/Users/cassie/Projects/progressive-web-scaffold/app/containers/cart/partials/cart-estimate-shipping.jsx">
          <metrics statements="6" coveredstatements="6" conditionals="0" coveredconditionals="0" methods="3" coveredmethods="3"/>
          <line num="11" count="1" type="stmt"/>
          <line num="16" count="3" type="stmt"/>
          <line num="17" count="3" type="stmt"/>
          <line num="38" count="2" type="stmt"/>
          <line num="51" count="2" type="stmt"/>
          <line num="75" count="1" type="stmt"/>
        </file>
        <file name="cart-help.jsx" path="/Users/cassie/Projects/progressive-web-scaffold/app/containers/cart/partials/cart-help.jsx">
          <metrics statements="3" coveredstatements="3" conditionals="0" coveredconditionals="0" methods="1" coveredmethods="1"/>
          <line num="6" count="1" type="stmt"/>
          <line num="7" count="2" type="stmt"/>
          <line num="26" count="1" type="stmt"/>
        </file>
        <file name="cart-product-list.jsx" path="/Users/cassie/Projects/progressive-web-scaffold/app/containers/cart/partials/cart-product-list.jsx">
          <metrics statements="10" coveredstatements="10" conditionals="4" coveredconditionals="4" methods="4" coveredmethods="4"/>
          <line num="13" count="1" type="stmt"/>
          <line num="15" count="1" type="stmt"/>
          <line num="16" count="3" type="stmt"/>
          <line num="19" count="1" type="stmt"/>
          <line num="20" count="2" type="stmt"/>
          <line num="31" count="1" type="stmt"/>
          <line num="32" count="3" type="stmt"/>
          <line num="34" count="3" type="stmt"/>
          <line num="53" count="1" type="stmt"/>
          <line num="112" count="1" type="stmt"/>
        </file>
        <file name="cart-promo-form.jsx" path="/Users/cassie/Projects/progressive-web-scaffold/app/containers/cart/partials/cart-promo-form.jsx">
          <metrics statements="9" coveredstatements="9" conditionals="2" coveredconditionals="2" methods="2" coveredmethods="2"/>
          <line num="8" count="1" type="stmt"/>
          <line num="9" count="1" type="stmt"/>
          <line num="10" count="1" type="stmt"/>
          <line num="32" count="1" type="stmt"/>
          <line num="49" count="1" type="stmt"/>
          <line num="50" count="1" type="stmt"/>
          <line num="52" count="1" type="stmt"/>
          <line num="57" count="1" type="stmt"/>
          <line num="60" count="1" type="stmt"/>
        </file>
        <file name="cart-summary.jsx" path="/Users/cassie/Projects/progressive-web-scaffold/app/containers/cart/partials/cart-summary.jsx">
          <metrics statements="4" coveredstatements="4" conditionals="0" coveredconditionals="0" methods="1" coveredmethods="1"/>
          <line num="8" count="1" type="stmt"/>
          <line num="10" count="2" type="stmt"/>
          <line num="15" count="2" type="stmt"/>
          <line num="73" count="1" type="stmt"/>
        </file>
        <file name="cart-wishlist.jsx" path="/Users/cassie/Projects/progressive-web-scaffold/app/containers/cart/partials/cart-wishlist.jsx">
          <metrics statements="4" coveredstatements="4" conditionals="0" coveredconditionals="0" methods="1" coveredmethods="1"/>
          <line num="8" count="1" type="stmt"/>
          <line num="9" count="3" type="stmt"/>
          <line num="10" count="3" type="stmt"/>
          <line num="49" count="1" type="stmt"/>
        </file>
      </package>
      <package name="progressive-web-scaffold.app.containers.catalog">
        <metrics statements="3" coveredstatements="0" conditionals="4" coveredconditionals="0" methods="1" coveredmethods="0"/>
        <file name="reducer.js" path="/Users/cassie/Projects/progressive-web-scaffold/app/containers/catalog/reducer.js">
          <metrics statements="3" coveredstatements="0" conditionals="4" coveredconditionals="0" methods="1" coveredmethods="0"/>
          <line num="1" count="0" type="stmt"/>
          <line num="3" count="0" type="stmt"/>
          <line num="5" count="0" type="stmt"/>
        </file>
      </package>
      <package name="progressive-web-scaffold.app.containers.catalog.products">
        <metrics statements="34" coveredstatements="17" conditionals="8" coveredconditionals="0" methods="8" coveredmethods="5"/>
        <file name="parser.js" path="/Users/cassie/Projects/progressive-web-scaffold/app/containers/catalog/products/parser.js">
          <metrics statements="17" coveredstatements="17" conditionals="0" coveredconditionals="0" methods="5" coveredmethods="5"/>
          <line num="4" count="12" type="stmt"/>
          <line num="5" count="1" type="stmt"/>
          <line num="7" count="3" type="stmt"/>
          <line num="8" count="1" type="stmt"/>
          <line num="11" count="12" type="stmt"/>
          <line num="12" count="1" type="stmt"/>
          <line num="13" count="1" type="stmt"/>
          <line num="14" count="1" type="stmt"/>
          <line num="15" count="7" type="stmt"/>
          <line num="16" count="7" type="stmt"/>
          <line num="17" count="7" type="stmt"/>
          <line num="18" count="7" type="stmt"/>
          <line num="31" count="1" type="stmt"/>
          <line num="34" count="12" type="stmt"/>
          <line num="35" count="1" type="stmt"/>
          <line num="36" count="1" type="stmt"/>
          <line num="37" count="1" type="stmt"/>
        </file>
        <file name="reducer.js" path="/Users/cassie/Projects/progressive-web-scaffold/app/containers/catalog/products/reducer.js">
          <metrics statements="17" coveredstatements="0" conditionals="8" coveredconditionals="0" methods="3" coveredmethods="0"/>
          <line num="1" count="0" type="stmt"/>
          <line num="14" count="0" type="stmt"/>
          <line num="33" count="0" type="stmt"/>
          <line num="37" count="0" type="stmt"/>
          <line num="38" count="0" type="stmt"/>
          <line num="39" count="0" type="stmt"/>
          <line num="40" count="0" type="stmt"/>
          <line num="41" count="0" type="stmt"/>
          <line num="43" count="0" type="stmt"/>
          <line num="46" count="0" type="stmt"/>
          <line num="47" count="0" type="stmt"/>
          <line num="48" count="0" type="stmt"/>
          <line num="51" count="0" type="stmt"/>
          <line num="53" count="0" type="stmt"/>
          <line num="59" count="0" type="stmt"/>
          <line num="60" count="0" type="stmt"/>
          <line num="62" count="0" type="stmt"/>
        </file>
      </package>
      <package name="progressive-web-scaffold.app.containers.checkout-confirmation">
        <metrics statements="18" coveredstatements="14" conditionals="0" coveredconditionals="0" methods="10" coveredmethods="7"/>
        <file name="actions.js" path="/Users/cassie/Projects/progressive-web-scaffold/app/containers/checkout-confirmation/actions.js">
          <metrics statements="11" coveredstatements="11" conditionals="0" coveredconditionals="0" methods="6" coveredmethods="6"/>
          <line num="5" count="2" type="stmt"/>
          <line num="6" count="2" type="stmt"/>
          <line num="7" count="2" type="stmt"/>
          <line num="9" count="2" type="stmt"/>
          <line num="10" count="2" type="stmt"/>
          <line num="11" count="1" type="stmt"/>
          <line num="13" count="1" type="stmt"/>
          <line num="18" count="2" type="stmt"/>
          <line num="19" count="1" type="stmt"/>
          <line num="20" count="1" type="stmt"/>
          <line num="21" count="1" type="stmt"/>
        </file>
        <file name="checkout-confirmation-parser.js" path="/Users/cassie/Projects/progressive-web-scaffold/app/containers/checkout-confirmation/checkout-confirmation-parser.js">
          <metrics statements="3" coveredstatements="1" conditionals="0" coveredconditionals="0" methods="1" coveredmethods="0"/>
          <line num="1" count="2" type="stmt"/>
          <line num="2" count="0" type="stmt"/>
          <line num="4" count="0" type="stmt"/>
        </file>
        <file name="reducer.js" path="/Users/cassie/Projects/progressive-web-scaffold/app/containers/checkout-confirmation/reducer.js">
          <metrics statements="4" coveredstatements="2" conditionals="0" coveredconditionals="0" methods="3" coveredmethods="1"/>
          <line num="5" count="1" type="stmt"/>
          <line num="16" count="1" type="stmt"/>
          <line num="19" count="0" type="stmt"/>
          <line num="22" count="0" type="stmt"/>
        </file>
      </package>
      <package name="progressive-web-scaffold.app.containers.checkout-confirmation.partials">
        <metrics statements="16" coveredstatements="0" conditionals="20" coveredconditionals="0" methods="6" coveredmethods="0"/>
        <file name="checkout-confirmation-form.jsx" path="/Users/cassie/Projects/progressive-web-scaffold/app/containers/checkout-confirmation/partials/checkout-confirmation-form.jsx">
          <metrics statements="11" coveredstatements="0" conditionals="16" coveredconditionals="0" methods="4" coveredmethods="0"/>
          <line num="1" count="0" type="stmt"/>
          <line num="6" count="0" type="stmt"/>
          <line num="8" count="0" type="stmt"/>
          <line num="15" count="0" type="stmt"/>
          <line num="38" count="0" type="stmt"/>
          <line num="55" count="0" type="stmt"/>
          <line num="56" count="0" type="stmt"/>
          <line num="57" count="0" type="stmt"/>
          <line num="58" count="0" type="stmt"/>
          <line num="60" count="0" type="stmt"/>
          <line num="63" count="0" type="stmt"/>
        </file>
        <file name="checkout-confirmation-modal.jsx" path="/Users/cassie/Projects/progressive-web-scaffold/app/containers/checkout-confirmation/partials/checkout-confirmation-modal.jsx">
          <metrics statements="5" coveredstatements="0" conditionals="4" coveredconditionals="0" methods="2" coveredmethods="0"/>
          <line num="1" count="0" type="stmt"/>
          <line num="6" count="0" type="stmt"/>
          <line num="8" count="0" type="stmt"/>
          <line num="14" count="0" type="stmt"/>
          <line num="45" count="0" type="stmt"/>
        </file>
      </package>
      <package name="progressive-web-scaffold.app.containers.checkout-payment">
        <metrics statements="18" coveredstatements="14" conditionals="0" coveredconditionals="0" methods="10" coveredmethods="7"/>
        <file name="actions.js" path="/Users/cassie/Projects/progressive-web-scaffold/app/containers/checkout-payment/actions.js">
          <metrics statements="11" coveredstatements="11" conditionals="0" coveredconditionals="0" methods="6" coveredmethods="6"/>
          <line num="5" count="2" type="stmt"/>
          <line num="6" count="2" type="stmt"/>
          <line num="7" count="2" type="stmt"/>
          <line num="9" count="2" type="stmt"/>
          <line num="10" count="2" type="stmt"/>
          <line num="11" count="1" type="stmt"/>
          <line num="13" count="1" type="stmt"/>
          <line num="18" count="2" type="stmt"/>
          <line num="19" count="1" type="stmt"/>
          <line num="20" count="1" type="stmt"/>
          <line num="21" count="1" type="stmt"/>
        </file>
        <file name="checkout-payment-parser.js" path="/Users/cassie/Projects/progressive-web-scaffold/app/containers/checkout-payment/checkout-payment-parser.js">
          <metrics statements="3" coveredstatements="1" conditionals="0" coveredconditionals="0" methods="1" coveredmethods="0"/>
          <line num="1" count="2" type="stmt"/>
          <line num="2" count="0" type="stmt"/>
          <line num="4" count="0" type="stmt"/>
        </file>
        <file name="reducer.js" path="/Users/cassie/Projects/progressive-web-scaffold/app/containers/checkout-payment/reducer.js">
          <metrics statements="4" coveredstatements="2" conditionals="0" coveredconditionals="0" methods="3" coveredmethods="1"/>
          <line num="5" count="1" type="stmt"/>
          <line num="17" count="1" type="stmt"/>
          <line num="20" count="0" type="stmt"/>
          <line num="23" count="0" type="stmt"/>
        </file>
      </package>
      <package name="progressive-web-scaffold.app.containers.checkout-payment.partials">
        <metrics statements="29" coveredstatements="0" conditionals="29" coveredconditionals="0" methods="8" coveredmethods="0"/>
        <file name="checkout-payment-form.jsx" path="/Users/cassie/Projects/progressive-web-scaffold/app/containers/checkout-payment/partials/checkout-payment-form.jsx">
          <metrics statements="25" coveredstatements="0" conditionals="25" coveredconditionals="0" methods="6" coveredmethods="0"/>
          <line num="1" count="0" type="stmt"/>
          <line num="12" count="0" type="stmt"/>
          <line num="14" count="0" type="stmt"/>
          <line num="22" count="0" type="stmt"/>
          <line num="23" count="0" type="stmt"/>
          <line num="24" count="0" type="stmt"/>
          <line num="25" count="0" type="stmt"/>
          <line num="27" count="0" type="stmt"/>
          <line num="51" count="0" type="stmt"/>
          <line num="52" count="0" type="stmt"/>
          <line num="54" count="0" type="stmt"/>
          <line num="100" count="0" type="stmt"/>
          <line num="102" count="0" type="stmt"/>
          <line num="109" count="0" type="stmt"/>
          <line num="121" count="0" type="stmt"/>
          <line num="123" count="0" type="stmt"/>
          <line num="215" count="0" type="stmt"/>
          <line num="226" count="0" type="stmt"/>
          <line num="245" count="0" type="stmt"/>
          <line num="282" count="0" type="stmt"/>
          <line num="283" count="0" type="stmt"/>
          <line num="284" count="0" type="stmt"/>
          <line num="285" count="0" type="stmt"/>
          <line num="287" count="0" type="stmt"/>
          <line num="290" count="0" type="stmt"/>
        </file>
        <file name="checkout-payment-product-list.jsx" path="/Users/cassie/Projects/progressive-web-scaffold/app/containers/checkout-payment/partials/checkout-payment-product-list.jsx">
          <metrics statements="4" coveredstatements="0" conditionals="4" coveredconditionals="0" methods="2" coveredmethods="0"/>
          <line num="1" count="0" type="stmt"/>
          <line num="12" count="0" type="stmt"/>
          <line num="14" count="0" type="stmt"/>
          <line num="159" count="0" type="stmt"/>
        </file>
      </package>
      <package name="progressive-web-scaffold.app.containers.checkout-shipping">
        <metrics statements="19" coveredstatements="15" conditionals="0" coveredconditionals="0" methods="11" coveredmethods="8"/>
        <file name="actions.js" path="/Users/cassie/Projects/progressive-web-scaffold/app/containers/checkout-shipping/actions.js">
          <metrics statements="13" coveredstatements="11" conditionals="0" coveredconditionals="0" methods="8" coveredmethods="6"/>
          <line num="6" count="2" type="stmt"/>
          <line num="7" count="2" type="stmt"/>
          <line num="9" count="2" type="stmt"/>
          <line num="10" count="2" type="stmt"/>
          <line num="11" count="1" type="stmt"/>
          <line num="13" count="1" type="stmt"/>
          <line num="18" count="2" type="stmt"/>
          <line num="19" count="1" type="stmt"/>
          <line num="20" count="1" type="stmt"/>
          <line num="21" count="1" type="stmt"/>
          <line num="25" count="2" type="stmt"/>
          <line num="26" count="0" type="stmt"/>
          <line num="27" count="0" type="stmt"/>
        </file>
        <file name="checkout-shipping-parser.js" path="/Users/cassie/Projects/progressive-web-scaffold/app/containers/checkout-shipping/checkout-shipping-parser.js">
          <metrics statements="3" coveredstatements="1" conditionals="0" coveredconditionals="0" methods="1" coveredmethods="0"/>
          <line num="1" count="2" type="stmt"/>
          <line num="2" count="0" type="stmt"/>
          <line num="4" count="0" type="stmt"/>
        </file>
        <file name="reducer.js" path="/Users/cassie/Projects/progressive-web-scaffold/app/containers/checkout-shipping/reducer.js">
          <metrics statements="3" coveredstatements="3" conditionals="0" coveredconditionals="0" methods="2" coveredmethods="2"/>
          <line num="5" count="1" type="stmt"/>
          <line num="13" count="1" type="stmt"/>
          <line num="16" count="1" type="stmt"/>
        </file>
      </package>
      <package name="progressive-web-scaffold.app.containers.checkout-shipping.partials">
        <metrics statements="21" coveredstatements="20" conditionals="12" coveredconditionals="9" methods="5" coveredmethods="5"/>
        <file name="checkout-shipping-form.jsx" path="/Users/cassie/Projects/progressive-web-scaffold/app/containers/checkout-shipping/partials/checkout-shipping-form.jsx">
          <metrics statements="21" coveredstatements="20" conditionals="12" coveredconditionals="9" methods="5" coveredmethods="5"/>
          <line num="11" count="1" type="stmt"/>
          <line num="13" count="1" type="stmt"/>
          <line num="17" count="1" type="stmt"/>
          <line num="19" count="1" type="stmt"/>
          <line num="53" count="1" type="stmt"/>
          <line num="55" count="1" type="stmt"/>
          <line num="67" count="1" type="stmt"/>
          <line num="73" count="1" type="stmt"/>
          <line num="181" count="1" type="stmt"/>
          <line num="183" count="1" type="stmt"/>
          <line num="189" count="1" type="stmt"/>
          <line num="212" count="1" type="stmt"/>
          <line num="220" count="1" type="stmt"/>
          <line num="222" count="1" type="stmt"/>
          <line num="238" count="1" type="stmt"/>
          <line num="267" count="1" type="stmt"/>
          <line num="268" count="1" type="stmt"/>
          <line num="269" count="1" type="stmt"/>
          <line num="270" count="0" type="stmt"/>
          <line num="272" count="1" type="stmt"/>
          <line num="275" count="1" type="stmt"/>
        </file>
      </package>
      <package name="progressive-web-scaffold.app.containers.footer">
        <metrics statements="23" coveredstatements="18" conditionals="2" coveredconditionals="0" methods="8" coveredmethods="6"/>
        <file name="actions.js" path="/Users/cassie/Projects/progressive-web-scaffold/app/containers/footer/actions.js">
          <metrics statements="15" coveredstatements="10" conditionals="2" coveredconditionals="0" methods="6" coveredmethods="4"/>
          <line num="5" count="2" type="stmt"/>
          <line num="9" count="2" type="stmt"/>
          <line num="10" count="2" type="stmt"/>
          <line num="12" count="2" type="stmt"/>
          <line num="13" count="1" type="stmt"/>
          <line num="16" count="2" type="stmt"/>
          <line num="17" count="1" type="stmt"/>
          <line num="20" count="2" type="stmt"/>
          <line num="26" count="2" type="stmt"/>
          <line num="27" count="2" type="stmt"/>
          <line num="28" count="0" type="stmt"/>
          <line num="29" count="0" type="stmt"/>
          <line num="32" count="0" type="stmt"/>
          <line num="33" count="0" type="stmt"/>
          <line num="34" count="0" type="stmt"/>
        </file>
        <file name="constants.js" path="/Users/cassie/Projects/progressive-web-scaffold/app/containers/footer/constants.js">
          <metrics statements="3" coveredstatements="3" conditionals="0" coveredconditionals="0" methods="0" coveredmethods="0"/>
          <line num="1" count="2" type="stmt"/>
          <line num="2" count="2" type="stmt"/>
          <line num="3" count="2" type="stmt"/>
        </file>
        <file name="reducer.js" path="/Users/cassie/Projects/progressive-web-scaffold/app/containers/footer/reducer.js">
          <metrics statements="5" coveredstatements="5" conditionals="0" coveredconditionals="0" methods="2" coveredmethods="2"/>
          <line num="8" count="1" type="stmt"/>
          <line num="17" count="1" type="stmt"/>
          <line num="20" count="1" type="stmt"/>
          <line num="21" count="1" type="stmt"/>
          <line num="28" count="1" type="stmt"/>
        </file>
      </package>
      <package name="progressive-web-scaffold.app.containers.footer.parsers">
        <metrics statements="10" coveredstatements="10" conditionals="0" coveredconditionals="0" methods="3" coveredmethods="3"/>
        <file name="parser.js" path="/Users/cassie/Projects/progressive-web-scaffold/app/containers/footer/parsers/parser.js">
          <metrics statements="10" coveredstatements="10" conditionals="0" coveredconditionals="0" methods="3" coveredmethods="3"/>
          <line num="2" count="2" type="stmt"/>
          <line num="3" count="2" type="stmt"/>
          <line num="4" count="2" type="stmt"/>
          <line num="5" count="2" type="stmt"/>
          <line num="6" count="2" type="stmt"/>
          <line num="9" count="2" type="stmt"/>
          <line num="10" count="2" type="stmt"/>
          <line num="11" count="2" type="stmt"/>
          <line num="12" count="10" type="stmt"/>
          <line num="13" count="10" type="stmt"/>
        </file>
      </package>
      <package name="progressive-web-scaffold.app.containers.footer.partials">
        <metrics statements="27" coveredstatements="0" conditionals="27" coveredconditionals="0" methods="11" coveredmethods="0"/>
        <file name="footer-navigation.jsx" path="/Users/cassie/Projects/progressive-web-scaffold/app/containers/footer/partials/footer-navigation.jsx">
          <metrics statements="7" coveredstatements="0" conditionals="5" coveredconditionals="0" methods="3" coveredmethods="0"/>
          <line num="1" count="0" type="stmt"/>
          <line num="6" count="0" type="stmt"/>
          <line num="8" count="0" type="stmt"/>
          <line num="9" count="0" type="stmt"/>
          <line num="12" count="0" type="stmt"/>
          <line num="13" count="0" type="stmt"/>
          <line num="32" count="0" type="stmt"/>
        </file>
        <file name="footer-newsletter-subscription.jsx" path="/Users/cassie/Projects/progressive-web-scaffold/app/containers/footer/partials/footer-newsletter-subscription.jsx">
          <metrics statements="5" coveredstatements="0" conditionals="4" coveredconditionals="0" methods="2" coveredmethods="0"/>
          <line num="1" count="0" type="stmt"/>
          <line num="3" count="0" type="stmt"/>
          <line num="5" count="0" type="stmt"/>
          <line num="6" count="0" type="stmt"/>
          <line num="19" count="0" type="stmt"/>
        </file>
        <file name="footer-social-icons.jsx" path="/Users/cassie/Projects/progressive-web-scaffold/app/containers/footer/partials/footer-social-icons.jsx">
          <metrics statements="4" coveredstatements="0" conditionals="0" coveredconditionals="0" methods="2" coveredmethods="0"/>
          <line num="1" count="0" type="stmt"/>
          <line num="4" count="0" type="stmt"/>
          <line num="5" count="0" type="stmt"/>
          <line num="18" count="0" type="stmt"/>
        </file>
        <file name="newsletter-form.jsx" path="/Users/cassie/Projects/progressive-web-scaffold/app/containers/footer/partials/newsletter-form.jsx">
          <metrics statements="11" coveredstatements="0" conditionals="18" coveredconditionals="0" methods="4" coveredmethods="0"/>
          <line num="1" count="0" type="stmt"/>
          <line num="6" count="0" type="stmt"/>
          <line num="8" count="0" type="stmt"/>
          <line num="10" count="0" type="stmt"/>
          <line num="31" count="0" type="stmt"/>
          <line num="48" count="0" type="stmt"/>
          <line num="49" count="0" type="stmt"/>
          <line num="50" count="0" type="stmt"/>
          <line num="51" count="0" type="stmt"/>
          <line num="53" count="0" type="stmt"/>
          <line num="56" count="0" type="stmt"/>
        </file>
      </package>
      <package name="progressive-web-scaffold.app.containers.header">
        <metrics statements="5" coveredstatements="4" conditionals="0" coveredconditionals="0" methods="2" coveredmethods="1"/>
        <file name="actions.js" path="/Users/cassie/Projects/progressive-web-scaffold/app/containers/header/actions.js">
          <metrics statements="1" coveredstatements="1" conditionals="0" coveredconditionals="0" methods="0" coveredmethods="0"/>
          <line num="4" count="1" type="stmt"/>
        </file>
        <file name="reducer.js" path="/Users/cassie/Projects/progressive-web-scaffold/app/containers/header/reducer.js">
          <metrics statements="4" coveredstatements="3" conditionals="0" coveredconditionals="0" methods="2" coveredmethods="1"/>
          <line num="6" count="1" type="stmt"/>
          <line num="11" count="1" type="stmt"/>
          <line num="14" count="3" type="stmt"/>
          <line num="18" count="0" type="stmt"/>
        </file>
      </package>
      <package name="progressive-web-scaffold.app.containers.header.partials">
        <metrics statements="20" coveredstatements="0" conditionals="6" coveredconditionals="0" methods="7" coveredmethods="0"/>
        <file name="cart-action.jsx" path="/Users/cassie/Projects/progressive-web-scaffold/app/containers/header/partials/cart-action.jsx">
          <metrics statements="8" coveredstatements="0" conditionals="2" coveredconditionals="0" methods="2" coveredmethods="0"/>
          <line num="1" count="0" type="stmt"/>
          <line num="8" count="0" type="stmt"/>
          <line num="10" count="0" type="stmt"/>
          <line num="11" count="0" type="stmt"/>
          <line num="17" count="0" type="stmt"/>
          <line num="23" count="0" type="stmt"/>
          <line num="27" count="0" type="stmt"/>
          <line num="36" count="0" type="stmt"/>
        </file>
        <file name="header-title.jsx" path="/Users/cassie/Projects/progressive-web-scaffold/app/containers/header/partials/header-title.jsx">
          <metrics statements="6" coveredstatements="0" conditionals="4" coveredconditionals="0" methods="3" coveredmethods="0"/>
          <line num="1" count="0" type="stmt"/>
          <line num="8" count="0" type="stmt"/>
          <line num="10" count="0" type="stmt"/>
          <line num="11" count="0" type="stmt"/>
          <line num="15" count="0" type="stmt"/>
          <line num="29" count="0" type="stmt"/>
        </file>
        <file name="navigation-action.jsx" path="/Users/cassie/Projects/progressive-web-scaffold/app/containers/header/partials/navigation-action.jsx">
          <metrics statements="3" coveredstatements="0" conditionals="0" coveredconditionals="0" methods="1" coveredmethods="0"/>
          <line num="1" count="0" type="stmt"/>
          <line num="7" count="0" type="stmt"/>
          <line num="17" count="0" type="stmt"/>
        </file>
        <file name="stores-action.jsx" path="/Users/cassie/Projects/progressive-web-scaffold/app/containers/header/partials/stores-action.jsx">
          <metrics statements="3" coveredstatements="0" conditionals="0" coveredconditionals="0" methods="1" coveredmethods="0"/>
          <line num="1" count="0" type="stmt"/>
          <line num="7" count="0" type="stmt"/>
          <line num="15" count="0" type="stmt"/>
        </file>
      </package>
      <package name="progressive-web-scaffold.app.containers.home">
        <metrics statements="6" coveredstatements="2" conditionals="2" coveredconditionals="0" methods="1" coveredmethods="0"/>
        <file name="actions.js" path="/Users/cassie/Projects/progressive-web-scaffold/app/containers/home/actions.js">
          <metrics statements="0" coveredstatements="0" conditionals="0" coveredconditionals="0" methods="0" coveredmethods="0"/>
        </file>
        <file name="reducer.js" path="/Users/cassie/Projects/progressive-web-scaffold/app/containers/home/reducer.js">
          <metrics statements="6" coveredstatements="2" conditionals="2" coveredconditionals="0" methods="1" coveredmethods="0"/>
          <line num="9" count="1" type="stmt"/>
          <line num="11" count="1" type="stmt"/>
          <line num="18" count="0" type="stmt"/>
          <line num="20" count="0" type="stmt"/>
          <line num="21" count="0" type="stmt"/>
          <line num="23" count="0" type="stmt"/>
        </file>
      </package>
      <package name="progressive-web-scaffold.app.containers.home.parsers">
        <metrics statements="10" coveredstatements="10" conditionals="0" coveredconditionals="0" methods="3" coveredmethods="3"/>
        <file name="home.js" path="/Users/cassie/Projects/progressive-web-scaffold/app/containers/home/parsers/home.js">
          <metrics statements="10" coveredstatements="10" conditionals="0" coveredconditionals="0" methods="3" coveredmethods="3"/>
          <line num="3" count="2" type="stmt"/>
          <line num="4" count="1" type="stmt"/>
          <line num="5" count="1" type="stmt"/>
          <line num="6" count="6" type="stmt"/>
          <line num="7" count="6" type="stmt"/>
          <line num="14" count="1" type="stmt"/>
          <line num="15" count="1" type="stmt"/>
[...]
          <line num="39" count="0" type="stmt"/>
          <line num="82" count="2" type="stmt"/>
          <line num="98" count="0" type="stmt"/>
          <line num="100" count="0" type="stmt"/>
          <line num="104" count="0" type="stmt"/>
          <line num="105" count="0" type="stmt"/>
          <line num="132" count="2" type="stmt"/>
          <line num="149" count="2" type="stmt"/>
        </file>
      </package>
      <package name="progressive-web-scaffold.app.containers.mini-cart">
        <metrics statements="9" coveredstatements="7" conditionals="0" coveredconditionals="0" methods="5" coveredmethods="3"/>
        <file name="actions.js" path="/Users/cassie/Projects/progressive-web-scaffold/app/containers/mini-cart/actions.js">
          <metrics statements="5" coveredstatements="3" conditionals="0" coveredconditionals="0" methods="2" coveredmethods="0"/>
          <line num="4" count="2" type="stmt"/>
          <line num="5" count="2" type="stmt"/>
          <line num="7" count="2" type="stmt"/>
          <line num="8" count="0" type="stmt"/>
          <line num="9" count="0" type="stmt"/>
        </file>
        <file name="reducer.js" path="/Users/cassie/Projects/progressive-web-scaffold/app/containers/mini-cart/reducer.js">
          <metrics statements="4" coveredstatements="4" conditionals="0" coveredconditionals="0" methods="3" coveredmethods="3"/>
          <line num="6" count="1" type="stmt"/>
          <line num="21" count="2" type="stmt"/>
          <line num="27" count="1" type="stmt"/>
          <line num="31" count="1" type="stmt"/>
        </file>
      </package>
      <package name="progressive-web-scaffold.app.containers.navigation">
        <metrics statements="9" coveredstatements="9" conditionals="0" coveredconditionals="0" methods="3" coveredmethods="3"/>
        <file name="actions.js" path="/Users/cassie/Projects/progressive-web-scaffold/app/containers/navigation/actions.js">
          <metrics statements="2" coveredstatements="2" conditionals="0" coveredconditionals="0" methods="0" coveredmethods="0"/>
          <line num="3" count="1" type="stmt"/>
          <line num="5" count="1" type="stmt"/>
        </file>
        <file name="reducer.js" path="/Users/cassie/Projects/progressive-web-scaffold/app/containers/navigation/reducer.js">
          <metrics statements="7" coveredstatements="7" conditionals="0" coveredconditionals="0" methods="3" coveredmethods="3"/>
          <line num="7" count="1" type="stmt"/>
          <line num="14" count="1" type="stmt"/>
          <line num="16" count="1" type="stmt"/>
          <line num="17" count="1" type="stmt"/>
          <line num="18" count="1" type="stmt"/>
          <line num="22" count="1" type="stmt"/>
          <line num="26" count="1" type="stmt"/>
        </file>
      </package>
      <package name="progressive-web-scaffold.app.containers.navigation.parsers">
        <metrics statements="13" coveredstatements="13" conditionals="2" coveredconditionals="2" methods="2" coveredmethods="2"/>
        <file name="parser.js" path="/Users/cassie/Projects/progressive-web-scaffold/app/containers/navigation/parsers/parser.js">
          <metrics statements="13" coveredstatements="13" conditionals="2" coveredconditionals="2" methods="2" coveredmethods="2"/>
          <line num="2" count="2" type="stmt"/>
          <line num="3" count="3" type="stmt"/>
          <line num="4" count="3" type="stmt"/>
          <line num="5" count="3" type="stmt"/>
          <line num="11" count="3" type="stmt"/>
          <line num="12" count="3" type="stmt"/>
          <line num="13" count="3" type="stmt"/>
          <line num="14" count="18" type="stmt"/>
          <line num="15" count="18" type="stmt"/>
          <line num="19" count="18" type="stmt"/>
          <line num="23" count="18" type="stmt"/>
          <line num="24" count="1" type="stmt"/>
          <line num="27" count="3" type="stmt"/>
        </file>
      </package>
      <package name="progressive-web-scaffold.app.containers.pdp">
        <metrics statements="32" coveredstatements="21" conditionals="8" coveredconditionals="3" methods="10" coveredmethods="6"/>
        <file name="actions.js" path="/Users/cassie/Projects/progressive-web-scaffold/app/containers/pdp/actions.js">
          <metrics statements="10" coveredstatements="10" conditionals="0" coveredconditionals="0" methods="3" coveredmethods="3"/>
          <line num="5" count="2" type="stmt"/>
          <line num="7" count="2" type="stmt"/>
          <line num="8" count="2" type="stmt"/>
          <line num="10" count="2" type="stmt"/>
          <line num="11" count="1" type="stmt"/>
          <line num="12" count="1" type="stmt"/>
          <line num="13" count="1" type="stmt"/>
          <line num="15" count="1" type="stmt"/>
          <line num="21" count="1" type="stmt"/>
          <line num="22" count="1" type="stmt"/>
        </file>
        <file name="reducer.js" path="/Users/cassie/Projects/progressive-web-scaffold/app/containers/pdp/reducer.js">
          <metrics statements="22" coveredstatements="11" conditionals="8" coveredconditionals="3" methods="7" coveredmethods="3"/>
          <line num="13" count="1" type="stmt"/>
          <line num="20" count="1" type="stmt"/>
          <line num="22" count="4" type="stmt"/>
          <line num="24" count="4" type="stmt"/>
          <line num="25" count="3" type="stmt"/>
          <line num="28" count="3" type="stmt"/>
          <line num="32" count="3" type="stmt"/>
          <line num="36" count="3" type="stmt"/>
          <line num="37" count="3" type="stmt"/>
          <line num="41" count="1" type="stmt"/>
          <line num="45" count="0" type="stmt"/>
          <line num="47" count="0" type="stmt"/>
          <line num="48" count="0" type="stmt"/>
          <line num="49" count="0" type="stmt"/>
          <line num="50" count="0" type="stmt"/>
          <line num="52" count="0" type="stmt"/>
          <line num="55" count="0" type="stmt"/>
          <line num="59" count="1" type="stmt"/>
          <line num="62" count="0" type="stmt"/>
          <line num="63" count="0" type="stmt"/>
          <line num="64" count="0" type="stmt"/>
          <line num="70" count="0" type="stmt"/>
        </file>
      </package>
      <package name="progressive-web-scaffold.app.containers.pdp.parsers">
        <metrics statements="8" coveredstatements="8" conditionals="0" coveredconditionals="0" methods="2" coveredmethods="2"/>
        <file name="pdp.js" path="/Users/cassie/Projects/progressive-web-scaffold/app/containers/pdp/parsers/pdp.js">
          <metrics statements="8" coveredstatements="8" conditionals="0" coveredconditionals="0" methods="2" coveredmethods="2"/>
          <line num="1" count="12" type="stmt"/>
          <line num="2" count="4" type="stmt"/>
          <line num="3" count="4" type="stmt"/>
          <line num="5" count="4" type="stmt"/>
          <line num="6" count="4" type="stmt"/>
          <line num="7" count="16" type="stmt"/>
          <line num="8" count="16" type="stmt"/>
          <line num="11" count="4" type="stmt"/>
        </file>
      </package>
      <package name="progressive-web-scaffold.app.containers.pdp.partials">
        <metrics statements="26" coveredstatements="19" conditionals="10" coveredconditionals="7" methods="6" coveredmethods="4"/>
        <file name="pdp-add-to-cart.jsx" path="/Users/cassie/Projects/progressive-web-scaffold/app/containers/pdp/partials/pdp-add-to-cart.jsx">
          <metrics statements="8" coveredstatements="2" conditionals="2" coveredconditionals="0" methods="1" coveredmethods="0"/>
          <line num="6" count="1" type="stmt"/>
          <line num="7" count="0" type="stmt"/>
          <line num="15" count="0" type="stmt"/>
          <line num="16" count="0" type="stmt"/>
          <line num="17" count="0" type="stmt"/>
          <line num="18" count="0" type="stmt"/>
          <line num="21" count="0" type="stmt"/>
          <line num="49" count="1" type="stmt"/>
        </file>
        <file name="pdp-carousel.jsx" path="/Users/cassie/Projects/progressive-web-scaffold/app/containers/pdp/partials/pdp-carousel.jsx">
          <metrics statements="9" coveredstatements="9" conditionals="4" coveredconditionals="3" methods="2" coveredmethods="2"/>
          <line num="9" count="2" type="stmt"/>
          <line num="10" count="6" type="stmt"/>
          <line num="18" count="6" type="stmt"/>
          <line num="19" count="4" type="stmt"/>
          <line num="22" count="5" type="stmt"/>
          <line num="32" count="5" type="stmt"/>
          <line num="45" count="2" type="stmt"/>
          <line num="59" count="2" type="stmt"/>
          <line num="63" count="2" type="stmt"/>
        </file>
        <file name="pdp-description.jsx" path="/Users/cassie/Projects/progressive-web-scaffold/app/containers/pdp/partials/pdp-description.jsx">
          <metrics statements="3" coveredstatements="3" conditionals="0" coveredconditionals="0" methods="1" coveredmethods="1"/>
          <line num="4" count="2" type="stmt"/>
          <line num="5" count="3" type="stmt"/>
          <line num="12" count="2" type="stmt"/>
        </file>
        <file name="pdp-heading.jsx" path="/Users/cassie/Projects/progressive-web-scaffold/app/containers/pdp/partials/pdp-heading.jsx">
          <metrics statements="3" coveredstatements="3" conditionals="4" coveredconditionals="4" methods="1" coveredmethods="1"/>
          <line num="4" count="2" type="stmt"/>
          <line num="5" count="3" type="stmt"/>
          <line num="20" count="2" type="stmt"/>
        </file>
        <file name="pdp-item-added-modal.jsx" path="/Users/cassie/Projects/progressive-web-scaffold/app/containers/pdp/partials/pdp-item-added-modal.jsx">
          <metrics statements="3" coveredstatements="2" conditionals="0" coveredconditionals="0" methods="1" coveredmethods="0"/>
          <line num="8" count="2" type="stmt"/>
          <line num="9" count="0" type="stmt"/>
          <line num="53" count="2" type="stmt"/>
        </file>
      </package>
      <package name="progressive-web-scaffold.app.containers.plp">
        <metrics statements="12" coveredstatements="9" conditionals="6" coveredconditionals="2" methods="3" coveredmethods="2"/>
        <file name="actions.js" path="/Users/cassie/Projects/progressive-web-scaffold/app/containers/plp/actions.js">
          <metrics statements="0" coveredstatements="0" conditionals="0" coveredconditionals="0" methods="0" coveredmethods="0"/>
        </file>
        <file name="reducer.js" path="/Users/cassie/Projects/progressive-web-scaffold/app/containers/plp/reducer.js">
          <metrics statements="12" coveredstatements="9" conditionals="6" coveredconditionals="2" methods="3" coveredmethods="2"/>
          <line num="11" count="1" type="stmt"/>
          <line num="20" count="1" type="stmt"/>
          <line num="22" count="3" type="stmt"/>
          <line num="24" count="3" type="stmt"/>
          <line num="25" count="3" type="stmt"/>
          <line num="28" count="3" type="stmt"/>
          <line num="32" count="3" type="stmt"/>
          <line num="36" count="3" type="stmt"/>
          <line num="37" count="3" type="stmt"/>
          <line num="41" count="0" type="stmt"/>
          <line num="45" count="0" type="stmt"/>
          <line num="47" count="0" type="stmt"/>
        </file>
      </package>
      <package name="progressive-web-scaffold.app.containers.plp.parsers">
        <metrics statements="6" coveredstatements="6" conditionals="2" coveredconditionals="1" methods="2" coveredmethods="2"/>
        <file name="plp.js" path="/Users/cassie/Projects/progressive-web-scaffold/app/containers/plp/parsers/plp.js">
          <metrics statements="6" coveredstatements="6" conditionals="2" coveredconditionals="1" methods="2" coveredmethods="2"/>
          <line num="3" count="2" type="stmt"/>
          <line num="4" count="4" type="stmt"/>
          <line num="6" count="4" type="stmt"/>
          <line num="7" count="4" type="stmt"/>
          <line num="8" count="28" type="stmt"/>
          <line num="11" count="4" type="stmt"/>
        </file>
      </package>
      <package name="progressive-web-scaffold.app.containers.plp.partials">
        <metrics statements="8" coveredstatements="4" conditionals="6" coveredconditionals="0" methods="1" coveredmethods="0"/>
        <file name="product-tile.jsx" path="/Users/cassie/Projects/progressive-web-scaffold/app/containers/plp/partials/product-tile.jsx">
          <metrics statements="8" coveredstatements="4" conditionals="6" coveredconditionals="0" methods="1" coveredmethods="0"/>
          <line num="9" count="3" type="stmt"/>
          <line num="16" count="3" type="stmt"/>
          <line num="18" count="0" type="stmt"/>
          <line num="25" count="0" type="stmt"/>
          <line num="28" count="0" type="stmt"/>
          <line num="32" count="0" type="stmt"/>
          <line num="44" count="3" type="stmt"/>
          <line num="48" count="3" type="stmt"/>
        </file>
      </package>
      <package name="progressive-web-scaffold.app.preloader">
        <metrics statements="0" coveredstatements="0" conditionals="0" coveredconditionals="0" methods="0" coveredmethods="0"/>
        <file name="preload.js" path="/Users/cassie/Projects/progressive-web-scaffold/app/preloader/preload.js">
          <metrics statements="0" coveredstatements="0" conditionals="0" coveredconditionals="0" methods="0" coveredmethods="0"/>
        </file>
      </package>
      <package name="progressive-web-scaffold.app.static.agents.Merlin">
        <metrics statements="3" coveredstatements="0" conditionals="0" coveredconditionals="0" methods="0" coveredmethods="0"/>
        <file name="agent.js" path="/Users/cassie/Projects/progressive-web-scaffold/app/static/agents/Merlin/agent.js">
          <metrics statements="1" coveredstatements="0" conditionals="0" coveredconditionals="0" methods="0" coveredmethods="0"/>
          <line num="1" count="0" type="stmt"/>
        </file>
        <file name="sounds-mp3.js" path="/Users/cassie/Projects/progressive-web-scaffold/app/static/agents/Merlin/sounds-mp3.js">
          <metrics statements="1" coveredstatements="0" conditionals="0" coveredconditionals="0" methods="0" coveredmethods="0"/>
          <line num="1" count="0" type="stmt"/>
        </file>
        <file name="sounds-ogg.js" path="/Users/cassie/Projects/progressive-web-scaffold/app/static/agents/Merlin/sounds-ogg.js">
          <metrics statements="1" coveredstatements="0" conditionals="0" coveredconditionals="0" methods="0" coveredmethods="0"/>
          <line num="1" count="0" type="stmt"/>
        </file>
      </package>
      <package name="progressive-web-scaffold.app.store">
        <metrics statements="7" coveredstatements="0" conditionals="6" coveredconditionals="0" methods="3" coveredmethods="0"/>
        <file name="index.js" path="/Users/cassie/Projects/progressive-web-scaffold/app/store/index.js">
          <metrics statements="7" coveredstatements="0" conditionals="6" coveredconditionals="0" methods="3" coveredmethods="0"/>
          <line num="1" count="0" type="stmt"/>
          <line num="4" count="0" type="stmt"/>
          <line num="6" count="0" type="stmt"/>
          <line num="8" count="0" type="stmt"/>
          <line num="9" count="0" type="stmt"/>
          <line num="13" count="0" type="stmt"/>
          <line num="22" count="0" type="stmt"/>
        </file>
      </package>
      <package name="progressive-web-scaffold.app.utils">
        <metrics statements="36" coveredstatements="36" conditionals="8" coveredconditionals="5" methods="21" coveredmethods="19"/>
        <file name="is-react-route.js" path="/Users/cassie/Projects/progressive-web-scaffold/app/utils/is-react-route.js">
          <metrics statements="0" coveredstatements="0" conditionals="0" coveredconditionals="0" methods="0" coveredmethods="0"/>
        </file>
        <file name="magento-utils.js" path="/Users/cassie/Projects/progressive-web-scaffold/app/utils/magento-utils.js">
          <metrics statements="5" coveredstatements="5" conditionals="0" coveredconditionals="0" methods="4" coveredmethods="4"/>
          <line num="9" count="12" type="stmt"/>
          <line num="10" count="1" type="stmt"/>
          <line num="12" count="14" type="stmt"/>
          <line num="15" count="14" type="stmt"/>
          <line num="16" count="14" type="stmt"/>
        </file>
        <file name="parser-utils.js" path="/Users/cassie/Projects/progressive-web-scaffold/app/utils/parser-utils.js">
          <metrics statements="12" coveredstatements="12" conditionals="2" coveredconditionals="2" methods="6" coveredmethods="6"/>
          <line num="1" count="15" type="stmt"/>
          <line num="2" count="36" type="stmt"/>
          <line num="9" count="15" type="stmt"/>
          <line num="10" count="2" type="stmt"/>
          <line num="20" count="15" type="stmt"/>
          <line num="21" count="12" type="stmt"/>
          <line num="28" count="15" type="stmt"/>
          <line num="29" count="5" type="stmt"/>
          <line num="30" count="5" type="stmt"/>
          <line num="38" count="15" type="stmt"/>
          <line num="39" count="1" type="stmt"/>
          <line num="41" count="3" type="stmt"/>
        </file>
        <file name="router-utils.js" path="/Users/cassie/Projects/progressive-web-scaffold/app/utils/router-utils.js">
          <metrics statements="8" coveredstatements="8" conditionals="2" coveredconditionals="0" methods="5" coveredmethods="4"/>
          <line num="30" count="12" type="stmt"/>
          <line num="35" count="5" type="stmt"/>
          <line num="41" count="5" type="stmt"/>
          <line num="48" count="5" type="stmt"/>
          <line num="50" count="5" type="stmt"/>
          <line num="58" count="5" type="stmt"/>
          <line num="59" count="1" type="stmt"/>
          <line num="60" count="1" type="stmt"/>
        </file>
        <file name="utils.js" path="/Users/cassie/Projects/progressive-web-scaffold/app/utils/utils.js">
          <metrics statements="11" coveredstatements="11" conditionals="4" coveredconditionals="3" methods="6" coveredmethods="5"/>
          <line num="10" count="21" type="stmt"/>
          <line num="13" count="213" type="stmt"/>
          <line num="14" count="59" type="stmt"/>
          <line num="15" count="30" type="stmt"/>
          <line num="17" count="30" type="stmt"/>
          <line num="18" count="110" type="stmt"/>
          <line num="21" count="30" type="stmt"/>
          <line num="25" count="213" type="stmt"/>
          <line num="33" count="21" type="stmt"/>
          <line num="34" count="24" type="stmt"/>
          <line num="44" count="21" type="stmt"/>
        </file>
      </package>
      <package name="progressive-web-scaffold.worker">
        <metrics statements="13" coveredstatements="0" conditionals="4" coveredconditionals="0" methods="8" coveredmethods="0"/>
        <file name="main.js" path="/Users/cassie/Projects/progressive-web-scaffold/worker/main.js">
          <metrics statements="13" coveredstatements="0" conditionals="4" coveredconditionals="0" methods="8" coveredmethods="0"/>
          <line num="4" count="0" type="stmt"/>
          <line num="6" count="0" type="stmt"/>
          <line num="7" count="0" type="stmt"/>
          <line num="9" count="0" type="stmt"/>
          <line num="12" count="0" type="stmt"/>
          <line num="17" count="0" type="stmt"/>
          <line num="23" count="0" type="stmt"/>
          <line num="27" count="0" type="stmt"/>
          <line num="32" count="0" type="stmt"/>
          <line num="38" count="0" type="stmt"/>
          <line num="39" count="0" type="stmt"/>
          <line num="45" count="0" type="stmt"/>
          <line num="46" count="0" type="stmt"/>
        </file>
      </package>
    </metrics>
  </project>
</coverage>
