{"/Users/cassie/Projects/progressive-web-scaffold/service-worker-loader.js": {"path":"/Users/cassie/Projects/progressive-web-scaffold/service-worker-loader.js","statementMap":{"0":{"start":{"line":2,"column":16},"end":{"line":2,"column":68}},"1":{"start":{"line":4,"column":0},"end":{"line":8,"column":1}},"2":{"start":{"line":5,"column":4},"end":{"line":5,"column":59}},"3":{"start":{"line":7,"column":4},"end":{"line":7,"column":101}}},"fnMap":{},"branchMap":{"0":{"loc":{"start":{"line":4,"column":0},"end":{"line":8,"column":1}},"type":"if","locations":[{"start":{"line":4,"column":0},"end":{"line":8,"column":1}},{"start":{"line":4,"column":0},"end":{"line":8,"column":1}}]}},"s":{"0":0,"1":0,"2":0,"3":0},"f":{},"b":{"0":[0,0]}}
,"/Users/cassie/Projects/progressive-web-scaffold/app/app-provider.jsx": {"path":"/Users/cassie/Projects/progressive-web-scaffold/app/app-provider.jsx","statementMap":{"0":{"start":{"line":1,"column":39},"end":{"line":1,"column":101}},"1":{"start":{"line":20,"column":217},"end":{"line":20,"column":433}},"2":{"start":{"line":20,"column":245},"end":{"line":20,"column":256}},"3":{"start":{"line":20,"column":277},"end":{"line":20,"column":279}},"4":{"start":{"line":20,"column":280},"end":{"line":20,"column":397}},"5":{"start":{"line":20,"column":298},"end":{"line":20,"column":396}},"6":{"start":{"line":20,"column":320},"end":{"line":20,"column":395}},"7":{"start":{"line":20,"column":372},"end":{"line":20,"column":395}},"8":{"start":{"line":20,"column":397},"end":{"line":20,"column":418}},"9":{"start":{"line":20,"column":418},"end":{"line":20,"column":432}},"10":{"start":{"line":20,"column":472},"end":{"line":20,"column":526}},"11":{"start":{"line":22,"column":18},"end":{"line":91,"column":1}},"12":{"start":{"line":27,"column":17},"end":{"line":35,"column":5}},"13":{"start":{"line":28,"column":8},"end":{"line":34,"column":17}},"14":{"start":{"line":37,"column":26},"end":{"line":37,"column":143}},"15":{"start":{"line":39,"column":27},"end":{"line":39,"column":191}},"16":{"start":{"line":41,"column":23},"end":{"line":41,"column":125}},"17":{"start":{"line":43,"column":31},"end":{"line":43,"column":197}},"18":{"start":{"line":45,"column":28},"end":{"line":45,"column":211}},"19":{"start":{"line":47,"column":18},"end":{"line":53,"column":5}},"20":{"start":{"line":49,"column":8},"end":{"line":49,"column":40}},"21":{"start":{"line":50,"column":8},"end":{"line":52,"column":9}},"22":{"start":{"line":51,"column":12},"end":{"line":51,"column":41}},"23":{"start":{"line":55,"column":19},"end":{"line":67,"column":5}},"24":{"start":{"line":56,"column":22},"end":{"line":56,"column":39}},"25":{"start":{"line":57,"column":22},"end":{"line":57,"column":39}},"26":{"start":{"line":59,"column":8},"end":{"line":64,"column":9}},"27":{"start":{"line":60,"column":12},"end":{"line":60,"column":44}},"28":{"start":{"line":61,"column":12},"end":{"line":63,"column":13}},"29":{"start":{"line":62,"column":16},"end":{"line":62,"column":45}},"30":{"start":{"line":66,"column":8},"end":{"line":66,"column":60}},"31":{"start":{"line":69,"column":4},"end":{"line":86,"column":411}},"32":{"start":{"line":93,"column":0},"end":{"line":94,"column":63}}},"fnMap":{"0":{"name":"_interopRequireWildcard","decl":{"start":{"line":20,"column":187},"end":{"line":20,"column":210}},"loc":{"start":{"line":20,"column":216},"end":{"line":20,"column":434}}},"1":{"name":"_interopRequireDefault","decl":{"start":{"line":20,"column":443},"end":{"line":20,"column":465}},"loc":{"start":{"line":20,"column":471},"end":{"line":20,"column":527}}},"2":{"name":"AppProvider","decl":{"start":{"line":22,"column":27},"end":{"line":22,"column":38}},"loc":{"start":{"line":22,"column":72},"end":{"line":91,"column":1}}},"3":{"name":"getURL","decl":{"start":{"line":27,"column":26},"end":{"line":27,"column":32}},"loc":{"start":{"line":27,"column":46},"end":{"line":35,"column":5}}},"4":{"name":"shouldFetchPage","decl":{"start":{"line":37,"column":35},"end":{"line":37,"column":50}},"loc":{"start":{"line":37,"column":90},"end":{"line":37,"column":143}}},"5":{"name":"getPageComponent","decl":{"start":{"line":39,"column":36},"end":{"line":39,"column":52}},"loc":{"start":{"line":39,"column":92},"end":{"line":39,"column":191}}},"6":{"name":"getRouteName","decl":{"start":{"line":41,"column":32},"end":{"line":41,"column":44}},"loc":{"start":{"line":41,"column":84},"end":{"line":41,"column":125}}},"7":{"name":"dispatchRouteChanged","decl":{"start":{"line":43,"column":40},"end":{"line":43,"column":60}},"loc":{"start":{"line":43,"column":98},"end":{"line":43,"column":197}}},"8":{"name":"dispatchFetchPage","decl":{"start":{"line":45,"column":37},"end":{"line":45,"column":54}},"loc":{"start":{"line":45,"column":92},"end":{"line":45,"column":211}}},"9":{"name":"onEnter","decl":{"start":{"line":47,"column":27},"end":{"line":47,"column":34}},"loc":{"start":{"line":47,"column":46},"end":{"line":53,"column":5}}},"10":{"name":"onChange","decl":{"start":{"line":55,"column":28},"end":{"line":55,"column":36}},"loc":{"start":{"line":55,"column":59},"end":{"line":67,"column":5}}}},"branchMap":{"0":{"loc":{"start":{"line":20,"column":217},"end":{"line":20,"column":433}},"type":"if","locations":[{"start":{"line":20,"column":217},"end":{"line":20,"column":433}},{"start":{"line":20,"column":217},"end":{"line":20,"column":433}}]},"1":{"loc":{"start":{"line":20,"column":221},"end":{"line":20,"column":242}},"type":"binary-expr","locations":[{"start":{"line":20,"column":221},"end":{"line":20,"column":224}},{"start":{"line":20,"column":228},"end":{"line":20,"column":242}}]},"2":{"loc":{"start":{"line":20,"column":280},"end":{"line":20,"column":397}},"type":"if","locations":[{"start":{"line":20,"column":280},"end":{"line":20,"column":397}},{"start":{"line":20,"column":280},"end":{"line":20,"column":397}}]},"3":{"loc":{"start":{"line":20,"column":320},"end":{"line":20,"column":395}},"type":"if","locations":[{"start":{"line":20,"column":320},"end":{"line":20,"column":395}},{"start":{"line":20,"column":320},"end":{"line":20,"column":395}}]},"4":{"loc":{"start":{"line":20,"column":479},"end":{"line":20,"column":525}},"type":"cond-expr","locations":[{"start":{"line":20,"column":503},"end":{"line":20,"column":506}},{"start":{"line":20,"column":509},"end":{"line":20,"column":525}}]},"5":{"loc":{"start":{"line":20,"column":479},"end":{"line":20,"column":500}},"type":"binary-expr","locations":[{"start":{"line":20,"column":479},"end":{"line":20,"column":482}},{"start":{"line":20,"column":486},"end":{"line":20,"column":500}}]},"6":{"loc":{"start":{"line":50,"column":8},"end":{"line":52,"column":9}},"type":"if","locations":[{"start":{"line":50,"column":8},"end":{"line":52,"column":9}},{"start":{"line":50,"column":8},"end":{"line":52,"column":9}}]},"7":{"loc":{"start":{"line":59,"column":8},"end":{"line":64,"column":9}},"type":"if","locations":[{"start":{"line":59,"column":8},"end":{"line":64,"column":9}},{"start":{"line":59,"column":8},"end":{"line":64,"column":9}}]},"8":{"loc":{"start":{"line":61,"column":12},"end":{"line":63,"column":13}},"type":"if","locations":[{"start":{"line":61,"column":12},"end":{"line":63,"column":13}},{"start":{"line":61,"column":12},"end":{"line":63,"column":13}}]}},"s":{"0":0,"1":0,"2":0,"3":0,"4":0,"5":0,"6":0,"7":0,"8":0,"9":0,"10":0,"11":0,"12":0,"13":0,"14":0,"15":0,"16":0,"17":0,"18":0,"19":0,"20":0,"21":0,"22":0,"23":0,"24":0,"25":0,"26":0,"27":0,"28":0,"29":0,"30":0,"31":0,"32":0},"f":{"0":0,"1":0,"2":0,"3":0,"4":0,"5":0,"6":0,"7":0,"8":0,"9":0,"10":0},"b":{"0":[0,0],"1":[0,0],"2":[0,0],"3":[0,0],"4":[0,0],"5":[0,0],"6":[0,0],"7":[0,0],"8":[0,0]}}
,"/Users/cassie/Projects/progressive-web-scaffold/app/loader.js": {"path":"/Users/cassie/Projects/progressive-web-scaffold/app/loader.js","statementMap":{"0":{"start":{"line":23,"column":202},"end":{"line":23,"column":256}},"1":{"start":{"line":23,"column":257},"end":{"line":23,"column":281}},"2":{"start":{"line":23,"column":300},"end":{"line":23,"column":480}},"3":{"start":{"line":23,"column":325},"end":{"line":23,"column":479}},"4":{"start":{"line":24,"column":43},"end":{"line":24,"column":104}},"5":{"start":{"line":24,"column":125},"end":{"line":24,"column":175}},"6":{"start":{"line":24,"column":223},"end":{"line":24,"column":352}},"7":{"start":{"line":25,"column":17},"end":{"line":28,"column":32}},"8":{"start":{"line":31,"column":0},"end":{"line":107,"column":1}}},"fnMap":{"0":{"name":"_interopRequireDefault","decl":{"start":{"line":23,"column":173},"end":{"line":23,"column":195}},"loc":{"start":{"line":23,"column":201},"end":{"line":23,"column":257}}},"1":{"name":"isReactRoute","decl":{"start":{"line":23,"column":309},"end":{"line":23,"column":321}},"loc":{"start":{"line":23,"column":324},"end":{"line":23,"column":480}}},"2":{"name":"(anonymous_2)","decl":{"start":{"line":23,"column":387},"end":{"line":23,"column":388}},"loc":{"start":{"line":23,"column":430},"end":{"line":23,"column":476}}},"3":{"name":"loadWorker","decl":{"start":{"line":25,"column":26},"end":{"line":25,"column":36}},"loc":{"start":{"line":25,"column":65},"end":{"line":28,"column":32}}}},"branchMap":{"0":{"loc":{"start":{"line":23,"column":209},"end":{"line":23,"column":255}},"type":"cond-expr","locations":[{"start":{"line":23,"column":233},"end":{"line":23,"column":236}},{"start":{"line":23,"column":239},"end":{"line":23,"column":255}}]},"1":{"loc":{"start":{"line":23,"column":209},"end":{"line":23,"column":230}},"type":"binary-expr","locations":[{"start":{"line":23,"column":209},"end":{"line":23,"column":212}},{"start":{"line":23,"column":216},"end":{"line":23,"column":230}}]},"2":{"loc":{"start":{"line":31,"column":0},"end":{"line":107,"column":1}},"type":"if","locations":[{"start":{"line":31,"column":0},"end":{"line":107,"column":1}},{"start":{"line":31,"column":0},"end":{"line":107,"column":1}}]}},"s":{"0":0,"1":0,"2":0,"3":0,"4":0,"5":0,"6":0,"7":0,"8":0},"f":{"0":0,"1":0,"2":0,"3":0},"b":{"0":[0,0],"1":[0,0],"2":[0,0]}}
,"/Users/cassie/Projects/progressive-web-scaffold/app/main.jsx": {"path":"/Users/cassie/Projects/progressive-web-scaffold/app/main.jsx","statementMap":{"0":{"start":{"line":26,"column":155},"end":{"line":26,"column":177}},"1":{"start":{"line":28,"column":13},"end":{"line":28,"column":63}}},"fnMap":{},"branchMap":{},"s":{"0":0,"1":0},"f":{},"b":{}}
,"/Users/cassie/Projects/progressive-web-scaffold/app/components/chat-window/index.jsx": {"path":"/Users/cassie/Projects/progressive-web-scaffold/app/components/chat-window/index.jsx","statementMap":{"0":{"start":{"line":15,"column":23},"end":{"line":15,"column":38}},"1":{"start":{"line":24,"column":8},"end":{"line":24,"column":20}},"2":{"start":{"line":26,"column":8},"end":{"line":29,"column":9}},"3":{"start":{"line":31,"column":8},"end":{"line":31,"column":60}},"4":{"start":{"line":35,"column":8},"end":{"line":39,"column":9}},"5":{"start":{"line":37,"column":33},"end":{"line":37,"column":82}},"6":{"start":{"line":38,"column":12},"end":{"line":38,"column":107}},"7":{"start":{"line":46,"column":12},"end":{"line":46,"column":22}},"8":{"start":{"line":48,"column":8},"end":{"line":95,"column":10}},"9":{"start":{"line":50,"column":33},"end":{"line":58,"column":13}},"10":{"start":{"line":60,"column":28},"end":{"line":63,"column":13}},"11":{"start":{"line":61,"column":16},"end":{"line":61,"column":48}},"12":{"start":{"line":62,"column":16},"end":{"line":62,"column":28}},"13":{"start":{"line":65,"column":29},"end":{"line":65,"column":52}},"14":{"start":{"line":67,"column":35},"end":{"line":70,"column":14}},"15":{"start":{"line":72,"column":12},"end":{"line":94,"column":13}},"16":{"start":{"line":104,"column":12},"end":{"line":104,"column":22}},"17":{"start":{"line":108,"column":12},"end":{"line":108,"column":22}},"18":{"start":{"line":110,"column":24},"end":{"line":110,"column":61}},"19":{"start":{"line":112,"column":28},"end":{"line":121,"column":9}},"20":{"start":{"line":113,"column":12},"end":{"line":116,"column":14}},"21":{"start":{"line":118,"column":12},"end":{"line":120,"column":14}},"22":{"start":{"line":123,"column":25},"end":{"line":126,"column":9}},"23":{"start":{"line":124,"column":12},"end":{"line":124,"column":30}},"24":{"start":{"line":125,"column":12},"end":{"line":125,"column":25}},"25":{"start":{"line":129,"column":12},"end":{"line":137,"column":18}},"26":{"start":{"line":133,"column":35},"end":{"line":133,"column":47}},"27":{"start":{"line":141,"column":12},"end":{"line":168,"column":18}},"28":{"start":{"line":152,"column":45},"end":{"line":152,"column":88}},"29":{"start":{"line":157,"column":46},"end":{"line":157,"column":81}},"30":{"start":{"line":158,"column":42},"end":{"line":158,"column":55}},"31":{"start":{"line":171,"column":8},"end":{"line":186,"column":9}},"32":{"start":{"line":172,"column":52},"end":{"line":172,"column":71}},"33":{"start":{"line":191,"column":0},"end":{"line":216,"column":1}}},"fnMap":{"0":{"name":"(anonymous_0)","decl":{"start":{"line":23,"column":4},"end":{"line":23,"column":5}},"loc":{"start":{"line":23,"column":23},"end":{"line":32,"column":5}}},"1":{"name":"(anonymous_1)","decl":{"start":{"line":34,"column":4},"end":{"line":34,"column":5}},"loc":{"start":{"line":34,"column":34},"end":{"line":40,"column":5}}},"2":{"name":"(anonymous_2)","decl":{"start":{"line":42,"column":4},"end":{"line":42,"column":5}},"loc":{"start":{"line":42,"column":21},"end":{"line":96,"column":5}}},"3":{"name":"(anonymous_3)","decl":{"start":{"line":48,"column":40},"end":{"line":48,"column":41}},"loc":{"start":{"line":48,"column":60},"end":{"line":95,"column":9}}},"4":{"name":"(anonymous_4)","decl":{"start":{"line":60,"column":28},"end":{"line":60,"column":29}},"loc":{"start":{"line":60,"column":34},"end":{"line":63,"column":13}}},"5":{"name":"(anonymous_5)","decl":{"start":{"line":98,"column":4},"end":{"line":98,"column":5}},"loc":{"start":{"line":98,"column":13},"end":{"line":187,"column":5}}},"6":{"name":"(anonymous_6)","decl":{"start":{"line":112,"column":28},"end":{"line":112,"column":29}},"loc":{"start":{"line":112,"column":34},"end":{"line":121,"column":9}}},"7":{"name":"(anonymous_7)","decl":{"start":{"line":123,"column":25},"end":{"line":123,"column":26}},"loc":{"start":{"line":123,"column":32},"end":{"line":126,"column":9}}},"8":{"name":"(anonymous_8)","decl":{"start":{"line":133,"column":29},"end":{"line":133,"column":30}},"loc":{"start":{"line":133,"column":35},"end":{"line":133,"column":47}}},"9":{"name":"(anonymous_9)","decl":{"start":{"line":152,"column":38},"end":{"line":152,"column":39}},"loc":{"start":{"line":152,"column":45},"end":{"line":152,"column":88}}},"10":{"name":"(anonymous_10)","decl":{"start":{"line":157,"column":34},"end":{"line":157,"column":35}},"loc":{"start":{"line":157,"column":46},"end":{"line":157,"column":81}}},"11":{"name":"(anonymous_11)","decl":{"start":{"line":158,"column":36},"end":{"line":158,"column":37}},"loc":{"start":{"line":158,"column":42},"end":{"line":158,"column":55}}},"12":{"name":"(anonymous_12)","decl":{"start":{"line":172,"column":42},"end":{"line":172,"column":43}},"loc":{"start":{"line":172,"column":50},"end":{"line":172,"column":73}}}},"branchMap":{"0":{"loc":{"start":{"line":35,"column":8},"end":{"line":39,"column":9}},"type":"if","locations":[{"start":{"line":35,"column":8},"end":{"line":39,"column":9}},{"start":{"line":35,"column":8},"end":{"line":39,"column":9}}]},"1":{"loc":{"start":{"line":48,"column":15},"end":{"line":95,"column":10}},"type":"binary-expr","locations":[{"start":{"line":48,"column":15},"end":{"line":48,"column":23}},{"start":{"line":48,"column":27},"end":{"line":95,"column":10}}]},"2":{"loc":{"start":{"line":50,"column":33},"end":{"line":58,"column":13}},"type":"binary-expr","locations":[{"start":{"line":50,"column":33},"end":{"line":50,"column":51}},{"start":{"line":50,"column":55},"end":{"line":58,"column":13}}]},"3":{"loc":{"start":{"line":55,"column":23},"end":{"line":57,"column":22}},"type":"cond-expr","locations":[{"start":{"line":55,"column":55},"end":{"line":57,"column":17}},{"start":{"line":57,"column":20},"end":{"line":57,"column":22}}]},"4":{"loc":{"start":{"line":74,"column":49},"end":{"line":74,"column":81}},"type":"cond-expr","locations":[{"start":{"line":74,"column":61},"end":{"line":74,"column":76}},{"start":{"line":74,"column":79},"end":{"line":74,"column":81}}]},"5":{"loc":{"start":{"line":77,"column":33},"end":{"line":77,"column":60}},"type":"cond-expr","locations":[{"start":{"line":77,"column":44},"end":{"line":77,"column":49}},{"start":{"line":77,"column":52},"end":{"line":77,"column":60}}]},"6":{"loc":{"start":{"line":88,"column":21},"end":{"line":91,"column":35}},"type":"binary-expr","locations":[{"start":{"line":88,"column":21},"end":{"line":88,"column":39}},{"start":{"line":89,"column":24},"end":{"line":91,"column":35}}]}},"s":{"0":2,"1":6,"2":6,"3":6,"4":0,"5":0,"6":0,"7":6,"8":6,"9":0,"10":0,"11":0,"12":0,"13":0,"14":0,"15":0,"16":6,"17":6,"18":6,"19":6,"20":0,"21":0,"22":6,"23":0,"24":0,"25":6,"26":0,"27":6,"28":0,"29":0,"30":0,"31":6,"32":2,"33":2},"f":{"0":6,"1":0,"2":6,"3":0,"4":0,"5":6,"6":0,"7":0,"8":0,"9":0,"10":0,"11":0,"12":2},"b":{"0":[0,0],"1":[6,0],"2":[0,0],"3":[0,0],"4":[0,0],"5":[0,0],"6":[0,0]},"_coverageSchema":"332fd63041d2c1bcb487cc26dd0d5f7d97098a6c","hash":"4dd6a0af6e3eaeb6d9a766f31ee6ec98114c2dda"}
,"/Users/cassie/Projects/progressive-web-scaffold/app/components/clippy/clippy.js": {"path":"/Users/cassie/Projects/progressive-web-scaffold/app/components/clippy/clippy.js","statementMap":{"0":{"start":{"line":3,"column":13},"end":{"line":3,"column":15}},"1":{"start":{"line":4,"column":0},"end":{"line":4,"column":23}},"2":{"start":{"line":10,"column":0},"end":{"line":24,"column":2}},"3":{"start":{"line":11,"column":4},"end":{"line":11,"column":21}},"4":{"start":{"line":13,"column":4},"end":{"line":13,"column":70}},"5":{"start":{"line":15,"column":4},"end":{"line":15,"column":54}},"6":{"start":{"line":17,"column":4},"end":{"line":17,"column":39}},"7":{"start":{"line":19,"column":4},"end":{"line":19,"column":71}},"8":{"start":{"line":21,"column":4},"end":{"line":21,"column":49}},"9":{"start":{"line":23,"column":4},"end":{"line":23,"column":24}},"10":{"start":{"line":26,"column":0},"end":{"line":461,"column":2}},"11":{"start":{"line":36,"column":16},"end":{"line":36,"column":40}},"12":{"start":{"line":37,"column":20},"end":{"line":37,"column":33}},"13":{"start":{"line":38,"column":23},"end":{"line":38,"column":33}},"14":{"start":{"line":40,"column":24},"end":{"line":40,"column":67}},"15":{"start":{"line":41,"column":8},"end":{"line":41,"column":36}},"16":{"start":{"line":50,"column":8},"end":{"line":50,"column":28}},"17":{"start":{"line":51,"column":17},"end":{"line":51,"column":25}},"18":{"start":{"line":52,"column":8},"end":{"line":52,"column":20}},"19":{"start":{"line":53,"column":8},"end":{"line":59,"column":9}},"20":{"start":{"line":54,"column":12},"end":{"line":54,"column":28}},"21":{"start":{"line":55,"column":12},"end":{"line":55,"column":24}},"22":{"start":{"line":56,"column":12},"end":{"line":56,"column":25}},"23":{"start":{"line":57,"column":12},"end":{"line":57,"column":37}},"24":{"start":{"line":57,"column":26},"end":{"line":57,"column":37}},"25":{"start":{"line":58,"column":12},"end":{"line":58,"column":19}},"26":{"start":{"line":61,"column":8},"end":{"line":65,"column":10}},"27":{"start":{"line":62,"column":12},"end":{"line":62,"column":22}},"28":{"start":{"line":63,"column":12},"end":{"line":63,"column":25}},"29":{"start":{"line":64,"column":12},"end":{"line":64,"column":37}},"30":{"start":{"line":64,"column":26},"end":{"line":64,"column":37}},"31":{"start":{"line":70,"column":18},"end":{"line":70,"column":42}},"32":{"start":{"line":71,"column":19},"end":{"line":71,"column":31}},"33":{"start":{"line":72,"column":8},"end":{"line":72,"column":52}},"34":{"start":{"line":72,"column":36},"end":{"line":72,"column":52}},"35":{"start":{"line":74,"column":8},"end":{"line":105,"column":17}},"36":{"start":{"line":76,"column":12},"end":{"line":81,"column":13}},"37":{"start":{"line":77,"column":16},"end":{"line":77,"column":46}},"38":{"start":{"line":78,"column":16},"end":{"line":78,"column":34}},"39":{"start":{"line":79,"column":16},"end":{"line":79,"column":27}},"40":{"start":{"line":80,"column":16},"end":{"line":80,"column":23}},"41":{"start":{"line":84,"column":12},"end":{"line":87,"column":13}},"42":{"start":{"line":85,"column":16},"end":{"line":85,"column":70}},"43":{"start":{"line":86,"column":16},"end":{"line":86,"column":23}},"44":{"start":{"line":89,"column":27},"end":{"line":102,"column":20}},"45":{"start":{"line":91,"column":16},"end":{"line":93,"column":17}},"46":{"start":{"line":92,"column":20},"end":{"line":92,"column":31}},"47":{"start":{"line":95,"column":16},"end":{"line":100,"column":17}},"48":{"start":{"line":96,"column":20},"end":{"line":99,"column":30}},"49":{"start":{"line":98,"column":24},"end":{"line":98,"column":55}},"50":{"start":{"line":104,"column":12},"end":{"line":104,"column":47}},"51":{"start":{"line":111,"column":8},"end":{"line":115,"column":9}},"52":{"start":{"line":112,"column":12},"end":{"line":114,"column":21}},"53":{"start":{"line":113,"column":16},"end":{"line":113,"column":56}},"54":{"start":{"line":117,"column":8},"end":{"line":117,"column":58}},"55":{"start":{"line":121,"column":8},"end":{"line":121,"column":56}},"56":{"start":{"line":121,"column":43},"end":{"line":121,"column":56}},"57":{"start":{"line":123,"column":8},"end":{"line":123,"column":50}},"58":{"start":{"line":123,"column":35},"end":{"line":123,"column":50}},"59":{"start":{"line":126,"column":8},"end":{"line":147,"column":17}},"60":{"start":{"line":127,"column":28},"end":{"line":127,"column":33}},"61":{"start":{"line":129,"column":27},"end":{"line":135,"column":13}},"62":{"start":{"line":130,"column":16},"end":{"line":134,"column":17}},"63":{"start":{"line":131,"column":20},"end":{"line":131,"column":37}},"64":{"start":{"line":132,"column":20},"end":{"line":132,"column":33}},"65":{"start":{"line":132,"column":28},"end":{"line":132,"column":33}},"66":{"start":{"line":133,"column":20},"end":{"line":133,"column":31}},"67":{"start":{"line":138,"column":12},"end":{"line":144,"column":13}},"68":{"start":{"line":139,"column":16},"end":{"line":143,"column":34}},"69":{"start":{"line":140,"column":20},"end":{"line":140,"column":42}},"70":{"start":{"line":140,"column":35},"end":{"line":140,"column":42}},"71":{"start":{"line":142,"column":20},"end":{"line":142,"column":51}},"72":{"start":{"line":146,"column":12},"end":{"line":146,"column":52}},"73":{"start":{"line":149,"column":8},"end":{"line":149,"column":20}},"74":{"start":{"line":158,"column":8},"end":{"line":158,"column":29}},"75":{"start":{"line":159,"column":8},"end":{"line":164,"column":9}},"76":{"start":{"line":160,"column":12},"end":{"line":160,"column":28}},"77":{"start":{"line":161,"column":12},"end":{"line":161,"column":26}},"78":{"start":{"line":162,"column":12},"end":{"line":162,"column":33}},"79":{"start":{"line":163,"column":12},"end":{"line":163,"column":19}},"80":{"start":{"line":166,"column":8},"end":{"line":170,"column":9}},"81":{"start":{"line":167,"column":23},"end":{"line":167,"column":46}},"82":{"start":{"line":168,"column":22},"end":{"line":168,"column":74}},"83":{"start":{"line":169,"column":12},"end":{"line":169,"column":47}},"84":{"start":{"line":172,"column":8},"end":{"line":172,"column":22}},"85":{"start":{"line":173,"column":8},"end":{"line":173,"column":33}},"86":{"start":{"line":181,"column":8},"end":{"line":183,"column":17}},"87":{"start":{"line":182,"column":12},"end":{"line":182,"column":54}},"88":{"start":{"line":191,"column":8},"end":{"line":191,"column":29}},"89":{"start":{"line":195,"column":8},"end":{"line":195,"column":27}},"90":{"start":{"line":197,"column":8},"end":{"line":200,"column":11}},"91":{"start":{"line":198,"column":12},"end":{"line":198,"column":33}},"92":{"start":{"line":199,"column":12},"end":{"line":199,"column":46}},"93":{"start":{"line":207,"column":8},"end":{"line":207,"column":39}},"94":{"start":{"line":208,"column":8},"end":{"line":208,"column":30}},"95":{"start":{"line":214,"column":8},"end":{"line":214,"column":28}},"96":{"start":{"line":215,"column":8},"end":{"line":215,"column":39}},"97":{"start":{"line":216,"column":8},"end":{"line":216,"column":29}},"98":{"start":{"line":225,"column":8},"end":{"line":225,"column":49}},"99":{"start":{"line":234,"column":8},"end":{"line":234,"column":43}},"100":{"start":{"line":242,"column":25},"end":{"line":242,"column":42}},"101":{"start":{"line":243,"column":19},"end":{"line":243,"column":76}},"102":{"start":{"line":245,"column":8},"end":{"line":247,"column":9}},"103":{"start":{"line":246,"column":12},"end":{"line":246,"column":34}},"104":{"start":{"line":248,"column":8},"end":{"line":248,"column":31}},"105":{"start":{"line":261,"column":21},"end":{"line":261,"column":38}},"106":{"start":{"line":262,"column":16},"end":{"line":262,"column":33}},"107":{"start":{"line":263,"column":16},"end":{"line":263,"column":32}},"108":{"start":{"line":265,"column":23},"end":{"line":265,"column":42}},"109":{"start":{"line":266,"column":23},"end":{"line":266,"column":41}},"110":{"start":{"line":269,"column":16},"end":{"line":269,"column":27}},"111":{"start":{"line":270,"column":16},"end":{"line":270,"column":27}},"112":{"start":{"line":272,"column":16},"end":{"line":272,"column":62}},"113":{"start":{"line":275,"column":8},"end":{"line":275,"column":47}},"114":{"start":{"line":275,"column":32},"end":{"line":275,"column":47}},"115":{"start":{"line":276,"column":8},"end":{"line":276,"column":44}},"116":{"start":{"line":276,"column":32},"end":{"line":276,"column":44}},"117":{"start":{"line":277,"column":8},"end":{"line":277,"column":73}},"118":{"start":{"line":277,"column":59},"end":{"line":277,"column":73}},"119":{"start":{"line":278,"column":8},"end":{"line":278,"column":48}},"120":{"start":{"line":278,"column":34},"end":{"line":278,"column":48}},"121":{"start":{"line":281,"column":8},"end":{"line":281,"column":21}},"122":{"start":{"line":292,"column":8},"end":{"line":292,"column":60}},"123":{"start":{"line":292,"column":53},"end":{"line":292,"column":60}},"124":{"start":{"line":293,"column":23},"end":{"line":293,"column":47}},"125":{"start":{"line":294,"column":8},"end":{"line":294,"column":37}},"126":{"start":{"line":296,"column":8},"end":{"line":296,"column":84}},"127":{"start":{"line":300,"column":8},"end":{"line":302,"column":9}},"128":{"start":{"line":301,"column":12},"end":{"line":301,"column":36}},"129":{"start":{"line":312,"column":16},"end":{"line":312,"column":51}},"130":{"start":{"line":313,"column":8},"end":{"line":313,"column":44}},"131":{"start":{"line":323,"column":25},"end":{"line":323,"column":42}},"132":{"start":{"line":324,"column":16},"end":{"line":324,"column":18}},"133":{"start":{"line":325,"column":8},"end":{"line":330,"column":9}},"134":{"start":{"line":326,"column":20},"end":{"line":326,"column":33}},"135":{"start":{"line":327,"column":12},"end":{"line":329,"column":13}},"136":{"start":{"line":328,"column":16},"end":{"line":328,"column":26}},"137":{"start":{"line":333,"column":18},"end":{"line":333,"column":54}},"138":{"start":{"line":334,"column":8},"end":{"line":334,"column":22}},"139":{"start":{"line":340,"column":8},"end":{"line":340,"column":63}},"140":{"start":{"line":342,"column":8},"end":{"line":342,"column":67}},"141":{"start":{"line":344,"column":8},"end":{"line":344,"column":68}},"142":{"start":{"line":348,"column":8},"end":{"line":350,"column":9}},"143":{"start":{"line":349,"column":12},"end":{"line":349,"column":27}},"144":{"start":{"line":354,"column":8},"end":{"line":354,"column":45}},"145":{"start":{"line":354,"column":38},"end":{"line":354,"column":45}},"146":{"start":{"line":355,"column":16},"end":{"line":355,"column":33}},"147":{"start":{"line":356,"column":17},"end":{"line":356,"column":39}},"148":{"start":{"line":357,"column":17},"end":{"line":357,"column":38}},"149":{"start":{"line":359,"column":17},"end":{"line":359,"column":34}},"150":{"start":{"line":360,"column":17},"end":{"line":360,"column":35}},"151":{"start":{"line":361,"column":17},"end":{"line":361,"column":38}},"152":{"start":{"line":362,"column":17},"end":{"line":362,"column":39}},"153":{"start":{"line":364,"column":18},"end":{"line":364,"column":28}},"154":{"start":{"line":365,"column":19},"end":{"line":365,"column":30}},"155":{"start":{"line":366,"column":16},"end":{"line":366,"column":17}},"156":{"start":{"line":367,"column":8},"end":{"line":371,"column":9}},"157":{"start":{"line":368,"column":12},"end":{"line":368,"column":20}},"158":{"start":{"line":369,"column":15},"end":{"line":371,"column":9}},"159":{"start":{"line":370,"column":12},"end":{"line":370,"column":30}},"160":{"start":{"line":373,"column":8},"end":{"line":377,"column":9}},"161":{"start":{"line":374,"column":12},"end":{"line":374,"column":21}},"162":{"start":{"line":375,"column":15},"end":{"line":377,"column":9}},"163":{"start":{"line":376,"column":12},"end":{"line":376,"column":31}},"164":{"start":{"line":379,"column":8},"end":{"line":379,"column":43}},"165":{"start":{"line":381,"column":8},"end":{"line":381,"column":35}},"166":{"start":{"line":385,"column":8},"end":{"line":385,"column":27}},"167":{"start":{"line":386,"column":8},"end":{"line":386,"column":27}},"168":{"start":{"line":394,"column":8},"end":{"line":394,"column":21}},"169":{"start":{"line":395,"column":8},"end":{"line":395,"column":33}},"170":{"start":{"line":396,"column":8},"end":{"line":396,"column":53}},"171":{"start":{"line":398,"column":8},"end":{"line":398,"column":57}},"172":{"start":{"line":399,"column":8},"end":{"line":399,"column":57}},"173":{"start":{"line":401,"column":8},"end":{"line":401,"column":52}},"174":{"start":{"line":402,"column":8},"end":{"line":402,"column":48}},"175":{"start":{"line":404,"column":8},"end":{"line":404,"column":90}},"176":{"start":{"line":408,"column":21},"end":{"line":408,"column":28}},"177":{"start":{"line":409,"column":21},"end":{"line":409,"column":28}},"178":{"start":{"line":410,"column":16},"end":{"line":410,"column":33}},"179":{"start":{"line":411,"column":8},"end":{"line":414,"column":9}},"180":{"start":{"line":419,"column":8},"end":{"line":419,"column":62}},"181":{"start":{"line":420,"column":8},"end":{"line":420,"column":90}},"182":{"start":{"line":424,"column":8},"end":{"line":424,"column":27}},"183":{"start":{"line":425,"column":16},"end":{"line":425,"column":45}},"184":{"start":{"line":426,"column":16},"end":{"line":426,"column":44}},"185":{"start":{"line":427,"column":8},"end":{"line":427,"column":26}},"186":{"start":{"line":428,"column":8},"end":{"line":428,"column":26}},"187":{"start":{"line":432,"column":8},"end":{"line":432,"column":50}},"188":{"start":{"line":434,"column":8},"end":{"line":434,"column":53}},"189":{"start":{"line":435,"column":8},"end":{"line":435,"column":49}},"190":{"start":{"line":437,"column":8},"end":{"line":437,"column":29}},"191":{"start":{"line":438,"column":8},"end":{"line":438,"column":26}},"192":{"start":{"line":439,"column":8},"end":{"line":439,"column":22}},"193":{"start":{"line":444,"column":8},"end":{"line":444,"column":47}},"194":{"start":{"line":444,"column":19},"end":{"line":444,"column":47}},"195":{"start":{"line":445,"column":8},"end":{"line":445,"column":32}},"196":{"start":{"line":451,"column":8},"end":{"line":451,"column":31}},"197":{"start":{"line":452,"column":8},"end":{"line":452,"column":30}},"198":{"start":{"line":457,"column":8},"end":{"line":457,"column":32}},"199":{"start":{"line":458,"column":8},"end":{"line":458,"column":31}},"200":{"start":{"line":468,"column":0},"end":{"line":492,"column":2}},"201":{"start":{"line":469,"column":4},"end":{"line":469,"column":18}},"202":{"start":{"line":470,"column":4},"end":{"line":470,"column":22}},"203":{"start":{"line":471,"column":4},"end":{"line":471,"column":22}},"204":{"start":{"line":472,"column":4},"end":{"line":472,"column":32}},"205":{"start":{"line":473,"column":4},"end":{"line":473,"column":35}},"206":{"start":{"line":474,"column":4},"end":{"line":474,"column":26}},"207":{"start":{"line":475,"column":4},"end":{"line":475,"column":39}},"208":{"start":{"line":476,"column":4},"end":{"line":476,"column":34}},"209":{"start":{"line":477,"column":4},"end":{"line":477,"column":26}},"210":{"start":{"line":478,"column":4},"end":{"line":478,"column":22}},"211":{"start":{"line":479,"column":4},"end":{"line":479,"column":42}},"212":{"start":{"line":480,"column":4},"end":{"line":480,"column":31}},"213":{"start":{"line":481,"column":4},"end":{"line":481,"column":32}},"214":{"start":{"line":482,"column":15},"end":{"line":482,"column":23}},"215":{"start":{"line":484,"column":4},"end":{"line":484,"column":33}},"216":{"start":{"line":485,"column":4},"end":{"line":491,"column":5}},"217":{"start":{"line":486,"column":20},"end":{"line":486,"column":56}},"218":{"start":{"line":488,"column":8},"end":{"line":488,"column":27}},"219":{"start":{"line":489,"column":8},"end":{"line":489,"column":35}},"220":{"start":{"line":490,"column":8},"end":{"line":490,"column":21}},"221":{"start":{"line":494,"column":0},"end":{"line":651,"column":2}},"222":{"start":{"line":496,"column":24},"end":{"line":496,"column":44}},"223":{"start":{"line":497,"column":8},"end":{"line":497,"column":34}},"224":{"start":{"line":498,"column":8},"end":{"line":498,"column":58}},"225":{"start":{"line":499,"column":8},"end":{"line":499,"column":76}},"226":{"start":{"line":501,"column":8},"end":{"line":501,"column":18}},"227":{"start":{"line":505,"column":16},"end":{"line":505,"column":18}},"228":{"start":{"line":506,"column":16},"end":{"line":506,"column":37}},"229":{"start":{"line":507,"column":8},"end":{"line":509,"column":9}},"230":{"start":{"line":508,"column":12},"end":{"line":508,"column":22}},"231":{"start":{"line":510,"column":8},"end":{"line":510,"column":17}},"232":{"start":{"line":515,"column":8},"end":{"line":521,"column":9}},"233":{"start":{"line":516,"column":22},"end":{"line":516,"column":42}},"234":{"start":{"line":517,"column":22},"end":{"line":517,"column":33}},"235":{"start":{"line":518,"column":12},"end":{"line":518,"column":31}},"236":{"start":{"line":518,"column":22},"end":{"line":518,"column":31}},"237":{"start":{"line":519,"column":12},"end":{"line":519,"column":47}},"238":{"start":{"line":524,"column":8},"end":{"line":524,"column":45}},"239":{"start":{"line":528,"column":8},"end":{"line":528,"column":29}},"240":{"start":{"line":533,"column":8},"end":{"line":533,"column":30}},"241":{"start":{"line":535,"column":8},"end":{"line":537,"column":9}},"242":{"start":{"line":536,"column":12},"end":{"line":536,"column":25}},"243":{"start":{"line":539,"column":8},"end":{"line":539,"column":70}},"244":{"start":{"line":540,"column":8},"end":{"line":540,"column":50}},"245":{"start":{"line":543,"column":8},"end":{"line":546,"column":9}},"246":{"start":{"line":544,"column":12},"end":{"line":544,"column":25}},"247":{"start":{"line":545,"column":12},"end":{"line":545,"column":33}},"248":{"start":{"line":548,"column":8},"end":{"line":548,"column":36}},"249":{"start":{"line":549,"column":8},"end":{"line":549,"column":39}},"250":{"start":{"line":550,"column":8},"end":{"line":550,"column":48}},"251":{"start":{"line":552,"column":8},"end":{"line":552,"column":20}},"252":{"start":{"line":557,"column":21},"end":{"line":557,"column":23}},"253":{"start":{"line":558,"column":8},"end":{"line":558,"column":73}},"254":{"start":{"line":558,"column":32},"end":{"line":558,"column":73}},"255":{"start":{"line":560,"column":8},"end":{"line":570,"column":9}},"256":{"start":{"line":561,"column":12},"end":{"line":568,"column":13}},"257":{"start":{"line":562,"column":25},"end":{"line":562,"column":34}},"258":{"start":{"line":563,"column":25},"end":{"line":563,"column":55}},"259":{"start":{"line":564,"column":16},"end":{"line":564,"column":85}},"260":{"start":{"line":567,"column":16},"end":{"line":567,"column":57}},"261":{"start":{"line":574,"column":8},"end":{"line":574,"column":54}},"262":{"start":{"line":574,"column":37},"end":{"line":574,"column":54}},"263":{"start":{"line":576,"column":8},"end":{"line":576,"column":42}},"264":{"start":{"line":576,"column":33},"end":{"line":576,"column":42}},"265":{"start":{"line":577,"column":27},"end":{"line":577,"column":45}},"266":{"start":{"line":578,"column":24},"end":{"line":578,"column":52}},"267":{"start":{"line":581,"column":8},"end":{"line":594,"column":9}},"268":{"start":{"line":582,"column":12},"end":{"line":582,"column":43}},"269":{"start":{"line":584,"column":13},"end":{"line":594,"column":9}},"270":{"start":{"line":585,"column":22},"end":{"line":585,"column":41}},"271":{"start":{"line":586,"column":12},"end":{"line":593,"column":13}},"272":{"start":{"line":587,"column":29},"end":{"line":587,"column":50}},"273":{"start":{"line":588,"column":16},"end":{"line":590,"column":17}},"274":{"start":{"line":589,"column":20},"end":{"line":589,"column":45}},"275":{"start":{"line":592,"column":16},"end":{"line":592,"column":37}},"276":{"start":{"line":596,"column":8},"end":{"line":596,"column":43}},"277":{"start":{"line":600,"column":16},"end":{"line":600,"column":40}},"278":{"start":{"line":601,"column":8},"end":{"line":601,"column":23}},"279":{"start":{"line":601,"column":16},"end":{"line":601,"column":23}},"280":{"start":{"line":602,"column":20},"end":{"line":602,"column":35}},"281":{"start":{"line":603,"column":8},"end":{"line":603,"column":32}},"282":{"start":{"line":603,"column":19},"end":{"line":603,"column":32}},"283":{"start":{"line":607,"column":8},"end":{"line":607,"column":83}},"284":{"start":{"line":611,"column":8},"end":{"line":611,"column":44}},"285":{"start":{"line":611,"column":37},"end":{"line":611,"column":44}},"286":{"start":{"line":612,"column":28},"end":{"line":612,"column":109}},"287":{"start":{"line":613,"column":27},"end":{"line":613,"column":91}},"288":{"start":{"line":614,"column":8},"end":{"line":614,"column":48}},"289":{"start":{"line":617,"column":8},"end":{"line":619,"column":9}},"290":{"start":{"line":618,"column":12},"end":{"line":618,"column":88}},"291":{"start":{"line":621,"column":8},"end":{"line":621,"column":21}},"292":{"start":{"line":622,"column":8},"end":{"line":622,"column":26}},"293":{"start":{"line":624,"column":8},"end":{"line":624,"column":95}},"294":{"start":{"line":628,"column":8},"end":{"line":635,"column":9}},"295":{"start":{"line":629,"column":12},"end":{"line":634,"column":13}},"296":{"start":{"line":630,"column":16},"end":{"line":630,"column":93}},"297":{"start":{"line":633,"column":16},"end":{"line":633,"column":92}},"298":{"start":{"line":642,"column":8},"end":{"line":642,"column":40}},"299":{"start":{"line":649,"column":8},"end":{"line":649,"column":21}},"300":{"start":{"line":653,"column":0},"end":{"line":653,"column":49}},"301":{"start":{"line":660,"column":0},"end":{"line":665,"column":2}},"302":{"start":{"line":661,"column":4},"end":{"line":661,"column":30}},"303":{"start":{"line":663,"column":4},"end":{"line":663,"column":24}},"304":{"start":{"line":664,"column":4},"end":{"line":664,"column":18}},"305":{"start":{"line":667,"column":0},"end":{"line":847,"column":2}},"306":{"start":{"line":674,"column":8},"end":{"line":674,"column":136}},"307":{"start":{"line":675,"column":8},"end":{"line":675,"column":62}},"308":{"start":{"line":677,"column":8},"end":{"line":677,"column":47}},"309":{"start":{"line":681,"column":20},"end":{"line":681,"column":76}},"310":{"start":{"line":683,"column":8},"end":{"line":687,"column":9}},"311":{"start":{"line":684,"column":20},"end":{"line":684,"column":28}},"312":{"start":{"line":685,"column":12},"end":{"line":685,"column":30}},"313":{"start":{"line":686,"column":12},"end":{"line":686,"column":38}},"314":{"start":{"line":686,"column":32},"end":{"line":686,"column":38}},"315":{"start":{"line":698,"column":16},"end":{"line":698,"column":39}},"316":{"start":{"line":699,"column":16},"end":{"line":699,"column":39}},"317":{"start":{"line":700,"column":16},"end":{"line":700,"column":38}},"318":{"start":{"line":702,"column":17},"end":{"line":702,"column":44}},"319":{"start":{"line":703,"column":17},"end":{"line":703,"column":43}},"320":{"start":{"line":705,"column":8},"end":{"line":705,"column":53}},"321":{"start":{"line":706,"column":8},"end":{"line":706,"column":54}},"322":{"start":{"line":707,"column":8},"end":{"line":707,"column":57}},"323":{"start":{"line":708,"column":8},"end":{"line":708,"column":56}},"324":{"start":{"line":711,"column":8},"end":{"line":732,"column":9}},"325":{"start":{"line":714,"column":16},"end":{"line":714,"column":39}},"326":{"start":{"line":715,"column":16},"end":{"line":715,"column":56}},"327":{"start":{"line":716,"column":16},"end":{"line":716,"column":22}},"328":{"start":{"line":719,"column":16},"end":{"line":719,"column":30}},"329":{"start":{"line":720,"column":16},"end":{"line":720,"column":56}},"330":{"start":{"line":721,"column":16},"end":{"line":721,"column":22}},"331":{"start":{"line":724,"column":16},"end":{"line":724,"column":30}},"332":{"start":{"line":725,"column":16},"end":{"line":725,"column":55}},"333":{"start":{"line":726,"column":16},"end":{"line":726,"column":22}},"334":{"start":{"line":729,"column":16},"end":{"line":729,"column":39}},"335":{"start":{"line":730,"column":16},"end":{"line":730,"column":55}},"336":{"start":{"line":731,"column":16},"end":{"line":731,"column":22}},"337":{"start":{"line":734,"column":8},"end":{"line":734,"column":48}},"338":{"start":{"line":735,"column":8},"end":{"line":735,"column":49}},"339":{"start":{"line":739,"column":16},"end":{"line":739,"column":38}},"340":{"start":{"line":740,"column":17},"end":{"line":740,"column":44}},"341":{"start":{"line":741,"column":17},"end":{"line":741,"column":43}},"342":{"start":{"line":743,"column":17},"end":{"line":743,"column":34}},"343":{"start":{"line":744,"column":17},"end":{"line":744,"column":35}},"344":{"start":{"line":745,"column":17},"end":{"line":745,"column":40}},"345":{"start":{"line":746,"column":17},"end":{"line":746,"column":41}},"346":{"start":{"line":748,"column":18},"end":{"line":748,"column":28}},"347":{"start":{"line":749,"column":19},"end":{"line":749,"column":30}},"348":{"start":{"line":750,"column":16},"end":{"line":750,"column":17}},"349":{"start":{"line":751,"column":8},"end":{"line":751,"column":53}},"350":{"start":{"line":751,"column":41},"end":{"line":751,"column":53}},"351":{"start":{"line":752,"column":8},"end":{"line":752,"column":69}},"352":{"start":{"line":752,"column":57},"end":{"line":752,"column":69}},"353":{"start":{"line":754,"column":8},"end":{"line":754,"column":21}},"354":{"start":{"line":758,"column":8},"end":{"line":758,"column":29}},"355":{"start":{"line":759,"column":8},"end":{"line":759,"column":20}},"356":{"start":{"line":760,"column":16},"end":{"line":760,"column":29}},"357":{"start":{"line":762,"column":8},"end":{"line":762,"column":25}},"358":{"start":{"line":763,"column":8},"end":{"line":763,"column":24}},"359":{"start":{"line":765,"column":8},"end":{"line":765,"column":21}},"360":{"start":{"line":767,"column":8},"end":{"line":767,"column":29}},"361":{"start":{"line":768,"column":8},"end":{"line":768,"column":27}},"362":{"start":{"line":769,"column":8},"end":{"line":769,"column":19}},"363":{"start":{"line":770,"column":8},"end":{"line":770,"column":26}},"364":{"start":{"line":772,"column":8},"end":{"line":772,"column":34}},"365":{"start":{"line":773,"column":8},"end":{"line":773,"column":45}},"366":{"start":{"line":777,"column":8},"end":{"line":777,"column":33}},"367":{"start":{"line":777,"column":26},"end":{"line":777,"column":33}},"368":{"start":{"line":778,"column":8},"end":{"line":778,"column":29}},"369":{"start":{"line":782,"column":8},"end":{"line":785,"column":9}},"370":{"start":{"line":783,"column":12},"end":{"line":783,"column":33}},"371":{"start":{"line":784,"column":12},"end":{"line":784,"column":19}},"372":{"start":{"line":787,"column":8},"end":{"line":787,"column":107}},"373":{"start":{"line":791,"column":8},"end":{"line":791,"column":33}},"374":{"start":{"line":791,"column":26},"end":{"line":791,"column":33}},"375":{"start":{"line":792,"column":8},"end":{"line":792,"column":29}},"376":{"start":{"line":793,"column":8},"end":{"line":793,"column":28}},"377":{"start":{"line":794,"column":8},"end":{"line":794,"column":28}},"378":{"start":{"line":798,"column":8},"end":{"line":798,"column":28}},"379":{"start":{"line":799,"column":8},"end":{"line":799,"column":26}},"380":{"start":{"line":800,"column":20},"end":{"line":800,"column":40}},"381":{"start":{"line":801,"column":19},"end":{"line":801,"column":39}},"382":{"start":{"line":802,"column":17},"end":{"line":802,"column":30}},"383":{"start":{"line":803,"column":18},"end":{"line":803,"column":19}},"384":{"start":{"line":806,"column":8},"end":{"line":819,"column":17}},"385":{"start":{"line":807,"column":12},"end":{"line":807,"column":38}},"386":{"start":{"line":807,"column":31},"end":{"line":807,"column":38}},"387":{"start":{"line":808,"column":12},"end":{"line":818,"column":13}},"388":{"start":{"line":809,"column":16},"end":{"line":809,"column":37}},"389":{"start":{"line":810,"column":16},"end":{"line":813,"column":17}},"390":{"start":{"line":811,"column":20},"end":{"line":811,"column":31}},"391":{"start":{"line":812,"column":20},"end":{"line":812,"column":32}},"392":{"start":{"line":815,"column":16},"end":{"line":815,"column":55}},"393":{"start":{"line":816,"column":16},"end":{"line":816,"column":22}},"394":{"start":{"line":817,"column":16},"end":{"line":817,"column":83}},"395":{"start":{"line":821,"column":8},"end":{"line":821,"column":24}},"396":{"start":{"line":826,"column":8},"end":{"line":830,"column":9}},"397":{"start":{"line":827,"column":12},"end":{"line":827,"column":31}},"398":{"start":{"line":828,"column":15},"end":{"line":830,"column":9}},"399":{"start":{"line":829,"column":12},"end":{"line":829,"column":29}},"400":{"start":{"line":834,"column":8},"end":{"line":834,"column":40}},"401":{"start":{"line":835,"column":8},"end":{"line":838,"column":9}},"402":{"start":{"line":836,"column":12},"end":{"line":836,"column":46}},"403":{"start":{"line":837,"column":12},"end":{"line":837,"column":32}},"404":{"start":{"line":842,"column":8},"end":{"line":842,"column":44}},"405":{"start":{"line":842,"column":28},"end":{"line":842,"column":44}},"406":{"start":{"line":843,"column":8},"end":{"line":843,"column":107}},"407":{"start":{"line":849,"column":0},"end":{"line":849,"column":58}},"408":{"start":{"line":851,"column":0},"end":{"line":876,"column":2}},"409":{"start":{"line":852,"column":15},"end":{"line":852,"column":38}},"410":{"start":{"line":854,"column":17},"end":{"line":854,"column":43}},"411":{"start":{"line":855,"column":19},"end":{"line":855,"column":53}},"412":{"start":{"line":856,"column":20},"end":{"line":856,"column":55}},"413":{"start":{"line":859,"column":4},"end":{"line":861,"column":7}},"414":{"start":{"line":860,"column":8},"end":{"line":860,"column":17}},"415":{"start":{"line":865,"column":4},"end":{"line":867,"column":7}},"416":{"start":{"line":866,"column":8},"end":{"line":866,"column":19}},"417":{"start":{"line":870,"column":13},"end":{"line":873,"column":5}},"418":{"start":{"line":871,"column":16},"end":{"line":871,"column":68}},"419":{"start":{"line":872,"column":8},"end":{"line":872,"column":21}},"420":{"start":{"line":875,"column":4},"end":{"line":875,"column":62}},"421":{"start":{"line":878,"column":0},"end":{"line":878,"column":23}},"422":{"start":{"line":879,"column":0},"end":{"line":896,"column":2}},"423":{"start":{"line":880,"column":14},"end":{"line":880,"column":37}},"424":{"start":{"line":881,"column":4},"end":{"line":881,"column":24}},"425":{"start":{"line":881,"column":13},"end":{"line":881,"column":24}},"426":{"start":{"line":884,"column":4},"end":{"line":884,"column":49}},"427":{"start":{"line":886,"column":14},"end":{"line":886,"column":31}},"428":{"start":{"line":887,"column":14},"end":{"line":887,"column":25}},"429":{"start":{"line":889,"column":4},"end":{"line":889,"column":29}},"430":{"start":{"line":890,"column":4},"end":{"line":890,"column":29}},"431":{"start":{"line":893,"column":4},"end":{"line":893,"column":33}},"432":{"start":{"line":895,"column":4},"end":{"line":895,"column":25}},"433":{"start":{"line":898,"column":0},"end":{"line":898,"column":25}},"434":{"start":{"line":900,"column":0},"end":{"line":920,"column":2}},"435":{"start":{"line":901,"column":14},"end":{"line":901,"column":39}},"436":{"start":{"line":902,"column":4},"end":{"line":902,"column":24}},"437":{"start":{"line":902,"column":13},"end":{"line":902,"column":24}},"438":{"start":{"line":905,"column":4},"end":{"line":905,"column":51}},"439":{"start":{"line":907,"column":16},"end":{"line":907,"column":47}},"440":{"start":{"line":908,"column":21},"end":{"line":908,"column":81}},"441":{"start":{"line":909,"column":21},"end":{"line":909,"column":97}},"442":{"start":{"line":911,"column":4},"end":{"line":917,"column":5}},"443":{"start":{"line":912,"column":8},"end":{"line":912,"column":24}},"444":{"start":{"line":914,"column":18},"end":{"line":914,"column":75}},"445":{"start":{"line":916,"column":8},"end":{"line":916,"column":37}},"446":{"start":{"line":919,"column":4},"end":{"line":919,"column":24}},"447":{"start":{"line":923,"column":0},"end":{"line":923,"column":23}},"448":{"start":{"line":924,"column":0},"end":{"line":935,"column":2}},"449":{"start":{"line":925,"column":14},"end":{"line":925,"column":37}},"450":{"start":{"line":926,"column":4},"end":{"line":926,"column":24}},"451":{"start":{"line":926,"column":13},"end":{"line":926,"column":24}},"452":{"start":{"line":928,"column":4},"end":{"line":928,"column":41}},"453":{"start":{"line":930,"column":14},"end":{"line":930,"column":32}},"454":{"start":{"line":932,"column":4},"end":{"line":932,"column":33}},"455":{"start":{"line":934,"column":4},"end":{"line":934,"column":25}},"456":{"start":{"line":937,"column":0},"end":{"line":944,"column":2}},"457":{"start":{"line":938,"column":17},"end":{"line":938,"column":49}},"458":{"start":{"line":939,"column":4},"end":{"line":939,"column":36}},"459":{"start":{"line":940,"column":4},"end":{"line":940,"column":42}},"460":{"start":{"line":941,"column":4},"end":{"line":941,"column":51}},"461":{"start":{"line":943,"column":4},"end":{"line":943,"column":38}},"462":{"start":{"line":946,"column":0},"end":{"line":952,"column":2}},"463":{"start":{"line":947,"column":14},"end":{"line":947,"column":37}},"464":{"start":{"line":948,"column":4},"end":{"line":950,"column":5}},"465":{"start":{"line":949,"column":8},"end":{"line":949,"column":53}},"466":{"start":{"line":951,"column":4},"end":{"line":951,"column":15}},"467":{"start":{"line":954,"column":0},"end":{"line":957,"column":2}},"468":{"start":{"line":955,"column":14},"end":{"line":955,"column":44}},"469":{"start":{"line":956,"column":4},"end":{"line":956,"column":22}},"470":{"start":{"line":959,"column":0},"end":{"line":966,"column":2}},"471":{"start":{"line":960,"column":14},"end":{"line":960,"column":39}},"472":{"start":{"line":961,"column":4},"end":{"line":963,"column":5}},"473":{"start":{"line":962,"column":8},"end":{"line":962,"column":55}},"474":{"start":{"line":965,"column":4},"end":{"line":965,"column":22}},"475":{"start":{"line":973,"column":0},"end":{"line":976,"column":2}},"476":{"start":{"line":974,"column":4},"end":{"line":974,"column":21}},"477":{"start":{"line":975,"column":4},"end":{"line":975,"column":44}},"478":{"start":{"line":978,"column":0},"end":{"line":1016,"column":2}},"479":{"start":{"line":985,"column":8},"end":{"line":985,"column":31}},"480":{"start":{"line":987,"column":8},"end":{"line":989,"column":9}},"481":{"start":{"line":988,"column":12},"end":{"line":988,"column":34}},"482":{"start":{"line":995,"column":8},"end":{"line":998,"column":9}},"483":{"start":{"line":996,"column":12},"end":{"line":996,"column":36}},"484":{"start":{"line":997,"column":12},"end":{"line":997,"column":19}},"485":{"start":{"line":1000,"column":16},"end":{"line":1000,"column":35}},"486":{"start":{"line":1001,"column":8},"end":{"line":1001,"column":28}},"487":{"start":{"line":1004,"column":31},"end":{"line":1004,"column":55}},"488":{"start":{"line":1005,"column":8},"end":{"line":1005,"column":28}},"489":{"start":{"line":1009,"column":8},"end":{"line":1009,"column":25}},"490":{"start":{"line":1013,"column":8},"end":{"line":1013,"column":29}},"491":{"start":{"line":1014,"column":8},"end":{"line":1014,"column":30}}},"fnMap":{"0":{"name":"(anonymous_0)","decl":{"start":{"line":10,"column":15},"end":{"line":10,"column":16}},"loc":{"start":{"line":10,"column":61},"end":{"line":24,"column":1}}},"1":{"name":"(anonymous_1)","decl":{"start":{"line":35,"column":14},"end":{"line":35,"column":15}},"loc":{"start":{"line":35,"column":30},"end":{"line":42,"column":5}}},"2":{"name":"(anonymous_2)","decl":{"start":{"line":49,"column":9},"end":{"line":49,"column":10}},"loc":{"start":{"line":49,"column":35},"end":{"line":66,"column":5}}},"3":{"name":"(anonymous_3)","decl":{"start":{"line":61,"column":42},"end":{"line":61,"column":43}},"loc":{"start":{"line":61,"column":54},"end":{"line":65,"column":9}}},"4":{"name":"(anonymous_4)","decl":{"start":{"line":69,"column":11},"end":{"line":69,"column":12}},"loc":{"start":{"line":69,"column":37},"end":{"line":106,"column":5}}},"5":{"name":"(anonymous_5)","decl":{"start":{"line":74,"column":25},"end":{"line":74,"column":26}},"loc":{"start":{"line":74,"column":45},"end":{"line":105,"column":9}}},"6":{"name":"(anonymous_6)","decl":{"start":{"line":89,"column":35},"end":{"line":89,"column":36}},"loc":{"start":{"line":89,"column":58},"end":{"line":102,"column":13}}},"7":{"name":"(anonymous_7)","decl":{"start":{"line":96,"column":72},"end":{"line":96,"column":73}},"loc":{"start":{"line":96,"column":84},"end":{"line":99,"column":21}}},"8":{"name":"(anonymous_8)","decl":{"start":{"line":108,"column":18},"end":{"line":108,"column":19}},"loc":{"start":{"line":108,"column":49},"end":{"line":118,"column":5}}},"9":{"name":"(anonymous_9)","decl":{"start":{"line":112,"column":39},"end":{"line":112,"column":40}},"loc":{"start":{"line":112,"column":51},"end":{"line":114,"column":13}}},"10":{"name":"(anonymous_10)","decl":{"start":{"line":120,"column":9},"end":{"line":120,"column":10}},"loc":{"start":{"line":120,"column":43},"end":{"line":150,"column":5}}},"11":{"name":"(anonymous_11)","decl":{"start":{"line":126,"column":25},"end":{"line":126,"column":26}},"loc":{"start":{"line":126,"column":45},"end":{"line":147,"column":9}}},"12":{"name":"(anonymous_12)","decl":{"start":{"line":129,"column":27},"end":{"line":129,"column":28}},"loc":{"start":{"line":129,"column":50},"end":{"line":135,"column":13}}},"13":{"name":"(anonymous_13)","decl":{"start":{"line":139,"column":42},"end":{"line":139,"column":43}},"loc":{"start":{"line":139,"column":54},"end":{"line":143,"column":17}}},"14":{"name":"(anonymous_14)","decl":{"start":{"line":156,"column":9},"end":{"line":156,"column":10}},"loc":{"start":{"line":156,"column":25},"end":{"line":174,"column":5}}},"15":{"name":"(anonymous_15)","decl":{"start":{"line":180,"column":10},"end":{"line":180,"column":11}},"loc":{"start":{"line":180,"column":32},"end":{"line":184,"column":5}}},"16":{"name":"(anonymous_16)","decl":{"start":{"line":181,"column":25},"end":{"line":181,"column":26}},"loc":{"start":{"line":181,"column":45},"end":{"line":183,"column":9}}},"17":{"name":"(anonymous_17)","decl":{"start":{"line":190,"column":17},"end":{"line":190,"column":18}},"loc":{"start":{"line":190,"column":29},"end":{"line":192,"column":5}}},"18":{"name":"(anonymous_18)","decl":{"start":{"line":194,"column":10},"end":{"line":194,"column":11}},"loc":{"start":{"line":194,"column":26},"end":{"line":201,"column":5}}},"19":{"name":"(anonymous_19)","decl":{"start":{"line":197,"column":25},"end":{"line":197,"column":26}},"loc":{"start":{"line":197,"column":45},"end":{"line":200,"column":9}}},"20":{"name":"(anonymous_20)","decl":{"start":{"line":206,"column":16},"end":{"line":206,"column":17}},"loc":{"start":{"line":206,"column":28},"end":{"line":209,"column":5}}},"21":{"name":"(anonymous_21)","decl":{"start":{"line":212,"column":9},"end":{"line":212,"column":10}},"loc":{"start":{"line":212,"column":21},"end":{"line":217,"column":5}}},"22":{"name":"(anonymous_22)","decl":{"start":{"line":224,"column":17},"end":{"line":224,"column":18}},"loc":{"start":{"line":224,"column":33},"end":{"line":226,"column":5}}},"23":{"name":"(anonymous_23)","decl":{"start":{"line":233,"column":15},"end":{"line":233,"column":16}},"loc":{"start":{"line":233,"column":27},"end":{"line":235,"column":5}}},"24":{"name":"(anonymous_24)","decl":{"start":{"line":241,"column":12},"end":{"line":241,"column":13}},"loc":{"start":{"line":241,"column":24},"end":{"line":249,"column":5}}},"25":{"name":"(anonymous_25)","decl":{"start":{"line":260,"column":18},"end":{"line":260,"column":19}},"loc":{"start":{"line":260,"column":34},"end":{"line":282,"column":5}}},"26":{"name":"(anonymous_26)","decl":{"start":{"line":291,"column":18},"end":{"line":291,"column":19}},"loc":{"start":{"line":291,"column":30},"end":{"line":297,"column":5}}},"27":{"name":"(anonymous_27)","decl":{"start":{"line":299,"column":20},"end":{"line":299,"column":21}},"loc":{"start":{"line":299,"column":43},"end":{"line":303,"column":5}}},"28":{"name":"(anonymous_28)","decl":{"start":{"line":311,"column":21},"end":{"line":311,"column":22}},"loc":{"start":{"line":311,"column":33},"end":{"line":314,"column":5}}},"29":{"name":"(anonymous_29)","decl":{"start":{"line":322,"column":22},"end":{"line":322,"column":23}},"loc":{"start":{"line":322,"column":34},"end":{"line":335,"column":5}}},"30":{"name":"(anonymous_30)","decl":{"start":{"line":339,"column":17},"end":{"line":339,"column":18}},"loc":{"start":{"line":339,"column":29},"end":{"line":345,"column":5}}},"31":{"name":"(anonymous_31)","decl":{"start":{"line":347,"column":19},"end":{"line":347,"column":20}},"loc":{"start":{"line":347,"column":31},"end":{"line":351,"column":5}}},"32":{"name":"(anonymous_32)","decl":{"start":{"line":353,"column":15},"end":{"line":353,"column":16}},"loc":{"start":{"line":353,"column":27},"end":{"line":382,"column":5}}},"33":{"name":"(anonymous_33)","decl":{"start":{"line":384,"column":17},"end":{"line":384,"column":18}},"loc":{"start":{"line":384,"column":30},"end":{"line":387,"column":5}}},"34":{"name":"(anonymous_34)","decl":{"start":{"line":392,"column":15},"end":{"line":392,"column":16}},"loc":{"start":{"line":392,"column":28},"end":{"line":405,"column":5}}},"35":{"name":"(anonymous_35)","decl":{"start":{"line":407,"column":26},"end":{"line":407,"column":27}},"loc":{"start":{"line":407,"column":39},"end":{"line":416,"column":5}}},"36":{"name":"(anonymous_36)","decl":{"start":{"line":418,"column":20},"end":{"line":418,"column":21}},"loc":{"start":{"line":418,"column":32},"end":{"line":421,"column":5}}},"37":{"name":"(anonymous_37)","decl":{"start":{"line":423,"column":14},"end":{"line":423,"column":15}},"loc":{"start":{"line":423,"column":27},"end":{"line":429,"column":5}}},"38":{"name":"(anonymous_38)","decl":{"start":{"line":431,"column":16},"end":{"line":431,"column":17}},"loc":{"start":{"line":431,"column":28},"end":{"line":441,"column":5}}},"39":{"name":"(anonymous_39)","decl":{"start":{"line":443,"column":16},"end":{"line":443,"column":17}},"loc":{"start":{"line":443,"column":39},"end":{"line":446,"column":5}}},"40":{"name":"(anonymous_40)","decl":{"start":{"line":450,"column":10},"end":{"line":450,"column":11}},"loc":{"start":{"line":450,"column":22},"end":{"line":454,"column":5}}},"41":{"name":"(anonymous_41)","decl":{"start":{"line":456,"column":11},"end":{"line":456,"column":12}},"loc":{"start":{"line":456,"column":23},"end":{"line":459,"column":5}}},"42":{"name":"(anonymous_42)","decl":{"start":{"line":468,"column":18},"end":{"line":468,"column":19}},"loc":{"start":{"line":468,"column":52},"end":{"line":492,"column":1}}},"43":{"name":"(anonymous_43)","decl":{"start":{"line":495,"column":18},"end":{"line":495,"column":19}},"loc":{"start":{"line":495,"column":32},"end":{"line":502,"column":5}}},"44":{"name":"(anonymous_44)","decl":{"start":{"line":504,"column":15},"end":{"line":504,"column":16}},"loc":{"start":{"line":504,"column":27},"end":{"line":511,"column":5}}},"45":{"name":"(anonymous_45)","decl":{"start":{"line":513,"column":18},"end":{"line":513,"column":19}},"loc":{"start":{"line":513,"column":36},"end":{"line":522,"column":5}}},"46":{"name":"(anonymous_46)","decl":{"start":{"line":523,"column":17},"end":{"line":523,"column":18}},"loc":{"start":{"line":523,"column":33},"end":{"line":525,"column":5}}},"47":{"name":"(anonymous_47)","decl":{"start":{"line":527,"column":18},"end":{"line":527,"column":19}},"loc":{"start":{"line":527,"column":30},"end":{"line":529,"column":5}}},"48":{"name":"(anonymous_48)","decl":{"start":{"line":532,"column":18},"end":{"line":532,"column":19}},"loc":{"start":{"line":532,"column":64},"end":{"line":553,"column":5}}},"49":{"name":"(anonymous_49)","decl":{"start":{"line":556,"column":10},"end":{"line":556,"column":11}},"loc":{"start":{"line":556,"column":22},"end":{"line":571,"column":5}}},"50":{"name":"(anonymous_50)","decl":{"start":{"line":573,"column":27},"end":{"line":573,"column":28}},"loc":{"start":{"line":573,"column":39},"end":{"line":597,"column":5}}},"51":{"name":"(anonymous_51)","decl":{"start":{"line":599,"column":15},"end":{"line":599,"column":16}},"loc":{"start":{"line":599,"column":27},"end":{"line":604,"column":5}}},"52":{"name":"(anonymous_52)","decl":{"start":{"line":606,"column":17},"end":{"line":606,"column":18}},"loc":{"start":{"line":606,"column":29},"end":{"line":608,"column":5}}},"53":{"name":"(anonymous_53)","decl":{"start":{"line":610,"column":10},"end":{"line":610,"column":11}},"loc":{"start":{"line":610,"column":22},"end":{"line":636,"column":5}}},"54":{"name":"(anonymous_54)","decl":{"start":{"line":641,"column":10},"end":{"line":641,"column":11}},"loc":{"start":{"line":641,"column":22},"end":{"line":643,"column":5}}},"55":{"name":"(anonymous_55)","decl":{"start":{"line":648,"column":11},"end":{"line":648,"column":12}},"loc":{"start":{"line":648,"column":23},"end":{"line":650,"column":5}}},"56":{"name":"(anonymous_56)","decl":{"start":{"line":660,"column":17},"end":{"line":660,"column":18}},"loc":{"start":{"line":660,"column":37},"end":{"line":665,"column":1}}},"57":{"name":"(anonymous_57)","decl":{"start":{"line":672,"column":11},"end":{"line":672,"column":12}},"loc":{"start":{"line":672,"column":23},"end":{"line":678,"column":5}}},"58":{"name":"(anonymous_58)","decl":{"start":{"line":680,"column":15},"end":{"line":680,"column":16}},"loc":{"start":{"line":680,"column":27},"end":{"line":688,"column":5}}},"59":{"name":"(anonymous_59)","decl":{"start":{"line":697,"column":14},"end":{"line":697,"column":15}},"loc":{"start":{"line":697,"column":30},"end":{"line":736,"column":5}}},"60":{"name":"(anonymous_60)","decl":{"start":{"line":738,"column":11},"end":{"line":738,"column":12}},"loc":{"start":{"line":738,"column":23},"end":{"line":755,"column":5}}},"61":{"name":"(anonymous_61)","decl":{"start":{"line":757,"column":10},"end":{"line":757,"column":11}},"loc":{"start":{"line":757,"column":42},"end":{"line":774,"column":5}}},"62":{"name":"(anonymous_62)","decl":{"start":{"line":776,"column":9},"end":{"line":776,"column":10}},"loc":{"start":{"line":776,"column":21},"end":{"line":779,"column":5}}},"63":{"name":"(anonymous_63)","decl":{"start":{"line":781,"column":9},"end":{"line":781,"column":10}},"loc":{"start":{"line":781,"column":25},"end":{"line":788,"column":5}}},"64":{"name":"(anonymous_64)","decl":{"start":{"line":790,"column":23},"end":{"line":790,"column":24}},"loc":{"start":{"line":790,"column":35},"end":{"line":795,"column":5}}},"65":{"name":"(anonymous_65)","decl":{"start":{"line":797,"column":14},"end":{"line":797,"column":15}},"loc":{"start":{"line":797,"column":46},"end":{"line":823,"column":5}}},"66":{"name":"(anonymous_66)","decl":{"start":{"line":806,"column":32},"end":{"line":806,"column":33}},"loc":{"start":{"line":806,"column":44},"end":{"line":819,"column":9}}},"67":{"name":"(anonymous_67)","decl":{"start":{"line":825,"column":10},"end":{"line":825,"column":11}},"loc":{"start":{"line":825,"column":22},"end":{"line":831,"column":5}}},"68":{"name":"(anonymous_68)","decl":{"start":{"line":833,"column":10},"end":{"line":833,"column":11}},"loc":{"start":{"line":833,"column":22},"end":{"line":839,"column":5}}},"69":{"name":"(anonymous_69)","decl":{"start":{"line":841,"column":11},"end":{"line":841,"column":12}},"loc":{"start":{"line":841,"column":23},"end":{"line":844,"column":5}}},"70":{"name":"(anonymous_70)","decl":{"start":{"line":851,"column":14},"end":{"line":851,"column":15}},"loc":{"start":{"line":851,"column":65},"end":{"line":876,"column":1}}},"71":{"name":"(anonymous_71)","decl":{"start":{"line":859,"column":18},"end":{"line":859,"column":19}},"loc":{"start":{"line":859,"column":31},"end":{"line":861,"column":5}}},"72":{"name":"(anonymous_72)","decl":{"start":{"line":865,"column":19},"end":{"line":865,"column":20}},"loc":{"start":{"line":865,"column":32},"end":{"line":867,"column":5}}},"73":{"name":"(anonymous_73)","decl":{"start":{"line":870,"column":13},"end":{"line":870,"column":14}},"loc":{"start":{"line":870,"column":25},"end":{"line":873,"column":5}}},"74":{"name":"(anonymous_74)","decl":{"start":{"line":879,"column":23},"end":{"line":879,"column":24}},"loc":{"start":{"line":879,"column":39},"end":{"line":896,"column":1}}},"75":{"name":"(anonymous_75)","decl":{"start":{"line":900,"column":26},"end":{"line":900,"column":27}},"loc":{"start":{"line":900,"column":48},"end":{"line":920,"column":1}}},"76":{"name":"(anonymous_76)","decl":{"start":{"line":924,"column":25},"end":{"line":924,"column":26}},"loc":{"start":{"line":924,"column":47},"end":{"line":935,"column":1}}},"77":{"name":"(anonymous_77)","decl":{"start":{"line":937,"column":26},"end":{"line":937,"column":27}},"loc":{"start":{"line":937,"column":41},"end":{"line":944,"column":1}}},"78":{"name":"(anonymous_78)","decl":{"start":{"line":946,"column":27},"end":{"line":946,"column":28}},"loc":{"start":{"line":946,"column":43},"end":{"line":952,"column":1}}},"79":{"name":"(anonymous_79)","decl":{"start":{"line":954,"column":15},"end":{"line":954,"column":16}},"loc":{"start":{"line":954,"column":37},"end":{"line":957,"column":1}}},"80":{"name":"(anonymous_80)","decl":{"start":{"line":959,"column":21},"end":{"line":959,"column":22}},"loc":{"start":{"line":959,"column":43},"end":{"line":966,"column":1}}},"81":{"name":"(anonymous_81)","decl":{"start":{"line":973,"column":15},"end":{"line":973,"column":16}},"loc":{"start":{"line":973,"column":42},"end":{"line":976,"column":1}}},"82":{"name":"(anonymous_82)","decl":{"start":{"line":984,"column":10},"end":{"line":984,"column":11}},"loc":{"start":{"line":984,"column":26},"end":{"line":990,"column":5}}},"83":{"name":"(anonymous_83)","decl":{"start":{"line":992,"column":19},"end":{"line":992,"column":20}},"loc":{"start":{"line":992,"column":31},"end":{"line":1006,"column":5}}},"84":{"name":"(anonymous_84)","decl":{"start":{"line":1008,"column":10},"end":{"line":1008,"column":11}},"loc":{"start":{"line":1008,"column":22},"end":{"line":1010,"column":5}}},"85":{"name":"(anonymous_85)","decl":{"start":{"line":1012,"column":9},"end":{"line":1012,"column":10}},"loc":{"start":{"line":1012,"column":21},"end":{"line":1015,"column":5}}}},"branchMap":{"0":{"loc":{"start":{"line":40,"column":24},"end":{"line":40,"column":67}},"type":"cond-expr","locations":[{"start":{"line":40,"column":51},"end":{"line":40,"column":56}},{"start":{"line":40,"column":59},"end":{"line":40,"column":67}}]},"1":{"loc":{"start":{"line":53,"column":8},"end":{"line":59,"column":9}},"type":"if","locations":[{"start":{"line":53,"column":8},"end":{"line":59,"column":9}},{"start":{"line":53,"column":8},"end":{"line":59,"column":9}}]},"2":{"loc":{"start":{"line":57,"column":12},"end":{"line":57,"column":37}},"type":"if","locations":[{"start":{"line":57,"column":12},"end":{"line":57,"column":37}},{"start":{"line":57,"column":12},"end":{"line":57,"column":37}}]},"3":{"loc":{"start":{"line":64,"column":12},"end":{"line":64,"column":37}},"type":"if","locations":[{"start":{"line":64,"column":12},"end":{"line":64,"column":37}},{"start":{"line":64,"column":12},"end":{"line":64,"column":37}}]},"4":{"loc":{"start":{"line":72,"column":8},"end":{"line":72,"column":52}},"type":"if","locations":[{"start":{"line":72,"column":8},"end":{"line":72,"column":52}},{"start":{"line":72,"column":8},"end":{"line":72,"column":52}}]},"5":{"loc":{"start":{"line":76,"column":12},"end":{"line":81,"column":13}},"type":"if","locations":[{"start":{"line":76,"column":12},"end":{"line":81,"column":13}},{"start":{"line":76,"column":12},"end":{"line":81,"column":13}}]},"6":{"loc":{"start":{"line":84,"column":12},"end":{"line":87,"column":13}},"type":"if","locations":[{"start":{"line":84,"column":12},"end":{"line":87,"column":13}},{"start":{"line":84,"column":12},"end":{"line":87,"column":13}}]},"7":{"loc":{"start":{"line":91,"column":16},"end":{"line":93,"column":17}},"type":"if","locations":[{"start":{"line":91,"column":16},"end":{"line":93,"column":17}},{"start":{"line":91,"column":16},"end":{"line":93,"column":17}}]},"8":{"loc":{"start":{"line":95,"column":16},"end":{"line":100,"column":17}},"type":"if","locations":[{"start":{"line":95,"column":16},"end":{"line":100,"column":17}},{"start":{"line":95,"column":16},"end":{"line":100,"column":17}}]},"9":{"loc":{"start":{"line":111,"column":8},"end":{"line":115,"column":9}},"type":"if","locations":[{"start":{"line":111,"column":8},"end":{"line":115,"column":9}},{"start":{"line":111,"column":8},"end":{"line":115,"column":9}}]},"10":{"loc":{"start":{"line":111,"column":12},"end":{"line":111,"column":91}},"type":"binary-expr","locations":[{"start":{"line":111,"column":12},"end":{"line":111,"column":35}},{"start":{"line":111,"column":39},"end":{"line":111,"column":52}},{"start":{"line":111,"column":56},"end":{"line":111,"column":91}}]},"11":{"loc":{"start":{"line":121,"column":8},"end":{"line":121,"column":56}},"type":"if","locations":[{"start":{"line":121,"column":8},"end":{"line":121,"column":56}},{"start":{"line":121,"column":8},"end":{"line":121,"column":56}}]},"12":{"loc":{"start":{"line":123,"column":8},"end":{"line":123,"column":50}},"type":"if","locations":[{"start":{"line":123,"column":8},"end":{"line":123,"column":50}},{"start":{"line":123,"column":8},"end":{"line":123,"column":50}}]},"13":{"loc":{"start":{"line":130,"column":16},"end":{"line":134,"column":17}},"type":"if","locations":[{"start":{"line":130,"column":16},"end":{"line":134,"column":17}},{"start":{"line":130,"column":16},"end":{"line":134,"column":17}}]},"14":{"loc":{"start":{"line":132,"column":20},"end":{"line":132,"column":33}},"type":"if","locations":[{"start":{"line":132,"column":20},"end":{"line":132,"column":33}},{"start":{"line":132,"column":20},"end":{"line":132,"column":33}}]},"15":{"loc":{"start":{"line":138,"column":12},"end":{"line":144,"column":13}},"type":"if","locations":[{"start":{"line":138,"column":12},"end":{"line":144,"column":13}},{"start":{"line":138,"column":12},"end":{"line":144,"column":13}}]},"16":{"loc":{"start":{"line":140,"column":20},"end":{"line":140,"column":42}},"type":"if","locations":[{"start":{"line":140,"column":20},"end":{"line":140,"column":42}},{"start":{"line":140,"column":20},"end":{"line":140,"column":42}}]},"17":{"loc":{"start":{"line":159,"column":8},"end":{"line":164,"column":9}},"type":"if","locations":[{"start":{"line":159,"column":8},"end":{"line":164,"column":9}},{"start":{"line":159,"column":8},"end":{"line":164,"column":9}}]},"18":{"loc":{"start":{"line":166,"column":8},"end":{"line":170,"column":9}},"type":"if","locations":[{"start":{"line":166,"column":8},"end":{"line":170,"column":9}},{"start":{"line":166,"column":8},"end":{"line":170,"column":9}}]},"19":{"loc":{"start":{"line":166,"column":12},"end":{"line":166,"column":78}},"type":"binary-expr","locations":[{"start":{"line":166,"column":12},"end":{"line":166,"column":42}},{"start":{"line":166,"column":46},"end":{"line":166,"column":78}}]},"20":{"loc":{"start":{"line":195,"column":15},"end":{"line":195,"column":26}},"type":"binary-expr","locations":[{"start":{"line":195,"column":15},"end":{"line":195,"column":19}},{"start":{"line":195,"column":23},"end":{"line":195,"column":26}}]},"21":{"loc":{"start":{"line":245,"column":8},"end":{"line":247,"column":9}},"type":"if","locations":[{"start":{"line":245,"column":8},"end":{"line":247,"column":9}},{"start":{"line":245,"column":8},"end":{"line":247,"column":9}}]},"22":{"loc":{"start":{"line":275,"column":8},"end":{"line":275,"column":47}},"type":"if","locations":[{"start":{"line":275,"column":8},"end":{"line":275,"column":47}},{"start":{"line":275,"column":8},"end":{"line":275,"column":47}}]},"23":{"loc":{"start":{"line":275,"column":12},"end":{"line":275,"column":30}},"type":"binary-expr","locations":[{"start":{"line":275,"column":12},"end":{"line":275,"column":20}},{"start":{"line":275,"column":24},"end":{"line":275,"column":30}}]},"24":{"loc":{"start":{"line":276,"column":8},"end":{"line":276,"column":44}},"type":"if","locations":[{"start":{"line":276,"column":8},"end":{"line":276,"column":44}},{"start":{"line":276,"column":8},"end":{"line":276,"column":44}}]},"25":{"loc":{"start":{"line":276,"column":12},"end":{"line":276,"column":30}},"type":"binary-expr","locations":[{"start":{"line":276,"column":12},"end":{"line":276,"column":19}},{"start":{"line":276,"column":23},"end":{"line":276,"column":30}}]},"26":{"loc":{"start":{"line":277,"column":8},"end":{"line":277,"column":73}},"type":"if","locations":[{"start":{"line":277,"column":8},"end":{"line":277,"column":73}},{"start":{"line":277,"column":8},"end":{"line":277,"column":73}}]},"27":{"loc":{"start":{"line":277,"column":12},"end":{"line":277,"column":57}},"type":"binary-expr","locations":[{"start":{"line":277,"column":12},"end":{"line":277,"column":20}},{"start":{"line":277,"column":24},"end":{"line":277,"column":32}},{"start":{"line":277,"column":36},"end":{"line":277,"column":45}},{"start":{"line":277,"column":49},"end":{"line":277,"column":57}}]},"28":{"loc":{"start":{"line":278,"column":8},"end":{"line":278,"column":48}},"type":"if","locations":[{"start":{"line":278,"column":8},"end":{"line":278,"column":48}},{"start":{"line":278,"column":8},"end":{"line":278,"column":48}}]},"29":{"loc":{"start":{"line":278,"column":12},"end":{"line":278,"column":32}},"type":"binary-expr","locations":[{"start":{"line":278,"column":12},"end":{"line":278,"column":21}},{"start":{"line":278,"column":25},"end":{"line":278,"column":32}}]},"30":{"loc":{"start":{"line":292,"column":8},"end":{"line":292,"column":60}},"type":"if","locations":[{"start":{"line":292,"column":8},"end":{"line":292,"column":60}},{"start":{"line":292,"column":8},"end":{"line":292,"column":60}}]},"31":{"loc":{"start":{"line":292,"column":12},"end":{"line":292,"column":51}},"type":"binary-expr","locations":[{"start":{"line":292,"column":12},"end":{"line":292,"column":24}},{"start":{"line":292,"column":28},"end":{"line":292,"column":51}}]},"32":{"loc":{"start":{"line":300,"column":8},"end":{"line":302,"column":9}},"type":"if","locations":[{"start":{"line":300,"column":8},"end":{"line":302,"column":9}},{"start":{"line":300,"column":8},"end":{"line":302,"column":9}}]},"33":{"loc":{"start":{"line":313,"column":15},"end":{"line":313,"column":43}},"type":"binary-expr","locations":[{"start":{"line":313,"column":15},"end":{"line":313,"column":16}},{"start":{"line":313,"column":20},"end":{"line":313,"column":43}}]},"34":{"loc":{"start":{"line":327,"column":12},"end":{"line":329,"column":13}},"type":"if","locations":[{"start":{"line":327,"column":12},"end":{"line":329,"column":13}},{"start":{"line":327,"column":12},"end":{"line":329,"column":13}}]},"35":{"loc":{"start":{"line":348,"column":8},"end":{"line":350,"column":9}},"type":"if","locations":[{"start":{"line":348,"column":8},"end":{"line":350,"column":9}},{"start":{"line":348,"column":8},"end":{"line":350,"column":9}}]},"36":{"loc":{"start":{"line":354,"column":8},"end":{"line":354,"column":45}},"type":"if","locations":[{"start":{"line":354,"column":8},"end":{"line":354,"column":45}},{"start":{"line":354,"column":8},"end":{"line":354,"column":45}}]},"37":{"loc":{"start":{"line":367,"column":8},"end":{"line":371,"column":9}},"type":"if","locations":[{"start":{"line":367,"column":8},"end":{"line":371,"column":9}},{"start":{"line":367,"column":8},"end":{"line":371,"column":9}}]},"38":{"loc":{"start":{"line":369,"column":15},"end":{"line":371,"column":9}},"type":"if","locations":[{"start":{"line":369,"column":15},"end":{"line":371,"column":9}},{"start":{"line":369,"column":15},"end":{"line":371,"column":9}}]},"39":{"loc":{"start":{"line":373,"column":8},"end":{"line":377,"column":9}},"type":"if","locations":[{"start":{"line":373,"column":8},"end":{"line":377,"column":9}},{"start":{"line":373,"column":8},"end":{"line":377,"column":9}}]},"40":{"loc":{"start":{"line":375,"column":15},"end":{"line":377,"column":9}},"type":"if","locations":[{"start":{"line":375,"column":15},"end":{"line":377,"column":9}},{"start":{"line":375,"column":15},"end":{"line":377,"column":9}}]},"41":{"loc":{"start":{"line":444,"column":8},"end":{"line":444,"column":47}},"type":"if","locations":[{"start":{"line":444,"column":8},"end":{"line":444,"column":47}},{"start":{"line":444,"column":8},"end":{"line":444,"column":47}}]},"42":{"loc":{"start":{"line":518,"column":12},"end":{"line":518,"column":31}},"type":"if","locations":[{"start":{"line":518,"column":12},"end":{"line":518,"column":31}},{"start":{"line":518,"column":12},"end":{"line":518,"column":31}}]},"43":{"loc":{"start":{"line":535,"column":8},"end":{"line":537,"column":9}},"type":"if","locations":[{"start":{"line":535,"column":8},"end":{"line":537,"column":9}},{"start":{"line":535,"column":8},"end":{"line":537,"column":9}}]},"44":{"loc":{"start":{"line":543,"column":8},"end":{"line":546,"column":9}},"type":"if","locations":[{"start":{"line":543,"column":8},"end":{"line":546,"column":9}},{"start":{"line":543,"column":8},"end":{"line":546,"column":9}}]},"45":{"loc":{"start":{"line":558,"column":8},"end":{"line":558,"column":73}},"type":"if","locations":[{"start":{"line":558,"column":8},"end":{"line":558,"column":73}},{"start":{"line":558,"column":8},"end":{"line":558,"column":73}}]},"46":{"loc":{"start":{"line":558,"column":41},"end":{"line":558,"column":72}},"type":"binary-expr","locations":[{"start":{"line":558,"column":41},"end":{"line":558,"column":66}},{"start":{"line":558,"column":70},"end":{"line":558,"column":72}}]},"47":{"loc":{"start":{"line":561,"column":12},"end":{"line":568,"column":13}},"type":"if","locations":[{"start":{"line":561,"column":12},"end":{"line":568,"column":13}},{"start":{"line":561,"column":12},"end":{"line":568,"column":13}}]},"48":{"loc":{"start":{"line":574,"column":8},"end":{"line":574,"column":54}},"type":"if","locations":[{"start":{"line":574,"column":8},"end":{"line":574,"column":54}},{"start":{"line":574,"column":8},"end":{"line":574,"column":54}}]},"49":{"loc":{"start":{"line":576,"column":8},"end":{"line":576,"column":42}},"type":"if","locations":[{"start":{"line":576,"column":8},"end":{"line":576,"column":42}},{"start":{"line":576,"column":8},"end":{"line":576,"column":42}}]},"50":{"loc":{"start":{"line":581,"column":8},"end":{"line":594,"column":9}},"type":"if","locations":[{"start":{"line":581,"column":8},"end":{"line":594,"column":9}},{"start":{"line":581,"column":8},"end":{"line":594,"column":9}}]},"51":{"loc":{"start":{"line":581,"column":12},"end":{"line":581,"column":66}},"type":"binary-expr","locations":[{"start":{"line":581,"column":12},"end":{"line":581,"column":25}},{"start":{"line":581,"column":29},"end":{"line":581,"column":66}}]},"52":{"loc":{"start":{"line":584,"column":13},"end":{"line":594,"column":9}},"type":"if","locations":[{"start":{"l
[...]
,"/Users/cassie/Projects/progressive-web-scaffold/app/containers/plp/parsers/plp.js": {"path":"/Users/cassie/Projects/progressive-web-scaffold/app/containers/plp/parsers/plp.js","statementMap":{"0":{"start":{"line":3,"column":18},"end":{"line":19,"column":1}},"1":{"start":{"line":4,"column":22},"end":{"line":4,"column":75}},"2":{"start":{"line":6,"column":22},"end":{"line":6,"column":54}},"3":{"start":{"line":7,"column":24},"end":{"line":9,"column":6}},"4":{"start":{"line":8,"column":8},"end":{"line":8,"column":72}},"5":{"start":{"line":11,"column":4},"end":{"line":18,"column":5}}},"fnMap":{"0":{"name":"(anonymous_0)","decl":{"start":{"line":3,"column":18},"end":{"line":3,"column":19}},"loc":{"start":{"line":3,"column":32},"end":{"line":19,"column":1}}},"1":{"name":"(anonymous_1)","decl":{"start":{"line":7,"column":51},"end":{"line":7,"column":52}},"loc":{"start":{"line":7,"column":64},"end":{"line":9,"column":5}}}},"branchMap":{"0":{"loc":{"start":{"line":15,"column":18},"end":{"line":15,"column":63}},"type":"cond-expr","locations":[{"start":{"line":15,"column":41},"end":{"line":15,"column":57}},{"start":{"line":15,"column":60},"end":{"line":15,"column":63}}]}},"s":{"0":2,"1":4,"2":4,"3":4,"4":28,"5":4},"f":{"0":4,"1":28},"b":{"0":[4,0]},"_coverageSchema":"332fd63041d2c1bcb487cc26dd0d5f7d97098a6c","hash":"49f6c68a206fef66ce2046a723453c4f17e6d482"}
,"/Users/cassie/Projects/progressive-web-scaffold/app/containers/plp/partials/product-tile.jsx": {"path":"/Users/cassie/Projects/progressive-web-scaffold/app/containers/plp/partials/product-tile.jsx","statementMap":{"0":{"start":{"line":9,"column":23},"end":{"line":14,"column":1}},"1":{"start":{"line":16,"column":20},"end":{"line":42,"column":1}},"2":{"start":{"line":18,"column":8},"end":{"line":22,"column":28}},"3":{"start":{"line":25,"column":18},"end":{"line":27,"column":41}},"4":{"start":{"line":28,"column":18},"end":{"line":30,"column":54}},"5":{"start":{"line":32,"column":4},"end":{"line":41,"column":5}},"6":{"start":{"line":44,"column":0},"end":{"line":46,"column":1}},"7":{"start":{"line":48,"column":0},"end":{"line":68,"column":1}}},"fnMap":{"0":{"name":"(anonymous_0)","decl":{"start":{"line":16,"column":20},"end":{"line":16,"column":21}},"loc":{"start":{"line":16,"column":46},"end":{"line":42,"column":1}}}},"branchMap":{"0":{"loc":{"start":{"line":20,"column":17},"end":{"line":20,"column":51}},"type":"binary-expr","locations":[{"start":{"line":20,"column":17},"end":{"line":20,"column":30}},{"start":{"line":20,"column":34},"end":{"line":20,"column":51}}]},"1":{"loc":{"start":{"line":25,"column":18},"end":{"line":27,"column":41}},"type":"cond-expr","locations":[{"start":{"line":26,"column":10},"end":{"line":26,"column":65}},{"start":{"line":27,"column":10},"end":{"line":27,"column":41}}]},"2":{"loc":{"start":{"line":28,"column":18},"end":{"line":30,"column":54}},"type":"cond-expr","locations":[{"start":{"line":29,"column":10},"end":{"line":29,"column":81}},{"start":{"line":30,"column":10},"end":{"line":30,"column":54}}]}},"s":{"0":3,"1":3,"2":0,"3":0,"4":0,"5":0,"6":3,"7":3},"f":{"0":0},"b":{"0":[0,0],"1":[0,0],"2":[0,0]},"_coverageSchema":"332fd63041d2c1bcb487cc26dd0d5f7d97098a6c","hash":"87da30b74e86a7e5026bf11966b45aa24409cd92"}
,"/Users/cassie/Projects/progressive-web-scaffold/app/preloader/preload.js": {"path":"/Users/cassie/Projects/progressive-web-scaffold/app/preloader/preload.js","statementMap":{},"fnMap":{},"branchMap":{},"s":{},"f":{},"b":{}}
,"/Users/cassie/Projects/progressive-web-scaffold/app/static/agents/Merlin/agent.js": {"path":"/Users/cassie/Projects/progressive-web-scaffold/app/static/agents/Merlin/agent.js","statementMap":{"0":{"start":{"line":1,"column":39},"end":{"line":1,"column":68045}}},"fnMap":{},"branchMap":{},"s":{"0":0},"f":{},"b":{}}
,"/Users/cassie/Projects/progressive-web-scaffold/app/static/agents/Merlin/sounds-mp3.js": {"path":"/Users/cassie/Projects/progressive-web-scaffold/app/static/agents/Merlin/sounds-mp3.js","statementMap":{"0":{"start":{"line":1,"column":39},"end":{"line":1,"column":91063}}},"fnMap":{},"branchMap":{},"s":{"0":0},"f":{},"b":{}}
,"/Users/cassie/Projects/progressive-web-scaffold/app/static/agents/Merlin/sounds-ogg.js": {"path":"/Users/cassie/Projects/progressive-web-scaffold/app/static/agents/Merlin/sounds-ogg.js","statementMap":{"0":{"start":{"line":1,"column":39},"end":{"line":1,"column":257579}}},"fnMap":{},"branchMap":{},"s":{"0":0},"f":{},"b":{}}
,"/Users/cassie/Projects/progressive-web-scaffold/app/store/index.js": {"path":"/Users/cassie/Projects/progressive-web-scaffold/app/store/index.js","statementMap":{"0":{"start":{"line":1,"column":39},"end":{"line":1,"column":101}},"1":{"start":{"line":4,"column":192},"end":{"line":4,"column":246}},"2":{"start":{"line":6,"column":11},"end":{"line":6,"column":65}},"3":{"start":{"line":8,"column":21},"end":{"line":23,"column":1}},"4":{"start":{"line":9,"column":22},"end":{"line":9,"column":70}},"5":{"start":{"line":13,"column":42},"end":{"line":18,"column":66}},"6":{"start":{"line":22,"column":4},"end":{"line":22,"column":17}}},"fnMap":{"0":{"name":"_interopRequireDefault","decl":{"start":{"line":4,"column":163},"end":{"line":4,"column":185}},"loc":{"start":{"line":4,"column":191},"end":{"line":4,"column":247}}},"1":{"name":"noop","decl":{"start":{"line":6,"column":20},"end":{"line":6,"column":24}},"loc":{"start":{"line":6,"column":54},"end":{"line":6,"column":65}}},"2":{"name":"configureStore","decl":{"start":{"line":8,"column":30},"end":{"line":8,"column":44}},"loc":{"start":{"line":8,"column":59},"end":{"line":23,"column":1}}}},"branchMap":{"0":{"loc":{"start":{"line":4,"column":199},"end":{"line":4,"column":245}},"type":"cond-expr","locations":[{"start":{"line":4,"column":223},"end":{"line":4,"column":226}},{"start":{"line":4,"column":229},"end":{"line":4,"column":245}}]},"1":{"loc":{"start":{"line":4,"column":199},"end":{"line":4,"column":220}},"type":"binary-expr","locations":[{"start":{"line":4,"column":199},"end":{"line":4,"column":202}},{"start":{"line":4,"column":206},"end":{"line":4,"column":220}}]},"2":{"loc":{"start":{"line":18,"column":4},"end":{"line":18,"column":64}},"type":"cond-expr","locations":[{"start":{"line":18,"column":31},"end":{"line":18,"column":57}},{"start":{"line":18,"column":60},"end":{"line":18,"column":64}}]}},"s":{"0":0,"1":0,"2":0,"3":0,"4":0,"5":0,"6":0},"f":{"0":0,"1":0,"2":0},"b":{"0":[0,0],"1":[0,0],"2":[0,0]}}
,"/Users/cassie/Projects/progressive-web-scaffold/app/utils/is-react-route.js": {"path":"/Users/cassie/Projects/progressive-web-scaffold/app/utils/is-react-route.js","statementMap":{},"fnMap":{},"branchMap":{},"s":{},"f":{},"b":{}}
,"/Users/cassie/Projects/progressive-web-scaffold/app/utils/magento-utils.js": {"path":"/Users/cassie/Projects/progressive-web-scaffold/app/utils/magento-utils.js","statementMap":{"0":{"start":{"line":9,"column":34},"end":{"line":17,"column":1}},"1":{"start":{"line":10,"column":4},"end":{"line":16,"column":76}},"2":{"start":{"line":12,"column":26},"end":{"line":12,"column":40}},"3":{"start":{"line":15,"column":23},"end":{"line":15,"column":45}},"4":{"start":{"line":16,"column":35},"end":{"line":16,"column":58}}},"fnMap":{"0":{"name":"(anonymous_0)","decl":{"start":{"line":9,"column":34},"end":{"line":9,"column":35}},"loc":{"start":{"line":9,"column":45},"end":{"line":17,"column":1}}},"1":{"name":"(anonymous_1)","decl":{"start":{"line":12,"column":13},"end":{"line":12,"column":14}},"loc":{"start":{"line":12,"column":26},"end":{"line":12,"column":40}}},"2":{"name":"(anonymous_2)","decl":{"start":{"line":15,"column":13},"end":{"line":15,"column":14}},"loc":{"start":{"line":15,"column":23},"end":{"line":15,"column":45}}},"3":{"name":"(anonymous_3)","decl":{"start":{"line":16,"column":16},"end":{"line":16,"column":17}},"loc":{"start":{"line":16,"column":35},"end":{"line":16,"column":58}}}},"branchMap":{},"s":{"0":12,"1":1,"2":14,"3":14,"4":14},"f":{"0":1,"1":14,"2":14,"3":14},"b":{},"_coverageSchema":"332fd63041d2c1bcb487cc26dd0d5f7d97098a6c","hash":"9f50c98a46c66e46badcff972a7d7f5b6cfca25f"}
,"/Users/cassie/Projects/progressive-web-scaffold/app/utils/parser-utils.js": {"path":"/Users/cassie/Projects/progressive-web-scaffold/app/utils/parser-utils.js","statementMap":{"0":{"start":{"line":1,"column":29},"end":{"line":7,"column":1}},"1":{"start":{"line":2,"column":4},"end":{"line":6,"column":5}},"2":{"start":{"line":9,"column":27},"end":{"line":18,"column":1}},"3":{"start":{"line":10,"column":4},"end":{"line":17,"column":5}},"4":{"start":{"line":20,"column":26},"end":{"line":26,"column":1}},"5":{"start":{"line":21,"column":4},"end":{"line":25,"column":5}},"6":{"start":{"line":28,"column":27},"end":{"line":36,"column":1}},"7":{"start":{"line":29,"column":18},"end":{"line":29,"column":39}},"8":{"start":{"line":30,"column":4},"end":{"line":35,"column":5}},"9":{"start":{"line":38,"column":27},"end":{"line":43,"column":1}},"10":{"start":{"line":39,"column":4},"end":{"line":42,"column":5}},"11":{"start":{"line":41,"column":63},"end":{"line":41,"column":83}}},"fnMap":{"0":{"name":"(anonymous_0)","decl":{"start":{"line":1,"column":29},"end":{"line":1,"column":30}},"loc":{"start":{"line":1,"column":40},"end":{"line":7,"column":1}}},"1":{"name":"(anonymous_1)","decl":{"start":{"line":9,"column":27},"end":{"line":9,"column":28}},"loc":{"start":{"line":9,"column":40},"end":{"line":18,"column":1}}},"2":{"name":"(anonymous_2)","decl":{"start":{"line":20,"column":26},"end":{"line":20,"column":27}},"loc":{"start":{"line":20,"column":36},"end":{"line":26,"column":1}}},"3":{"name":"(anonymous_3)","decl":{"start":{"line":28,"column":27},"end":{"line":28,"column":28}},"loc":{"start":{"line":28,"column":40},"end":{"line":36,"column":1}}},"4":{"name":"(anonymous_4)","decl":{"start":{"line":38,"column":27},"end":{"line":38,"column":28}},"loc":{"start":{"line":38,"column":43},"end":{"line":43,"column":1}}},"5":{"name":"(anonymous_5)","decl":{"start":{"line":41,"column":53},"end":{"line":41,"column":54}},"loc":{"start":{"line":41,"column":63},"end":{"line":41,"column":83}}}},"branchMap":{"0":{"loc":{"start":{"line":24,"column":13},"end":{"line":24,"column":71}},"type":"cond-expr","locations":[{"start":{"line":24,"column":34},"end":{"line":24,"column":52}},{"start":{"line":24,"column":55},"end":{"line":24,"column":71}}]}},"s":{"0":15,"1":36,"2":15,"3":2,"4":15,"5":12,"6":15,"7":5,"8":5,"9":15,"10":1,"11":3},"f":{"0":36,"1":2,"2":12,"3":5,"4":1,"5":3},"b":{"0":[10,2]},"_coverageSchema":"332fd63041d2c1bcb487cc26dd0d5f7d97098a6c","hash":"b775c3646c7302d04fa2d45bbb940ca91a89a4c9"}
,"/Users/cassie/Projects/progressive-web-scaffold/app/utils/router-utils.js": {"path":"/Users/cassie/Projects/progressive-web-scaffold/app/utils/router-utils.js","statementMap":{"0":{"start":{"line":30,"column":26},"end":{"line":30,"column":91}},"1":{"start":{"line":30,"column":51},"end":{"line":30,"column":91}},"2":{"start":{"line":35,"column":31},"end":{"line":35,"column":113}},"3":{"start":{"line":35,"column":56},"end":{"line":35,"column":111}},"4":{"start":{"line":41,"column":36},"end":{"line":41,"column":66}},"5":{"start":{"line":41,"column":47},"end":{"line":41,"column":66}},"6":{"start":{"line":48,"column":30},"end":{"line":48,"column":79}},"7":{"start":{"line":48,"column":41},"end":{"line":48,"column":79}},"8":{"start":{"line":50,"column":32},"end":{"line":53,"column":2}},"9":{"start":{"line":58,"column":34},"end":{"line":61,"column":1}},"10":{"start":{"line":59,"column":21},"end":{"line":59,"column":48}},"11":{"start":{"line":60,"column":4},"end":{"line":60,"column":48}}},"fnMap":{"0":{"name":"(anonymous_0)","decl":{"start":{"line":30,"column":26},"end":{"line":30,"column":27}},"loc":{"start":{"line":30,"column":51},"end":{"line":30,"column":91}}},"1":{"name":"(anonymous_1)","decl":{"start":{"line":35,"column":31},"end":{"line":35,"column":32}},"loc":{"start":{"line":35,"column":54},"end":{"line":35,"column":113}}},"2":{"name":"(anonymous_2)","decl":{"start":{"line":41,"column":36},"end":{"line":41,"column":37}},"loc":{"start":{"line":41,"column":47},"end":{"line":41,"column":66}}},"3":{"name":"(anonymous_3)","decl":{"start":{"line":48,"column":30},"end":{"line":48,"column":31}},"loc":{"start":{"line":48,"column":41},"end":{"line":48,"column":79}}},"4":{"name":"(anonymous_4)","decl":{"start":{"line":58,"column":34},"end":{"line":58,"column":35}},"loc":{"start":{"line":58,"column":59},"end":{"line":61,"column":1}}}},"branchMap":{"0":{"loc":{"start":{"line":35,"column":63},"end":{"line":35,"column":111}},"type":"cond-expr","locations":[{"start":{"line":35,"column":87},"end":{"line":35,"column":97}},{"start":{"line":35,"column":100},"end":{"line":35,"column":111}}]}},"s":{"0":5,"1":12,"2":5,"3":0,"4":5,"5":2,"6":5,"7":1,"8":5,"9":5,"10":1,"11":1},"f":{"0":12,"1":0,"2":2,"3":1,"4":1},"b":{"0":[0,0]},"_coverageSchema":"332fd63041d2c1bcb487cc26dd0d5f7d97098a6c","hash":"52925000490f746b2cc1925fca4c17aa11576bf0"}
,"/Users/cassie/Projects/progressive-web-scaffold/app/utils/utils.js": {"path":"/Users/cassie/Projects/progressive-web-scaffold/app/utils/utils.js","statementMap":{"0":{"start":{"line":10,"column":28},"end":{"line":26,"column":1}},"1":{"start":{"line":13,"column":4},"end":{"line":23,"column":5}},"2":{"start":{"line":14,"column":8},"end":{"line":22,"column":9}},"3":{"start":{"line":15,"column":28},"end":{"line":15,"column":30}},"4":{"start":{"line":17,"column":12},"end":{"line":19,"column":14}},"5":{"start":{"line":18,"column":16},"end":{"line":18,"column":42}},"6":{"start":{"line":21,"column":12},"end":{"line":21,"column":26}},"7":{"start":{"line":25,"column":4},"end":{"line":25,"column":53}},"8":{"start":{"line":33,"column":32},"end":{"line":35,"column":1}},"9":{"start":{"line":34,"column":4},"end":{"line":34,"column":50}},"10":{"start":{"line":44,"column":26},"end":{"line":44,"column":44}},"11":{"start":{"line":44,"column":34},"end":{"line":44,"column":44}},"12":{"start":{"line":44,"column":40},"end":{"line":44,"column":44}}},"fnMap":{"0":{"name":"(anonymous_0)","decl":{"start":{"line":10,"column":28},"end":{"line":10,"column":29}},"loc":{"start":{"line":10,"column":58},"end":{"line":26,"column":1}}},"1":{"name":"(anonymous_1)","decl":{"start":{"line":14,"column":25},"end":{"line":14,"column":26}},"loc":{"start":{"line":14,"column":38},"end":{"line":22,"column":9}}},"2":{"name":"(anonymous_2)","decl":{"start":{"line":17,"column":29},"end":{"line":17,"column":30}},"loc":{"start":{"line":17,"column":45},"end":{"line":19,"column":13}}},"3":{"name":"(anonymous_3)","decl":{"start":{"line":33,"column":32},"end":{"line":33,"column":33}},"loc":{"start":{"line":33,"column":47},"end":{"line":35,"column":1}}},"4":{"name":"(anonymous_4)","decl":{"start":{"line":44,"column":26},"end":{"line":44,"column":27}},"loc":{"start":{"line":44,"column":34},"end":{"line":44,"column":44}}},"5":{"name":"(anonymous_5)","decl":{"start":{"line":44,"column":34},"end":{"line":44,"column":35}},"loc":{"start":{"line":44,"column":40},"end":{"line":44,"column":44}}}},"branchMap":{"0":{"loc":{"start":{"line":13,"column":4},"end":{"line":23,"column":5}},"type":"if","locations":[{"start":{"line":13,"column":4},"end":{"line":23,"column":5}},{"start":{"line":13,"column":4},"end":{"line":23,"column":5}}]},"1":{"loc":{"start":{"line":34,"column":11},"end":{"line":34,"column":50}},"type":"binary-expr","locations":[{"start":{"line":34,"column":11},"end":{"line":34,"column":37}},{"start":{"line":34,"column":41},"end":{"line":34,"column":50}}]}},"s":{"0":21,"1":213,"2":59,"3":30,"4":30,"5":110,"6":30,"7":213,"8":21,"9":24,"10":21,"11":3,"12":0},"f":{"0":213,"1":30,"2":110,"3":24,"4":3,"5":0},"b":{"0":[59,154],"1":[24,0]},"_coverageSchema":"332fd63041d2c1bcb487cc26dd0d5f7d97098a6c","hash":"657429253c5f94b9880b15bc2a1b89ff10333c56"}
,"/Users/cassie/Projects/progressive-web-scaffold/worker/main.js": {"path":"/Users/cassie/Projects/progressive-web-scaffold/worker/main.js","statementMap":{"0":{"start":{"line":4,"column":183},"end":{"line":4,"column":237}},"1":{"start":{"line":6,"column":19},"end":{"line":6,"column":60}},"2":{"start":{"line":7,"column":20},"end":{"line":7,"column":76}},"3":{"start":{"line":9,"column":14},"end":{"line":9,"column":21}},"4":{"start":{"line":12,"column":19},"end":{"line":15,"column":1}},"5":{"start":{"line":17,"column":46},"end":{"line":17,"column":75}},"6":{"start":{"line":23,"column":18},"end":{"line":24,"column":79}},"7":{"start":{"line":27,"column":17},"end":{"line":29,"column":20}},"8":{"start":{"line":32,"column":17},"end":{"line":32,"column":67}},"9":{"start":{"line":38,"column":0},"end":{"line":43,"column":3}},"10":{"start":{"line":39,"column":4},"end":{"line":41,"column":117}},"11":{"start":{"line":45,"column":0},"end":{"line":54,"column":3}},"12":{"start":{"line":46,"column":4},"end":{"line":52,"column":89}}},"fnMap":{"0":{"name":"_interopRequireDefault","decl":{"start":{"line":4,"column":154},"end":{"line":4,"column":176}},"loc":{"start":{"line":4,"column":182},"end":{"line":4,"column":238}}},"1":{"name":"(anonymous_1)","decl":{"start":{"line":38,"column":33},"end":{"line":38,"column":34}},"loc":{"start":{"line":38,"column":46},"end":{"line":43,"column":1}}},"2":{"name":"(anonymous_2)","decl":{"start":{"line":41,"column":9},"end":{"line":41,"column":10}},"loc":{"start":{"line":41,"column":47},"end":{"line":41,"column":114}}},"3":{"name":"(anonymous_3)","decl":{"start":{"line":45,"column":34},"end":{"line":45,"column":35}},"loc":{"start":{"line":45,"column":47},"end":{"line":54,"column":1}}},"4":{"name":"(anonymous_4)","decl":{"start":{"line":48,"column":9},"end":{"line":48,"column":10}},"loc":{"start":{"line":48,"column":47},"end":{"line":48,"column":70}}},"5":{"name":"(anonymous_5)","decl":{"start":{"line":49,"column":9},"end":{"line":49,"column":10}},"loc":{"start":{"line":49,"column":56},"end":{"line":50,"column":127}}},"6":{"name":"(anonymous_6)","decl":{"start":{"line":51,"column":9},"end":{"line":51,"column":10}},"loc":{"start":{"line":51,"column":59},"end":{"line":51,"column":156}}},"7":{"name":"(anonymous_7)","decl":{"start":{"line":52,"column":9},"end":{"line":52,"column":10}},"loc":{"start":{"line":52,"column":55},"end":{"line":52,"column":86}}}},"branchMap":{"0":{"loc":{"start":{"line":4,"column":190},"end":{"line":4,"column":236}},"type":"cond-expr","locations":[{"start":{"line":4,"column":214},"end":{"line":4,"column":217}},{"start":{"line":4,"column":220},"end":{"line":4,"column":236}}]},"1":{"loc":{"start":{"line":4,"column":190},"end":{"line":4,"column":211}},"type":"binary-expr","locations":[{"start":{"line":4,"column":190},"end":{"line":4,"column":193}},{"start":{"line":4,"column":197},"end":{"line":4,"column":211}}]}},"s":{"0":0,"1":0,"2":0,"3":0,"4":0,"5":0,"6":0,"7":0,"8":0,"9":0,"10":0,"11":0,"12":0},"f":{"0":0,"1":0,"2":0,"3":0,"4":0,"5":0,"6":0,"7":0},"b":{"0":[0,0],"1":[0,0]}}
}
