TN:
SF:/Users/cassie/Projects/progressive-web-scaffold/service-worker-loader.js
FNF:0
FNH:0
DA:2,0
DA:4,0
DA:5,0
DA:7,0
LF:4
LH:0
BRDA:4,0,0,0
BRDA:4,0,1,0
BRF:2
BRH:0
end_of_record
TN:
SF:/Users/cassie/Projects/progressive-web-scaffold/app/app-provider.jsx
FN:20,_interopRequireWildcard
FN:20,_interopRequireDefault
FN:22,AppProvider
FN:27,getURL
FN:37,shouldFetchPage
FN:39,getPageComponent
FN:41,getRouteName
FN:43,dispatchRouteChanged
FN:45,dispatchFetchPage
FN:47,onEnter
FN:55,onChange
FNF:11
FNH:0
FNDA:0,_interopRequireWildcard
FNDA:0,_interopRequireDefault
FNDA:0,AppProvider
FNDA:0,getURL
FNDA:0,shouldFetchPage
FNDA:0,getPageComponent
FNDA:0,getRouteName
FNDA:0,dispatchRouteChanged
FNDA:0,dispatchFetchPage
FNDA:0,onEnter
FNDA:0,onChange
DA:1,0
DA:20,0
DA:22,0
DA:27,0
DA:28,0
DA:37,0
DA:39,0
DA:41,0
DA:43,0
DA:45,0
DA:47,0
DA:49,0
DA:50,0
DA:51,0
DA:55,0
DA:56,0
DA:57,0
DA:59,0
DA:60,0
DA:61,0
DA:62,0
DA:66,0
DA:69,0
DA:93,0
LF:24
LH:0
BRDA:20,0,0,0
BRDA:20,0,1,0
BRDA:20,1,0,0
BRDA:20,1,1,0
BRDA:20,2,0,0
BRDA:20,2,1,0
BRDA:20,3,0,0
BRDA:20,3,1,0
BRDA:20,4,0,0
BRDA:20,4,1,0
BRDA:20,5,0,0
BRDA:20,5,1,0
BRDA:50,6,0,0
BRDA:50,6,1,0
BRDA:59,7,0,0
BRDA:59,7,1,0
BRDA:61,8,0,0
BRDA:61,8,1,0
BRF:18
BRH:0
end_of_record
TN:
SF:/Users/cassie/Projects/progressive-web-scaffold/app/loader.js
FN:23,_interopRequireDefault
FN:23,isReactRoute
FN:23,(anonymous_2)
FN:25,loadWorker
FNF:4
FNH:0
FNDA:0,_interopRequireDefault
FNDA:0,isReactRoute
FNDA:0,(anonymous_2)
FNDA:0,loadWorker
DA:23,0
DA:24,0
DA:25,0
DA:31,0
LF:4
LH:0
BRDA:23,0,0,0
BRDA:23,0,1,0
BRDA:23,1,0,0
BRDA:23,1,1,0
BRDA:31,2,0,0
BRDA:31,2,1,0
BRF:6
BRH:0
end_of_record
TN:
SF:/Users/cassie/Projects/progressive-web-scaffold/app/main.jsx
FNF:0
FNH:0
DA:26,0
DA:28,0
LF:2
LH:0
BRF:0
BRH:0
end_of_record
TN:
SF:/Users/cassie/Projects/progressive-web-scaffold/app/components/chat-window/index.jsx
FN:23,(anonymous_0)
FN:34,(anonymous_1)
FN:42,(anonymous_2)
FN:48,(anonymous_3)
FN:60,(anonymous_4)
FN:98,(anonymous_5)
FN:112,(anonymous_6)
FN:123,(anonymous_7)
FN:133,(anonymous_8)
FN:152,(anonymous_9)
FN:157,(anonymous_10)
FN:158,(anonymous_11)
FN:172,(anonymous_12)
FNF:13
FNH:4
FNDA:6,(anonymous_0)
FNDA:0,(anonymous_1)
FNDA:6,(anonymous_2)
FNDA:0,(anonymous_3)
FNDA:0,(anonymous_4)
FNDA:6,(anonymous_5)
FNDA:0,(anonymous_6)
FNDA:0,(anonymous_7)
FNDA:0,(anonymous_8)
FNDA:0,(anonymous_9)
FNDA:0,(anonymous_10)
FNDA:0,(anonymous_11)
FNDA:2,(anonymous_12)
DA:15,2
DA:24,6
DA:26,6
DA:31,6
DA:35,0
DA:37,0
DA:38,0
DA:46,6
DA:48,6
DA:50,0
DA:60,0
DA:61,0
DA:62,0
DA:65,0
DA:67,0
DA:72,0
DA:104,6
DA:108,6
DA:110,6
DA:112,6
DA:113,0
DA:118,0
DA:123,6
DA:124,0
DA:125,0
DA:129,6
DA:133,0
DA:141,6
DA:152,0
DA:157,0
DA:158,0
DA:171,6
DA:172,2
DA:191,2
LF:34
LH:16
BRDA:35,0,0,0
BRDA:35,0,1,0
BRDA:48,1,0,6
BRDA:48,1,1,0
BRDA:50,2,0,0
BRDA:50,2,1,0
BRDA:55,3,0,0
BRDA:55,3,1,0
BRDA:74,4,0,0
BRDA:74,4,1,0
BRDA:77,5,0,0
BRDA:77,5,1,0
BRDA:88,6,0,0
BRDA:88,6,1,0
BRF:14
BRH:1
end_of_record
TN:
SF:/Users/cassie/Projects/progressive-web-scaffold/app/components/clippy/clippy.js
FN:10,(anonymous_0)
FN:35,(anonymous_1)
FN:49,(anonymous_2)
FN:61,(anonymous_3)
FN:69,(anonymous_4)
FN:74,(anonymous_5)
FN:89,(anonymous_6)
FN:96,(anonymous_7)
FN:108,(anonymous_8)
FN:112,(anonymous_9)
FN:120,(anonymous_10)
FN:126,(anonymous_11)
FN:129,(anonymous_12)
FN:139,(anonymous_13)
FN:156,(anonymous_14)
FN:180,(anonymous_15)
FN:181,(anonymous_16)
FN:190,(anonymous_17)
FN:194,(anonymous_18)
FN:197,(anonymous_19)
FN:206,(anonymous_20)
FN:212,(anonymous_21)
FN:224,(anonymous_22)
FN:233,(anonymous_23)
FN:241,(anonymous_24)
FN:260,(anonymous_25)
FN:291,(anonymous_26)
FN:299,(anonymous_27)
FN:311,(anonymous_28)
FN:322,(anonymous_29)
FN:339,(anonymous_30)
FN:347,(anonymous_31)
FN:353,(anonymous_32)
FN:384,(anonymous_33)
FN:392,(anonymous_34)
FN:407,(anonymous_35)
FN:418,(anonymous_36)
FN:423,(anonymous_37)
FN:431,(anonymous_38)
FN:443,(anonymous_39)
FN:450,(anonymous_40)
FN:456,(anonymous_41)
FN:468,(anonymous_42)
FN:495,(anonymous_43)
FN:504,(anonymous_44)
FN:513,(anonymous_45)
FN:523,(anonymous_46)
FN:527,(anonymous_47)
FN:532,(anonymous_48)
FN:556,(anonymous_49)
FN:573,(anonymous_50)
FN:599,(anonymous_51)
FN:606,(anonymous_52)
FN:610,(anonymous_53)
FN:641,(anonymous_54)
FN:648,(anonymous_55)
FN:660,(anonymous_56)
FN:672,(anonymous_57)
FN:680,(anonymous_58)
FN:697,(anonymous_59)
FN:738,(anonymous_60)
FN:757,(anonymous_61)
FN:776,(anonymous_62)
FN:781,(anonymous_63)
FN:790,(anonymous_64)
FN:797,(anonymous_65)
FN:806,(anonymous_66)
FN:825,(anonymous_67)
FN:833,(anonymous_68)
FN:841,(anonymous_69)
FN:851,(anonymous_70)
FN:859,(anonymous_71)
FN:865,(anonymous_72)
FN:870,(anonymous_73)
FN:879,(anonymous_74)
FN:900,(anonymous_75)
FN:924,(anonymous_76)
FN:937,(anonymous_77)
FN:946,(anonymous_78)
FN:954,(anonymous_79)
FN:959,(anonymous_80)
FN:973,(anonymous_81)
FN:984,(anonymous_82)
FN:992,(anonymous_83)
FN:1008,(anonymous_84)
FN:1012,(anonymous_85)
FNF:86
FNH:0
FNDA:0,(anonymous_0)
FNDA:0,(anonymous_1)
FNDA:0,(anonymous_2)
FNDA:0,(anonymous_3)
FNDA:0,(anonymous_4)
FNDA:0,(anonymous_5)
FNDA:0,(anonymous_6)
FNDA:0,(anonymous_7)
FNDA:0,(anonymous_8)
FNDA:0,(anonymous_9)
FNDA:0,(anonymous_10)
FNDA:0,(anonymous_11)
FNDA:0,(anonymous_12)
FNDA:0,(anonymous_13)
FNDA:0,(anonymous_14)
FNDA:0,(anonymous_15)
FNDA:0,(anonymous_16)
FNDA:0,(anonymous_17)
FNDA:0,(anonymous_18)
FNDA:0,(anonymous_19)
FNDA:0,(anonymous_20)
FNDA:0,(anonymous_21)
FNDA:0,(anonymous_22)
FNDA:0,(anonymous_23)
FNDA:0,(anonymous_24)
FNDA:0,(anonymous_25)
FNDA:0,(anonymous_26)
FNDA:0,(anonymous_27)
FNDA:0,(anonymous_28)
FNDA:0,(anonymous_29)
FNDA:0,(anonymous_30)
FNDA:0,(anonymous_31)
FNDA:0,(anonymous_32)
FNDA:0,(anonymous_33)
FNDA:0,(anonymous_34)
FNDA:0,(anonymous_35)
FNDA:0,(anonymous_36)
FNDA:0,(anonymous_37)
FNDA:0,(anonymous_38)
FNDA:0,(anonymous_39)
FNDA:0,(anonymous_40)
FNDA:0,(anonymous_41)
FNDA:0,(anonymous_42)
FNDA:0,(anonymous_43)
FNDA:0,(anonymous_44)
FNDA:0,(anonymous_45)
FNDA:0,(anonymous_46)
FNDA:0,(anonymous_47)
FNDA:0,(anonymous_48)
FNDA:0,(anonymous_49)
FNDA:0,(anonymous_50)
FNDA:0,(anonymous_51)
FNDA:0,(anonymous_52)
FNDA:0,(anonymous_53)
FNDA:0,(anonymous_54)
FNDA:0,(anonymous_55)
FNDA:0,(anonymous_56)
FNDA:0,(anonymous_57)
FNDA:0,(anonymous_58)
FNDA:0,(anonymous_59)
FNDA:0,(anonymous_60)
FNDA:0,(anonymous_61)
FNDA:0,(anonymous_62)
FNDA:0,(anonymous_63)
FNDA:0,(anonymous_64)
FNDA:0,(anonymous_65)
FNDA:0,(anonymous_66)
FNDA:0,(anonymous_67)
FNDA:0,(anonymous_68)
FNDA:0,(anonymous_69)
FNDA:0,(anonymous_70)
FNDA:0,(anonymous_71)
FNDA:0,(anonymous_72)
FNDA:0,(anonymous_73)
FNDA:0,(anonymous_74)
FNDA:0,(anonymous_75)
FNDA:0,(anonymous_76)
FNDA:0,(anonymous_77)
FNDA:0,(anonymous_78)
FNDA:0,(anonymous_79)
FNDA:0,(anonymous_80)
FNDA:0,(anonymous_81)
FNDA:0,(anonymous_82)
FNDA:0,(anonymous_83)
FNDA:0,(anonymous_84)
FNDA:0,(anonymous_85)
DA:3,1
DA:4,1
DA:10,1
DA:11,0
DA:13,0
DA:15,0
DA:17,0
DA:19,0
DA:21,0
DA:23,0
DA:26,1
DA:36,0
DA:37,0
DA:38,0
DA:40,0
DA:41,0
DA:50,0
DA:51,0
DA:52,0
DA:53,0
DA:54,0
DA:55,0
DA:56,0
DA:57,0
DA:58,0
DA:61,0
DA:62,0
DA:63,0
DA:64,0
DA:70,0
DA:71,0
DA:72,0
DA:74,0
DA:76,0
DA:77,0
DA:78,0
DA:79,0
DA:80,0
DA:84,0
DA:85,0
DA:86,0
DA:89,0
DA:91,0
DA:92,0
DA:95,0
DA:96,0
DA:98,0
DA:104,0
DA:111,0
DA:112,0
DA:113,0
DA:117,0
DA:121,0
DA:123,0
DA:126,0
DA:127,0
DA:129,0
DA:130,0
DA:131,0
DA:132,0
DA:133,0
DA:138,0
DA:139,0
DA:140,0
DA:142,0
DA:146,0
DA:149,0
DA:158,0
DA:159,0
DA:160,0
DA:161,0
DA:162,0
DA:163,0
DA:166,0
DA:167,0
DA:168,0
DA:169,0
DA:172,0
DA:173,0
DA:181,0
DA:182,0
DA:191,0
DA:195,0
DA:197,0
DA:198,0
DA:199,0
DA:207,0
DA:208,0
DA:214,0
DA:215,0
DA:216,0
DA:225,0
DA:234,0
DA:242,0
DA:243,0
DA:245,0
DA:246,0
DA:248,0
DA:261,0
DA:262,0
DA:263,0
DA:265,0
DA:266,0
DA:269,0
DA:270,0
DA:272,0
DA:275,0
DA:276,0
DA:277,0
DA:278,0
DA:281,0
DA:292,0
DA:293,0
DA:294,0
DA:296,0
DA:300,0
DA:301,0
DA:312,0
DA:313,0
DA:323,0
DA:324,0
DA:325,0
DA:326,0
DA:327,0
DA:328,0
DA:333,0
DA:334,0
DA:340,0
DA:342,0
DA:344,0
DA:348,0
DA:349,0
DA:354,0
DA:355,0
DA:356,0
DA:357,0
DA:359,0
DA:360,0
DA:361,0
DA:362,0
DA:364,0
DA:365,0
DA:366,0
DA:367,0
DA:368,0
DA:369,0
DA:370,0
DA:373,0
DA:374,0
DA:375,0
DA:376,0
DA:379,0
DA:381,0
DA:385,0
DA:386,0
DA:394,0
DA:395,0
DA:396,0
DA:398,0
DA:399,0
DA:401,0
DA:402,0
DA:404,0
DA:408,0
DA:409,0
DA:410,0
DA:411,0
DA:419,0
DA:420,0
DA:424,0
DA:425,0
DA:426,0
DA:427,0
DA:428,0
DA:432,0
DA:434,0
DA:435,0
DA:437,0
DA:438,0
DA:439,0
DA:444,0
DA:445,0
DA:451,0
DA:452,0
DA:457,0
DA:458,0
DA:468,1
DA:469,0
DA:470,0
DA:471,0
DA:472,0
DA:473,0
DA:474,0
DA:475,0
DA:476,0
DA:477,0
DA:478,0
DA:479,0
DA:480,0
DA:481,0
DA:482,0
DA:484,0
DA:485,0
DA:486,0
DA:488,0
DA:489,0
DA:490,0
DA:494,1
DA:496,0
DA:497,0
DA:498,0
DA:499,0
DA:501,0
DA:505,0
DA:506,0
DA:507,0
DA:508,0
DA:510,0
DA:515,0
DA:516,0
DA:517,0
DA:518,0
DA:519,0
DA:524,0
DA:528,0
DA:533,0
DA:535,0
DA:536,0
DA:539,0
DA:540,0
DA:543,0
DA:544,0
DA:545,0
DA:548,0
DA:549,0
DA:550,0
DA:552,0
DA:557,0
DA:558,0
DA:560,0
DA:561,0
DA:562,0
DA:563,0
DA:564,0
DA:567,0
DA:574,0
DA:576,0
DA:577,0
DA:578,0
DA:581,0
DA:582,0
DA:584,0
DA:585,0
DA:586,0
DA:587,0
DA:588,0
DA:589,0
DA:592,0
DA:596,0
DA:600,0
DA:601,0
DA:602,0
DA:603,0
DA:607,0
DA:611,0
DA:612,0
DA:613,0
DA:614,0
DA:617,0
DA:618,0
DA:621,0
DA:622,0
DA:624,0
DA:628,0
DA:629,0
DA:630,0
DA:633,0
DA:642,0
DA:649,0
DA:653,1
DA:660,1
DA:661,0
DA:663,0
DA:664,0
DA:667,1
DA:674,0
DA:675,0
DA:677,0
DA:681,0
DA:683,0
DA:684,0
DA:685,0
DA:686,0
DA:698,0
DA:699,0
DA:700,0
DA:702,0
DA:703,0
DA:705,0
DA:706,0
DA:707,0
DA:708,0
DA:711,0
DA:714,0
DA:715,0
DA:716,0
DA:719,0
DA:720,0
DA:721,0
DA:724,0
DA:725,0
DA:726,0
DA:729,0
DA:730,0
DA:731,0
DA:734,0
DA:735,0
DA:739,0
DA:740,0
DA:741,0
DA:743,0
DA:744,0
DA:745,0
DA:746,0
DA:748,0
DA:749,0
DA:750,0
DA:751,0
DA:752,0
DA:754,0
DA:758,0
DA:759,0
DA:760,0
DA:762,0
DA:763,0
DA:765,0
DA:767,0
DA:768,0
DA:769,0
DA:770,0
DA:772,0
DA:773,0
DA:777,0
DA:778,0
DA:782,0
DA:783,0
DA:784,0
DA:787,0
DA:791,0
DA:792,0
DA:793,0
DA:794,0
DA:798,0
DA:799,0
DA:800,0
DA:801,0
DA:802,0
DA:803,0
DA:806,0
DA:807,0
DA:808,0
DA:809,0
DA:810,0
DA:811,0
DA:812,0
DA:815,0
DA:816,0
DA:817,0
DA:821,0
DA:826,0
DA:827,0
DA:828,0
DA:829,0
DA:834,0
DA:835,0
DA:836,0
DA:837,0
DA:842,0
DA:843,0
DA:849,1
DA:851,1
DA:852,0
DA:854,0
DA:855,0
DA:856,0
DA:859,0
DA:860,0
DA:865,0
DA:866,0
DA:870,0
DA:871,0
DA:872,0
DA:875,0
DA:878,1
DA:879,1
DA:880,0
DA:881,0
DA:884,0
DA:886,0
DA:887,0
DA:889,0
DA:890,0
DA:893,0
DA:895,0
DA:898,1
DA:900,1
DA:901,0
DA:902,0
DA:905,0
DA:907,0
DA:908,0
DA:909,0
DA:911,0
DA:912,0
DA:914,0
DA:916,0
DA:919,0
DA:923,1
DA:924,1
DA:925,0
DA:926,0
DA:928,0
DA:930,0
DA:932,0
DA:934,0
DA:937,1
DA:938,0
DA:939,0
DA:940,0
DA:941,0
DA:943,0
DA:946,1
DA:947,0
DA:948,0
DA:949,0
DA:951,0
DA:954,1
DA:955,0
DA:956,0
DA:959,1
DA:960,0
DA:961,0
DA:962,0
DA:965,0
DA:973,1
DA:974,0
DA:975,0
DA:978,1
DA:985,0
DA:987,0
DA:988,0
DA:995,0
DA:996,0
DA:997,0
DA:1000,0
DA:1001,0
DA:1004,0
DA:1005,0
DA:1009,0
DA:1013,0
DA:1014,0
LF:461
LH:23
BRDA:40,0,0,0
BRDA:40,0,1,0
BRDA:53,1,0,0
BRDA:53,1,1,0
BRDA:57,2,0,0
BRDA:57,2,1,0
BRDA:64,3,0,0
BRDA:64,3,1,0
BRDA:72,4,0,0
BRDA:72,4,1,0
BRDA:76,5,0,0
BRDA:76,5,1,0
BRDA:84,6,0,0
BRDA:84,6,1,0
BRDA:91,7,0,0
BRDA:91,7,1,0
BRDA:95,8,0,0
BRDA:95,8,1,0
BRDA:111,9,0,0
BRDA:111,9,1,0
BRDA:111,10,0,0
BRDA:111,10,1,0
BRDA:111,10,2,0
BRDA:121,11,0,0
BRDA:121,11,1,0
BRDA:123,12,0,0
BRDA:123,12,1,0
BRDA:130,13,0,0
BRDA:130,13,1,0
BRDA:132,14,0,0
BRDA:132,14,1,0
BRDA:138,15,0,0
BRDA:138,15,1,0
BRDA:140,16,0,0
BRDA:140,16,1,0
BRDA:159,17,0,0
BRDA:159,17,1,0
BRDA:166,18,0,0
BRDA:166,18,1,0
BRDA:166,19,0,0
BRDA:166,19,1,0
BRDA:195,20,0,0
BRDA:195,20,1,0
BRDA:245,21,0,0
BRDA:245,21,1,0
BRDA:275,22,0,0
BRDA:275,22,1,0
BRDA:275,23,0,0
BRDA:275,23,1,0
BRDA:276,24,0,0
BRDA:276,24,1,0
BRDA:276,25,0,0
BRDA:276,25,1,0
BRDA:277,26,0,0
BRDA:277,26,1,0
BRDA:277,27,0,0
BRDA:277,27,1,0
BRDA:277,27,2,0
BRDA:277,27,3,0
BRDA:278,28,0,0
BRDA:278,28,1,0
BRDA:278,29,0,0
BRDA:278,29,1,0
BRDA:292,30,0,0
BRDA:292,30,1,0
BRDA:292,31,0,0
BRDA:292,31,1,0
BRDA:300,32,0,0
BRDA:300,32,1,0
BRDA:313,33,0,0
BRDA:313,33,1,0
BRDA:327,34,0,0
BRDA:327,34,1,0
BRDA:348,35,0,0
BRDA:348,35,1,0
BRDA:354,36,0,0
BRDA:354,36,1,0
BRDA:367,37,0,0
BRDA:367,37,1,0
BRDA:369,38,0,0
BRDA:369,38,1,0
BRDA:373,39,0,0
BRDA:373,39,1,0
BRDA:375,40,0,0
BRDA:375,40,1,0
BRDA:444,41,0,0
BRDA:444,41,1,0
BRDA:518,42,0,0
BRDA:518,42,1,0
BRDA:535,43,0,0
BRDA:535,43,1,0
BRDA:543,44,0,0
BRDA:543,44,1,0
BRDA:558,45,0,0
BRDA:558,45,1,0
BRDA:558,46,0,0
BRDA:558,46,1,0
BRDA:561,47,0,0
BRDA:561,47,1,0
BRDA:574,48,0,0
BRDA:574,48,1,0
BRDA:576,49,0,0
BRDA:576,49,1,0
BRDA:581,50,0,0
BRDA:581,50,1,0
BRDA:581,51,0,0
BRDA:581,51,1,0
BRDA:584,52,0,0
BRDA:584,52,1,0
BRDA:588,53,0,0
BRDA:588,53,1,0
BRDA:601,54,0,0
BRDA:601,54,1,0
BRDA:603,55,0,0
BRDA:603,55,1,0
BRDA:611,56,0,0
BRDA:611,56,1,0
BRDA:613,57,0,0
BRDA:613,57,1,0
BRDA:617,58,0,0
BRDA:617,58,1,0
BRDA:617,59,0,0
BRDA:617,59,1,0
BRDA:628,60,0,0
BRDA:628,60,1,0
BRDA:628,61,0,0
BRDA:628,61,1,0
BRDA:628,61,2,0
BRDA:629,62,0,0
BRDA:629,62,1,0
BRDA:629,63,0,0
BRDA:629,63,1,0
BRDA:686,64,0,0
BRDA:686,64,1,0
BRDA:711,65,0,0
BRDA:711,65,1,0
BRDA:711,65,2,0
BRDA:711,65,3,0
BRDA:751,66,0,0
BRDA:751,66,1,0
BRDA:751,67,0,0
BRDA:751,67,1,0
BRDA:752,68,0,0
BRDA:752,68,1,0
BRDA:752,69,0,0
BRDA:752,69,1,0
BRDA:777,70,0,0
BRDA:777,70,1,0
BRDA:782,71,0,0
BRDA:782,71,1,0
BRDA:791,72,0,0
BRDA:791,72,1,0
BRDA:807,73,0,0
BRDA:807,73,1,0
BRDA:808,74,0,0
BRDA:808,74,1,0
BRDA:810,75,0,0
BRDA:810,75,1,0
BRDA:826,76,0,0
BRDA:826,76,1,0
BRDA:828,77,0,0
BRDA:828,77,1,0
BRDA:835,78,0,0
BRDA:835,78,1,0
BRDA:842,79,0,0
BRDA:842,79,1,0
BRDA:881,80,0,0
BRDA:881,80,1,0
BRDA:902,81,0,0
BRDA:902,81,1,0
BRDA:908,82,0,0
BRDA:908,82,1,0
BRDA:909,83,0,0
BRDA:909,83,1,0
BRDA:911,84,0,0
BRDA:911,84,1,0
BRDA:911,85,0,0
BRDA:911,85,1,0
BRDA:914,86,0,0
BRDA:914,86,1,0
BRDA:926,87,0,0
BRDA:926,87,1,0
BRDA:948,88,0,0
BRDA:948,88,1,0
BRDA:961,89,0,0
BRDA:961,89,1,0
BRDA:987,90,0,0
BRDA:987,90,1,0
BRDA:987,91,0,0
BRDA:987,91,1,0
BRDA:995,92,0,0
BRDA:995,92,1,0
BRF:192
BRH:0
end_of_record
TN:
SF:/Users/cassie/Projects/progressive-web-scaffold/app/components/clippy/index.jsx
FN:16,(anonymous_0)
FN:25,(anonymous_1)
FN:31,(anonymous_2)
FN:35,(anonymous_3)
FN:38,(anonymous_4)
FN:39,(anonymous_5)
FN:41,(anonymous_6)
FN:42,(anonymous_7)
FN:48,(anonymous_8)
FN:49,(anonymous_9)
FN:55,(anonymous_10)
FN:56,(anonymous_11)
FN:70,(anonymous_12)
FN:81,(anonymous_13)
FN:85,(anonymous_14)
FN:93,(anonymous_15)
FNF:16
FNH:2
FNDA:5,(anonymous_0)
FNDA:0,(anonymous_1)
FNDA:0,(anonymous_2)
FNDA:0,(anonymous_3)
FNDA:0,(anonymous_4)
FNDA:0,(anonymous_5)
FNDA:0,(anonymous_6)
FNDA:0,(anonymous_7)
FNDA:0,(anonymous_8)
FNDA:0,(anonymous_9)
FNDA:0,(anonymous_10)
FNDA:0,(anonymous_11)
FNDA:5,(anonymous_12)
FNDA:0,(anonymous_13)
FNDA:0,(anonymous_14)
FNDA:0,(anonymous_15)
DA:4,1
DA:17,5
DA:18,5
DA:23,5
DA:26,0
DA:27,0
DA:32,0
DA:34,0
DA:35,0
DA:37,0
DA:38,0
DA:39,0
DA:41,0
DA:42,0
DA:43,0
DA:44,0
DA:48,0
DA:49,0
DA:50,0
DA:51,0
DA:55,0
DA:56,0
DA:57,0
DA:58,0
DA:62,0
DA:63,0
DA:66,0
DA:79,5
DA:81,5
DA:82,0
DA:85,5
DA:86,0
DA:89,5
DA:91,5
DA:93,0
DA:118,1
LF:36
LH:10
BRDA:26,0,0,0
BRDA:26,0,1,0
BRDA:26,1,0,0
BRDA:26,1,1,0
BRDA:34,2,0,0
BRDA:34,2,1,0
BRDA:91,3,0,5
BRDA:91,3,1,5
BRDA:94,4,0,0
BRDA:94,4,1,5
BRDA:104,5,0,5
BRDA:104,5,1,0
BRF:12
BRH:4
end_of_record
TN:
SF:/Users/cassie/Projects/progressive-web-scaffold/app/components/grid/grid-span.jsx
FN:11,(anonymous_0)
FN:16,(anonymous_1)
FN:56,(anonymous_2)
FNF:3
FNH:3
FNDA:159,(anonymous_0)
FNDA:477,(anonymous_1)
FNDA:159,(anonymous_2)
DA:4,2
DA:5,2
DA:6,2
DA:7,2
DA:8,2
DA:9,2
DA:11,2
DA:12,159
DA:13,159
DA:14,159
DA:16,159
DA:17,477
DA:18,477
DA:22,477
DA:23,10
DA:28,477
DA:29,467
DA:34,477
DA:35,23
DA:40,477
DA:41,23
DA:45,159
DA:56,2
DA:57,159
DA:61,159
DA:68,2
DA:74,2
LF:27
LH:27
BRDA:22,0,0,10
BRDA:22,0,1,467
BRDA:22,1,0,477
BRDA:22,1,1,61
BRDA:22,1,2,13
BRDA:28,2,0,467
BRDA:28,2,1,10
BRDA:28,3,0,477
BRDA:28,3,1,61
BRDA:28,3,2,55
BRDA:34,4,0,23
BRDA:34,4,1,454
BRDA:34,5,0,477
BRDA:34,5,1,61
BRDA:34,5,2,23
BRDA:40,6,0,23
BRDA:40,6,1,454
BRDA:40,7,0,477
BRDA:40,7,1,61
BRDA:40,7,2,23
BRF:20
BRH:20
end_of_record
TN:
SF:/Users/cassie/Projects/progressive-web-scaffold/app/components/grid/grid.jsx
FN:13,(anonymous_0)
FNF:1
FNH:1
FNDA:6,(anonymous_0)
DA:13,2
DA:17,6
DA:19,6
DA:28,2
LF:4
LH:4
BRF:0
BRH:0
end_of_record
TN:
SF:/Users/cassie/Projects/progressive-web-scaffold/app/components/grid/index.jsx
FNF:0
FNH:0
LF:0
LH:0
BRF:0
BRH:0
end_of_record
TN:
SF:/Users/cassie/Projects/progressive-web-scaffold/app/components/icon-label-button/index.jsx
FN:7,(anonymous_0)
FNF:1
FNH:0
FNDA:0,(anonymous_0)
DA:7,2
DA:8,0
DA:9,0
DA:10,0
DA:17,2
LF:5
LH:2
BRF:0
BRH:0
end_of_record
TN:
SF:/Users/cassie/Projects/progressive-web-scaffold/app/components/logo/index.jsx
FN:6,(anonymous_0)
FN:12,(anonymous_1)
FNF:2
FNH:2
FNDA:1,(anonymous_0)
FNDA:1,(anonymous_1)
DA:7,1
DA:9,1
DA:13,1
LF:3
LH:3
BRF:0
BRH:0
end_of_record
TN:
SF:/Users/cassie/Projects/progressive-web-scaffold/app/components/nav-item/index.jsx
FN:8,NavItemIcon
FN:26,NavItemWithIcon
FN:38,AccountNavItem
FNF:3
FNH:0
FNDA:0,NavItemIcon
FNDA:0,NavItemWithIcon
FNDA:0,AccountNavItem
DA:1,0
DA:8,0
DA:10,0
DA:18,0
DA:26,0
DA:27,0
DA:32,0
DA:38,0
DA:39,0
DA:45,0
LF:10
LH:0
BRF:0
BRH:0
end_of_record
TN:
SF:/Users/cassie/Projects/progressive-web-scaffold/app/components/notification/index.jsx
FN:8,(anonymous_0)
FN:20,(anonymous_1)
FN:36,(anonymous_2)
FN:40,(anonymous_3)
FN:48,(anonymous_4)
FN:60,(anonymous_5)
FN:66,(anonymous_6)
FN:72,(anonymous_7)
FN:90,(anonymous_8)
FN:110,(anonymous_9)
FNF:10
FNH:5
FNDA:1,(anonymous_0)
FNDA:1,(anonymous_1)
FNDA:0,(anonymous_2)
FNDA:0,(anonymous_3)
FNDA:1,(anonymous_4)
FNDA:0,(anonymous_5)
FNDA:0,(anonymous_6)
FNDA:1,(anonymous_7)
FNDA:1,(anonymous_8)
FNDA:0,(anonymous_9)
DA:9,1
DA:11,1
DA:15,1
DA:16,1
DA:17,1
DA:24,1
DA:27,1
DA:29,1
DA:31,1
DA:32,1
DA:37,0
DA:41,0
DA:45,0
DA:51,1
DA:52,1
DA:55,0
DA:61,0
DA:67,0
DA:68,0
DA:77,1
DA:79,1
DA:81,1
DA:85,1
DA:89,1
DA:90,1
DA:109,1
DA:115,1
LF:27
LH:20
BRDA:31,0,0,1
BRDA:31,0,1,0
BRDA:51,1,0,1
BRDA:51,1,1,0
BRDA:67,2,0,0
BRDA:67,2,1,0
BRDA:67,3,0,0
BRDA:67,3,1,0
BRDA:85,4,0,1
BRDA:85,4,1,0
BRDA:95,5,0,1
BRDA:95,5,1,0
BRF:12
BRH:4
end_of_record
TN:
SF:/Users/cassie/Projects/progressive-web-scaffold/app/components/notification-manager/index.jsx
FN:2,_interopRequireDefault
FN:4,NotificationManager
FN:10,(anonymous_2)
FNF:3
FNH:0
FNDA:0,_interopRequireDefault
FNDA:0,NotificationManager
FNDA:0,(anonymous_2)
DA:1,0
DA:2,0
DA:4,0
DA:8,0
DA:11,0
DA:17,0
LF:6
LH:0
BRDA:2,0,0,0
BRDA:2,0,1,0
BRDA:2,1,0,0
BRDA:2,1,1,0
BRF:4
BRH:0
end_of_record
TN:
SF:/Users/cassie/Projects/progressive-web-scaffold/app/components/product-item/index.jsx
FN:9,(anonymous_0)
FNF:1
FNH:1
FNDA:7,(anonymous_0)
DA:9,7
DA:17,7
DA:19,7
DA:54,7
LF:4
LH:4
BRDA:22,0,0,7
BRDA:22,0,1,0
BRDA:32,1,0,7
BRDA:32,1,1,0
BRDA:36,2,0,7
BRDA:36,2,1,2
BRDA:44,3,0,7
BRDA:44,3,1,2
BRF:8
BRH:6
end_of_record
TN:
SF:/Users/cassie/Projects/progressive-web-scaffold/app/components/speech-to-text/index.jsx
FN:18,(anonymous_0)
FN:19,(anonymous_1)
FN:24,(anonymous_2)
FN:35,(anonymous_3)
FN:50,(anonymous_4)
FN:57,(anonymous_5)
FN:76,(anonymous_6)
FN:101,(anonymous_7)
FN:117,(anonymous_8)
FN:155,(anonymous_9)
FN:156,(anonymous_10)
FN:157,(anonymous_11)
FNF:12
FNH:3
FNDA:0,(anonymous_0)
FNDA:0,(anonymous_1)
FNDA:5,(anonymous_2)
FNDA:1,(anonymous_3)
FNDA:0,(anonymous_4)
FNDA:0,(anonymous_5)
FNDA:0,(anonymous_6)
FNDA:0,(anonymous_7)
FNDA:9,(anonymous_8)
FNDA:0,(anonymous_9)
FNDA:0,(anonymous_10)
FNDA:0,(anonymous_11)
DA:4,3
DA:18,3
DA:19,0
DA:25,5
DA:27,5
DA:32,5
DA:39,1
DA:41,1
DA:42,0
DA:46,0
DA:47,0
DA:48,0
DA:50,0
DA:51,0
DA:57,0
DA:58,0
DA:60,0
DA:64,0
DA:69,0
DA:70,0
DA:76,0
DA:77,0
DA:78,0
DA:80,0
DA:81,0
DA:82,0
DA:84,0
DA:88,0
DA:89,0
DA:91,0
DA:96,0
DA:102,0
DA:103,0
DA:104,0
DA:108,0
DA:109,0
DA:113,0
DA:120,9
DA:125,9
DA:127,9
DA:129,9
DA:142,3
DA:154,3
LF:43
LH:13
BRDA:41,0,0,0
BRDA:41,0,1,1
BRDA:60,1,0,0
BRDA:60,1,1,0
BRDA:64,2,0,0
BRDA:64,2,1,0
BRDA:69,3,0,0
BRDA:69,3,1,0
BRDA:81,4,0,0
BRDA:81,4,1,0
BRDA:96,5,0,0
BRDA:96,5,1,0
BRDA:102,6,0,0
BRDA:102,6,1,0
BRDA:129,7,0,9
BRDA:129,7,1,4
BRDA:135,8,0,0
BRDA:135,8,1,4
BRF:18
BRH:4
end_of_record
TN:
SF:/Users/cassie/Projects/progressive-web-scaffold/app/containers/app/actions.js
FN:42,(anonymous_0)
FN:43,(anonymous_1)
FN:46,(anonymous_2)
FN:51,(anonymous_3)
FN:71,(anonymous_4)
FN:72,(anonymous_5)
FN:82,(anonymous_6)
FN:89,(anonymous_7)
FN:90,(anonymous_8)
FN:104,(anonymous_9)
FN:105,(anonymous_10)
FN:113,(anonymous_11)
FN:141,(anonymous_12)
FNF:13
FNH:4
FNDA:2,(anonymous_0)
FNDA:2,(anonymous_1)
FNDA:1,(anonymous_2)
FNDA:1,(anonymous_3)
FNDA:0,(anonymous_4)
FNDA:0,(anonymous_5)
FNDA:0,(anonymous_6)
FNDA:0,(anonymous_7)
FNDA:0,(anonymous_8)
FNDA:0,(anonymous_9)
FNDA:0,(anonymous_10)
FNDA:0,(anonymous_11)
FNDA:0,(anonymous_12)
DA:9,11
DA:10,11
DA:11,11
DA:18,11
DA:29,11
DA:42,11
DA:43,2
DA:44,2
DA:47,1
DA:48,1
DA:49,1
DA:51,1
DA:55,11
DA:58,11
DA:61,11
DA:62,11
DA:64,11
DA:65,11
DA:67,11
DA:68,11
DA:69,11
DA:71,11
DA:72,0
DA:73,0
DA:74,0
DA:75,0
DA:77,0
DA:83,0
DA:84,0
DA:89,11
DA:90,0
DA:91,0
DA:93,0
DA:103,0
DA:104,0
DA:106,0
DA:108,0
DA:110,0
DA:111,0
DA:114,0
DA:119,0
DA:121,0
DA:125,0
DA:126,0
DA:127,0
DA:128,0
DA:130,0
DA:136,0
DA:139,0
DA:142,0
LF:50
LH:23
BRDA:110,0,0,0
BRDA:110,0,1,0
BRDA:125,1,0,0
BRDA:125,1,1,0
BRDA:126,2,0,0
BRDA:126,2,1,0
BRF:6
BRH:0
end_of_record
TN:
SF:/Users/cassie/Projects/progressive-web-scaffold/app/containers/app/constants.js
FNF:0
FNH:0
DA:4,12
DA:5,12
DA:6,12
DA:7,12
LF:4
LH:4
BRF:0
BRH:0
end_of_record
TN:
SF:/Users/cassie/Projects/progressive-web-scaffold/app/containers/app/reducer.js
FN:20,(anonymous_0)
FN:23,(anonymous_1)
FN:26,(anonymous_2)
FN:27,(anonymous_3)
FN:29,(anonymous_4)
FN:40,(anonymous_5)
FN:41,(anonymous_6)
FN:42,(anonymous_7)
FN:45,(anonymous_8)
FN:48,(anonymous_9)
FN:51,(anonymous_10)
FN:54,(anonymous_11)
FN:55,(anonymous_12)
FN:62,(anonymous_13)
FN:63,(anonymous_14)
FN:74,(anonymous_15)
FN:75,(anonymous_16)
FN:76,(anonymous_17)
FN:93,(anonymous_18)
FN:96,(anonymous_19)
FNF:20
FNH:0
FNDA:0,(anonymous_0)
FNDA:0,(anonymous_1)
FNDA:0,(anonymous_2)
FNDA:0,(anonymous_3)
FNDA:0,(anonymous_4)
FNDA:0,(anonymous_5)
FNDA:0,(anonymous_6)
FNDA:0,(anonymous_7)
FNDA:0,(anonymous_8)
FNDA:0,(anonymous_9)
FNDA:0,(anonymous_10)
FNDA:0,(anonymous_11)
FNDA:0,(anonymous_12)
FNDA:0,(anonymous_13)
FNDA:0,(anonymous_14)
FNDA:0,(anonymous_15)
FNDA:0,(anonymous_16)
FNDA:0,(anonymous_17)
FNDA:0,(anonymous_18)
FNDA:0,(anonymous_19)
DA:7,1
DA:21,0
DA:24,0
DA:27,0
DA:29,0
DA:30,0
DA:33,0
DA:34,0
DA:36,0
DA:41,0
DA:42,0
DA:46,0
DA:49,0
DA:52,0
DA:55,0
DA:56,0
DA:63,0
DA:64,0
DA:75,0
DA:76,0
DA:77,0
DA:79,0
DA:80,0
DA:83,0
DA:86,0
DA:89,0
DA:91,0
DA:94,0
DA:97,0
LF:29
LH:1
BRDA:33,0,0,0
BRDA:33,0,1,0
BRDA:79,1,0,0
BRDA:79,1,1,0
BRF:4
BRH:0
end_of_record
TN:
SF:/Users/cassie/Projects/progressive-web-scaffold/app/containers/cart/actions.js
FN:22,(anonymous_0)
FN:22,(anonymous_1)
FN:27,(anonymous_2)
FN:28,(anonymous_3)
FN:42,(anonymous_4)
FN:65,(anonymous_5)
FNF:6
FNH:0
FNDA:0,(anonymous_0)
FNDA:0,(anonymous_1)
FNDA:0,(anonymous_2)
FNDA:0,(anonymous_3)
FNDA:0,(anonymous_4)
FNDA:0,(anonymous_5)
DA:11,16
DA:15,16
DA:16,16
DA:17,16
DA:22,16
DA:23,0
DA:26,0
DA:27,0
DA:28,0
DA:42,16
DA:43,0
DA:44,0
DA:46,0
DA:50,0
DA:51,0
DA:65,16
DA:66,0
DA:67,0
DA:68,0
DA:70,0
DA:74,0
DA:75,0
LF:22
LH:7
BRF:0
BRH:0
end_of_record
TN:
SF:/Users/cassie/Projects/progressive-web-scaffold/app/containers/cart/reducer.js
FN:28,(anonymous_0)
FN:35,(anonymous_1)
FNF:2
FNH:2
FNDA:2,(anonymous_0)
FNDA:2,(anonymous_1)
DA:5,1
DA:29,2
DA:36,2
LF:3
LH:3
BRF:0
BRH:0
end_of_record
TN:
SF:/Users/cassie/Projects/progressive-web-scaffold/app/containers/cart/parser/parser.js
FN:2,(anonymous_0)
FN:8,(anonymous_1)
FN:15,(anonymous_2)
FN:22,(anonymous_3)
FN:33,(anonymous_4)
FNF:5
FNH:5
FNDA:4,(anonymous_0)
FNDA:12,(anonymous_1)
FNDA:31,(anonymous_2)
FNDA:1,(anonymous_3)
FNDA:1,(anonymous_4)
DA:2,17
DA:3,4
DA:4,4
DA:5,4
DA:8,17
DA:9,12
DA:10,1
DA:12,11
DA:15,17
DA:16,31
DA:20,3
DA:22,1
DA:23,1
DA:24,12
DA:26,1
DA:29,27
DA:33,17
DA:34,1
LF:18
LH:18
BRDA:9,0,0,1
BRDA:9,0,1,11
BRDA:16,1,0,1
BRDA:16,1,1,2
BRDA:16,1,2,3
BRDA:16,1,3,1
BRDA:16,1,4,27
BRF:7
BRH:7
end_of_record
TN:
SF:/Users/cassie/Projects/progressive-web-scaffold/app/containers/cart/partials/cart-estimate-shipping.jsx
FN:11,(anonymous_0)
FN:37,(anonymous_1)
FN:50,(anonymous_2)
FNF:3
FNH:3
FNDA:3,(anonymous_0)
FNDA:2,(anonymous_1)
FNDA:2,(anonymous_2)
DA:11,1
DA:16,3
DA:17,3
DA:38,2
DA:51,2
DA:75,1
LF:6
LH:6
BRF:0
BRH:0
end_of_record
TN:
SF:/Users/cassie/Projects/progressive-web-scaffold/app/containers/cart/partials/cart-help.jsx
FN:6,(anonymous_0)
FNF:1
FNH:1
FNDA:2,(anonymous_0)
DA:6,1
DA:7,2
DA:26,1
LF:3
LH:3
BRF:0
BRH:0
end_of_record
TN:
SF:/Users/cassie/Projects/progressive-web-scaffold/app/containers/cart/partials/cart-product-list.jsx
FN:15,(anonymous_0)
FN:19,(anonymous_1)
FN:31,(anonymous_2)
FN:52,(anonymous_3)
FNF:4
FNH:4
FNDA:3,(anonymous_0)
FNDA:2,(anonymous_1)
FNDA:3,(anonymous_2)
FNDA:1,(anonymous_3)
DA:13,1
DA:15,1
DA:16,3
DA:19,1
DA:20,2
DA:31,1
DA:32,3
DA:34,3
DA:53,1
DA:112,1
LF:10
LH:10
BRDA:39,0,0,3
BRDA:39,0,1,1
BRDA:50,1,0,3
BRDA:50,1,1,2
BRF:4
BRH:4
end_of_record
TN:
SF:/Users/cassie/Projects/progressive-web-scaffold/app/containers/cart/partials/cart-promo-form.jsx
FN:8,(anonymous_0)
FN:49,(anonymous_1)
FNF:2
FNH:2
FNDA:1,(anonymous_0)
FNDA:1,(anonymous_1)
DA:8,1
DA:9,1
DA:10,1
DA:32,1
DA:49,1
DA:50,1
DA:52,1
DA:57,1
DA:60,1
LF:9
LH:9
BRDA:24,0,0,1
BRDA:24,0,1,1
BRF:2
BRH:2
end_of_record
TN:
SF:/Users/cassie/Projects/progressive-web-scaffold/app/containers/cart/partials/cart-summary.jsx
FN:8,(anonymous_0)
FNF:1
FNH:1
FNDA:2,(anonymous_0)
DA:8,1
DA:10,2
DA:15,2
DA:73,1
LF:4
LH:4
BRF:0
BRH:0
end_of_record
TN:
SF:/Users/cassie/Projects/progressive-web-scaffold/app/containers/cart/partials/cart-wishlist.jsx
FN:8,(anonymous_0)
FNF:1
FNH:1
FNDA:3,(anonymous_0)
DA:8,1
DA:9,3
DA:10,3
DA:49,1
LF:4
LH:4
BRF:0
BRH:0
end_of_record
TN:
SF:/Users/cassie/Projects/progressive-web-scaffold/app/containers/catalog/reducer.js
FN:3,_interopRequireDefault
FNF:1
FNH:0
FNDA:0,_interopRequireDefault
DA:1,0
DA:3,0
DA:5,0
LF:3
LH:0
BRDA:3,0,0,0
BRDA:3,0,1,0
BRDA:3,1,0,0
BRDA:3,1,1,0
BRF:4
BRH:0
end_of_record
TN:
SF:/Users/cassie/Projects/progressive-web-scaffold/app/containers/catalog/products/parser.js
FN:4,(anonymous_0)
FN:7,(anonymous_1)
FN:11,(anonymous_2)
FN:14,(anonymous_3)
FN:34,(anonymous_4)
FNF:5
FNH:5
FNDA:1,(anonymous_0)
FNDA:3,(anonymous_1)
FNDA:1,(anonymous_2)
FNDA:7,(anonymous_3)
FNDA:1,(anonymous_4)
DA:4,12
DA:5,1
DA:7,3
DA:8,1
DA:11,12
DA:12,1
DA:13,1
DA:14,1
DA:15,7
DA:16,7
DA:17,7
DA:18,7
DA:31,1
DA:34,12
DA:35,1
DA:36,1
DA:37,1
LF:17
LH:17
BRF:0
BRH:0
end_of_record
TN:
SF:/Users/cassie/Projects/progressive-web-scaffold/app/containers/catalog/products/reducer.js
FN:34,(anonymous_0)
FN:39,merger
FN:56,(anonymous_2)
FNF:3
FNH:0
FNDA:0,(anonymous_0)
FNDA:0,merger
FNDA:0,(anonymous_2)
DA:1,0
DA:14,0
DA:33,0
DA:37,0
DA:38,0
DA:39,0
DA:40,0
DA:41,0
DA:43,0
DA:46,0
DA:47,0
DA:48,0
DA:51,0
DA:53,0
DA:59,0
DA:60,0
DA:62,0
LF:17
LH:0
BRDA:37,0,0,0
BRDA:37,0,1,0
BRDA:40,1,0,0
BRDA:40,1,1,0
BRDA:47,2,0,0
BRDA:47,2,1,0
BRDA:59,3,0,0
BRDA:59,3,1,0
BRF:8
BRH:0
end_of_record
TN:
SF:/Users/cassie/Projects/progressive-web-scaffold/app/containers/checkout-confirmation/actions.js
FN:9,(anonymous_0)
FN:10,(anonymous_1)
FN:12,(anonymous_2)
FN:18,(anonymous_3)
FN:19,(anonymous_4)
FN:21,(anonymous_5)
FNF:6
FNH:6
FNDA:2,(anonymous_0)
FNDA:1,(anonymous_1)
FNDA:1,(anonymous_2)
FNDA:1,(anonymous_3)
FNDA:1,(anonymous_4)
FNDA:1,(anonymous_5)
DA:5,2
DA:6,2
DA:7,2
DA:9,2
DA:10,2
DA:11,1
DA:13,1
DA:18,2
DA:19,1
DA:20,1
DA:21,1
LF:11
LH:11
BRF:0
BRH:0
end_of_record
TN:
SF:/Users/cassie/Projects/progressive-web-scaffold/app/containers/checkout-confirmation/checkout-confirmation-parser.js
FN:1,(anonymous_0)
FNF:1
FNH:0
FNDA:0,(anonymous_0)
DA:1,2
DA:2,0
DA:4,0
LF:3
LH:1
BRF:0
BRH:0
end_of_record
TN:
SF:/Users/cassie/Projects/progressive-web-scaffold/app/containers/checkout-confirmation/reducer.js
FN:15,(anonymous_0)
FN:18,(anonymous_1)
FN:21,(anonymous_2)
FNF:3
FNH:1
FNDA:1,(anonymous_0)
FNDA:0,(anonymous_1)
FNDA:0,(anonymous_2)
DA:5,1
DA:16,1
DA:19,0
DA:22,0
LF:4
LH:2
BRF:0
BRH:0
end_of_record
TN:
SF:/Users/cassie/Projects/progressive-web-scaffold/app/containers/checkout-confirmation/partials/checkout-confirmation-form.jsx
FN:6,_interopRequireWildcard
FN:6,_interopRequireDefault
FN:8,CheckoutConfirmationForm
FN:55,validate
FNF:4
FNH:0
FNDA:0,_interopRequireWildcard
FNDA:0,_interopRequireDefault
FNDA:0,CheckoutConfirmationForm
FNDA:0,validate
DA:1,0
DA:6,0
DA:8,0
DA:15,0
DA:38,0
DA:55,0
DA:56,0
DA:57,0
DA:58,0
DA:60,0
DA:63,0
LF:11
LH:0
BRDA:6,0,0,0
BRDA:6,0,1,0
BRDA:6,1,0,0
BRDA:6,1,1,0
BRDA:6,2,0,0
BRDA:6,2,1,0
BRDA:6,3,0,0
BRDA:6,3,1,0
BRDA:6,4,0,0
BRDA:6,4,1,0
BRDA:6,5,0,0
BRDA:6,5,1,0
BRDA:57,6,0,0
BRDA:57,6,1,0
BRDA:57,7,0,0
BRDA:57,7,1,0
BRF:16
BRH:0
end_of_record
TN:
SF:/Users/cassie/Projects/progressive-web-scaffold/app/containers/checkout-confirmation/partials/checkout-confirmation-modal.jsx
FN:6,_interopRequireDefault
FN:8,CheckountConfirmationModal
FNF:2
FNH:0
FNDA:0,_interopRequireDefault
FNDA:0,CheckountConfirmationModal
DA:1,0
DA:6,0
DA:8,0
DA:14,0
DA:45,0
LF:5
LH:0
BRDA:6,0,0,0
BRDA:6,0,1,0
BRDA:6,1,0,0
BRDA:6,1,1,0
BRF:4
BRH:0
end_of_record
TN:
SF:/Users/cassie/Projects/progressive-web-scaffold/app/containers/checkout-payment/actions.js
FN:9,(anonymous_0)
FN:10,(anonymous_1)
FN:12,(anonymous_2)
FN:18,(anonymous_3)
FN:19,(anonymous_4)
FN:21,(anonymous_5)
FNF:6
FNH:6
FNDA:2,(anonymous_0)
FNDA:1,(anonymous_1)
FNDA:1,(anonymous_2)
FNDA:1,(anonymous_3)
FNDA:1,(anonymous_4)
FNDA:1,(anonymous_5)
DA:5,2
DA:6,2
DA:7,2
DA:9,2
DA:10,2
DA:11,1
DA:13,1
DA:18,2
DA:19,1
DA:20,1
DA:21,1
LF:11
LH:11
BRF:0
BRH:0
end_of_record
TN:
SF:/Users/cassie/Projects/progressive-web-scaffold/app/containers/checkout-payment/checkout-payment-parser.js
FN:1,(anonymous_0)
FNF:1
FNH:0
FNDA:0,(anonymous_0)
DA:1,2
DA:2,0
DA:4,0
LF:3
LH:1
BRF:0
BRH:0
end_of_record
TN:
SF:/Users/cassie/Projects/progressive-web-scaffold/app/containers/checkout-payment/reducer.js
FN:16,(anonymous_0)
FN:19,(anonymous_1)
FN:22,(anonymous_2)
FNF:3
FNH:1
FNDA:1,(anonymous_0)
FNDA:0,(anonymous_1)
FNDA:0,(anonymous_2)
DA:5,1
DA:17,1
DA:20,0
DA:23,0
LF:4
LH:2
BRF:0
BRH:0
end_of_record
TN:
SF:/Users/cassie/Projects/progressive-web-scaffold/app/containers/checkout-payment/partials/checkout-payment-form.jsx
FN:12,_interopRequireWildcard
FN:12,_interopRequireDefault
FN:22,renderCreditCartForm
FN:100,renderBillingAddress
FN:215,CheckoutPaymentForm
FN:282,validate
FNF:6
FNH:0
FNDA:0,_interopRequireWildcard
FNDA:0,_interopRequireDefault
FNDA:0,renderCreditCartForm
FNDA:0,renderBillingAddress
FNDA:0,CheckoutPaymentForm
FNDA:0,validate
DA:1,0
DA:12,0
DA:14,0
DA:22,0
DA:23,0
DA:24,0
DA:25,0
DA:27,0
DA:51,0
DA:52,0
DA:54,0
DA:100,0
DA:102,0
DA:109,0
DA:121,0
DA:123,0
DA:215,0
DA:226,0
DA:245,0
DA:282,0
DA:283,0
DA:284,0
DA:285,0
DA:287,0
DA:290,0
LF:25
LH:0
BRDA:12,0,0,0
BRDA:12,0,1,0
BRDA:12,1,0,0
BRDA:12,1,1,0
BRDA:12,2,0,0
BRDA:12,2,1,0
BRDA:12,3,0,0
BRDA:12,3,1,0
BRDA:12,4,0,0
BRDA:12,4,1,0
BRDA:12,5,0,0
BRDA:12,5,1,0
BRDA:73,7,0,0
BRDA:73,7,1,0
BRDA:78,8,0,0
BRDA:78,8,1,0
BRDA:84,9,0,0
BRDA:141,10,0,0
BRDA:154,11,0,0
BRDA:154,11,1,0
BRDA:160,12,0,0
BRDA:284,13,0,0
BRDA:284,13,1,0
BRDA:284,14,0,0
BRDA:284,14,1,0
BRF:25
BRH:0
end_of_record
TN:
SF:/Users/cassie/Projects/progressive-web-scaffold/app/containers/checkout-payment/partials/checkout-payment-product-list.jsx
FN:12,_interopRequireDefault
FN:14,CheckoutPaymentProductList
FNF:2
FNH:0
FNDA:0,_interopRequireDefault
FNDA:0,CheckoutPaymentProductList
DA:1,0
DA:12,0
DA:14,0
DA:159,0
LF:4
LH:0
BRDA:12,0,0,0
BRDA:12,0,1,0
BRDA:12,1,0,0
BRDA:12,1,1,0
BRF:4
BRH:0
end_of_record
TN:
SF:/Users/cassie/Projects/progressive-web-scaffold/app/containers/checkout-shipping/actions.js
FN:9,(anonymous_0)
FN:10,(anonymous_1)
FN:12,(anonymous_2)
FN:18,(anonymous_3)
FN:19,(anonymous_4)
FN:21,(anonymous_5)
FN:25,(anonymous_6)
FN:26,(anonymous_7)
FNF:8
FNH:6
FNDA:2,(anonymous_0)
FNDA:1,(anonymous_1)
FNDA:1,(anonymous_2)
FNDA:1,(anonymous_3)
FNDA:1,(anonymous_4)
FNDA:1,(anonymous_5)
FNDA:0,(anonymous_6)
FNDA:0,(anonymous_7)
DA:6,2
DA:7,2
DA:9,2
DA:10,2
DA:11,1
DA:13,1
DA:18,2
DA:19,1
DA:20,1
DA:21,1
DA:25,2
DA:26,0
DA:27,0
LF:13
LH:11
BRF:0
BRH:0
end_of_record
TN:
SF:/Users/cassie/Projects/progressive-web-scaffold/app/containers/checkout-shipping/checkout-shipping-parser.js
FN:1,(anonymous_0)
FNF:1
FNH:0
FNDA:0,(anonymous_0)
DA:1,2
DA:2,0
DA:4,0
LF:3
LH:1
BRF:0
BRH:0
end_of_record
TN:
SF:/Users/cassie/Projects/progressive-web-scaffold/app/containers/checkout-shipping/reducer.js
FN:12,(anonymous_0)
FN:15,(anonymous_1)
FNF:2
FNH:2
FNDA:1,(anonymous_0)
FNDA:1,(anonymous_1)
DA:5,1
DA:13,1
DA:16,1
LF:3
LH:3
BRF:0
BRH:0
end_of_record
TN:
SF:/Users/cassie/Projects/progressive-web-scaffold/app/containers/checkout-shipping/partials/checkout-shipping-form.jsx
FN:11,(anonymous_0)
FN:53,(anonymous_1)
FN:181,(anonymous_2)
FN:212,(anonymous_3)
FN:267,(anonymous_4)
FNF:5
FNH:5
FNDA:1,(anonymous_0)
FNDA:1,(anonymous_1)
FNDA:1,(anonymous_2)
FNDA:1,(anonymous_3)
FNDA:1,(anonymous_4)
DA:11,1
DA:13,1
DA:17,1
DA:19,1
DA:53,1
DA:55,1
DA:67,1
DA:73,1
DA:181,1
DA:183,1
DA:189,1
DA:212,1
DA:220,1
DA:222,1
DA:238,1
DA:267,1
DA:268,1
DA:269,1
DA:270,0
DA:272,1
DA:275,1
LF:21
LH:20
BRDA:30,0,0,1
BRDA:30,0,1,1
BRDA:38,1,0,1
BRDA:38,1,1,1
BRDA:113,2,0,1
BRDA:113,2,1,1
BRDA:119,3,0,1
BRDA:119,3,1,0
BRDA:269,4,0,0
BRDA:269,4,1,1
BRDA:269,5,0,1
BRDA:269,5,1,0
BRF:12
BRH:9
end_of_record
TN:
SF:/Users/cassie/Projects/progressive-web-scaffold/app/containers/footer/actions.js
FN:9,(anonymous_0)
FN:10,(anonymous_1)
FN:12,(anonymous_2)
FN:16,(anonymous_3)
FN:27,(anonymous_4)
FN:28,(anonymous_5)
FNF:6
FNH:4
FNDA:2,(anonymous_0)
FNDA:2,(anonymous_1)
FNDA:1,(anonymous_2)
FNDA:1,(anonymous_3)
FNDA:0,(anonymous_4)
FNDA:0,(anonymous_5)
DA:5,2
DA:9,2
DA:10,2
DA:12,2
DA:13,1
DA:16,2
DA:17,1
DA:20,2
DA:26,2
DA:27,2
DA:28,0
DA:29,0
DA:32,0
DA:33,0
DA:34,0
LF:15
LH:10
BRDA:32,0,0,0
BRDA:32,0,1,0
BRF:2
BRH:0
end_of_record
TN:
SF:/Users/cassie/Projects/progressive-web-scaffold/app/containers/footer/constants.js
FNF:0
FNH:0
DA:1,2
DA:2,2
DA:3,2
LF:3
LH:3
BRF:0
BRH:0
end_of_record
TN:
SF:/Users/cassie/Projects/progressive-web-scaffold/app/containers/footer/reducer.js
FN:19,(anonymous_0)
FN:27,(anonymous_1)
FNF:2
FNH:2
FNDA:1,(anonymous_0)
FNDA:1,(anonymous_1)
DA:8,1
DA:17,1
DA:20,1
DA:21,1
DA:28,1
LF:5
LH:5
BRF:0
BRH:0
end_of_record
TN:
SF:/Users/cassie/Projects/progressive-web-scaffold/app/containers/footer/parsers/parser.js
FN:2,(anonymous_0)
FN:9,(anonymous_1)
FN:11,(anonymous_2)
FNF:3
FNH:3
FNDA:2,(anonymous_0)
FNDA:2,(anonymous_1)
FNDA:10,(anonymous_2)
DA:2,2
DA:3,2
DA:4,2
DA:5,2
DA:6,2
DA:9,2
DA:10,2
DA:11,2
DA:12,10
DA:13,10
LF:10
LH:10
BRF:0
BRH:0
end_of_record
TN:
SF:/Users/cassie/Projects/progressive-web-scaffold/app/containers/footer/partials/footer-navigation.jsx
FN:6,_interopRequireDefault
FN:8,FooterNavigation
FN:11,(anonymous_2)
FNF:3
FNH:0
FNDA:0,_interopRequireDefault
FNDA:0,FooterNavigation
FNDA:0,(anonymous_2)
DA:1,0
DA:6,0
DA:8,0
DA:9,0
DA:12,0
DA:13,0
DA:32,0
LF:7
LH:0
BRDA:6,0,0,0
BRDA:6,0,1,0
BRDA:6,1,0,0
BRDA:6,1,1,0
BRDA:15,2,0,0
BRF:5
BRH:0
end_of_record
TN:
SF:/Users/cassie/Projects/progressive-web-scaffold/app/containers/footer/partials/footer-newsletter-subscription.jsx
FN:3,_interopRequireDefault
FN:5,FooterNewsletterSubscription
FNF:2
FNH:0
FNDA:0,_interopRequireDefault
FNDA:0,FooterNewsletterSubscription
DA:1,0
DA:3,0
DA:5,0
DA:6,0
DA:19,0
LF:5
LH:0
BRDA:3,0,0,0
BRDA:3,0,1,0
BRDA:3,1,0,0
BRDA:3,1,1,0
BRF:4
BRH:0
end_of_record
TN:
SF:/Users/cassie/Projects/progressive-web-scaffold/app/containers/footer/partials/footer-social-icons.jsx
FN:4,FooterSocialIcons
FN:8,(anonymous_1)
FNF:2
FNH:0
FNDA:0,FooterSocialIcons
FNDA:0,(anonymous_1)
DA:1,0
DA:4,0
DA:5,0
DA:18,0
LF:4
LH:0
BRF:0
BRH:0
end_of_record
TN:
SF:/Users/cassie/Projects/progressive-web-scaffold/app/containers/footer/partials/newsletter-form.jsx
FN:6,_interopRequireWildcard
FN:6,_interopRequireDefault
FN:8,NewsletterForm
FN:48,validate
FNF:4
FNH:0
FNDA:0,_interopRequireWildcard
FNDA:0,_interopRequireDefault
FNDA:0,NewsletterForm
FNDA:0,validate
DA:1,0
DA:6,0
DA:8,0
DA:10,0
DA:31,0
DA:48,0
DA:49,0
DA:50,0
DA:51,0
DA:53,0
DA:56,0
LF:11
LH:0
BRDA:6,0,0,0
BRDA:6,0,1,0
BRDA:6,1,0,0
BRDA:6,1,1,0
BRDA:6,2,0,0
BRDA:6,2,1,0
BRDA:6,3,0,0
BRDA:6,3,1,0
BRDA:6,4,0,0
BRDA:6,4,1,0
BRDA:6,5,0,0
BRDA:6,5,1,0
BRDA:23,6,0,0
BRDA:23,6,1,0
BRDA:50,7,0,0
BRDA:50,7,1,0
BRDA:50,8,0,0
BRDA:50,8,1,0
BRF:18
BRH:0
end_of_record
TN:
SF:/Users/cassie/Projects/progressive-web-scaffold/app/containers/header/actions.js
FNF:0
FNH:0
DA:4,1
LF:1
LH:1
BRF:0
BRH:0
end_of_record
TN:
SF:/Users/cassie/Projects/progressive-web-scaffold/app/containers/header/reducer.js
FN:13,(anonymous_0)
FN:17,(anonymous_1)
FNF:2
FNH:1
FNDA:3,(anonymous_0)
FNDA:0,(anonymous_1)
DA:6,1
DA:11,1
DA:14,3
DA:18,0
LF:4
LH:3
BRF:0
BRH:0
end_of_record
TN:
SF:/Users/cassie/Projects/progressive-web-scaffold/app/containers/header/partials/cart-action.jsx
FN:8,CartItemCounterBadge
FN:27,CartAction
FNF:2
FNH:0
FNDA:0,CartItemCounterBadge
FNDA:0,CartAction
DA:1,0
DA:8,0
DA:10,0
DA:11,0
DA:17,0
DA:23,0
DA:27,0
DA:36,0
LF:8
LH:0
BRDA:10,0,0,0
BRDA:10,0,1,0
BRF:2
BRH:0
end_of_record
TN:
SF:/Users/cassie/Projects/progressive-web-scaffold/app/containers/header/partials/header-title.jsx
FN:8,_interopRequireDefault
FN:10,HeaderTitle
FN:20,(anonymous_2)
FNF:3
FNH:0
FNDA:0,_interopRequireDefault
FNDA:0,HeaderTitle
FNDA:0,(anonymous_2)
DA:1,0
DA:8,0
DA:10,0
DA:11,0
DA:15,0
DA:29,0
LF:6
LH:0
BRDA:8,0,0,0
BRDA:8,0,1,0
BRDA:8,1,0,0
BRDA:8,1,1,0
BRF:4
BRH:0
end_of_record
TN:
SF:/Users/cassie/Projects/progressive-web-scaffold/app/containers/header/partials/navigation-action.jsx
FN:7,NavigationAction
FNF:1
FNH:0
FNDA:0,NavigationAction
DA:1,0
DA:7,0
DA:17,0
LF:3
LH:0
BRF:0
BRH:0
end_of_record
TN:
SF:/Users/cassie/Projects/progressive-web-scaffold/app/containers/header/partials/stores-action.jsx
FN:7,StoresAction
FNF:1
FNH:0
FNDA:0,StoresAction
DA:1,0
DA:7,0
DA:15,0
LF:3
LH:0
BRF:0
BRH:0
end_of_record
TN:
SF:/Users/cassie/Projects/progressive-web-scaffold/app/containers/home/actions.js
FNF:0
FNH:0
LF:0
LH:0
BRF:0
BRH:0
end_of_record
TN:
SF:/Users/cassie/Projects/progressive-web-scaffold/app/containers/home/reducer.js
FN:17,(anonymous_0)
FNF:1
FNH:0
FNDA:0,(anonymous_0)
DA:9,1
DA:11,1
DA:18,0
DA:20,0
DA:21,0
DA:23,0
LF:6
LH:2
BRDA:20,0,0,0
BRDA:20,0,1,0
BRF:2
BRH:0
end_of_record
TN:
SF:/Users/cassie/Projects/progressive-web-scaffold/app/containers/home/parsers/home.js
FN:3,(anonymous_0)
FN:5,(anonymous_1)
FN:15,(anonymous_2)
FNF:3
FNH:3
FNDA:1,(anonymous_0)
FNDA:6,(anonymous_1)
FNDA:3,(anonymous_2)
DA:3,2
DA:4,1
DA:5,1
DA:6,6
DA:7,6
DA:14,1
DA:15,1
DA:16,3
DA:17,3
DA:19,1
LF:10
LH:10
BRF:0
BRH:0
end_of_record
TN:
SF:/Users/cassie/Projects/progressive-web-scaffold/app/containers/home/partials/home-carousel.jsx
FN:14,(anonymous_0)
FN:19,(anonymous_1)
FNF:2
FNH:0
FNDA:0,(anonymous_0)
FNDA:0,(anonymous_1)
DA:11,3
DA:12,3
DA:14,3
DA:15,0
DA:20,0
DA:42,3
LF:6
LH:4
BRDA:17,0,0,0
BRDA:17,0,1,0
BRF:2
BRH:0
end_of_record
TN:
SF:/Users/cassie/Projects/progressive-web-scaffold/app/containers/home/partials/home-categories.jsx
FN:11,(anonymous_0)
FN:25,(anonymous_1)
FN:55,(anonymous_2)
FNF:3
FNH:0
FNDA:0,(anonymous_0)
FNDA:0,(anonymous_1)
FNDA:0,(anonymous_2)
DA:11,3
DA:12,0
DA:25,3
DA:26,0
DA:27,0
DA:31,0
DA:55,3
DA:56,0
DA:65,3
LF:9
LH:4
BRDA:12,0,0,0
BRDA:12,0,1,0
BRDA:42,1,0,0
BRDA:42,1,1,0
BRF:4
BRH:0
end_of_record
TN:
SF:/Users/cassie/Projects/progressive-web-scaffold/app/containers/login/actions.js
FN:5,(anonymous_0)
FN:27,(anonymous_1)
FN:73,(anonymous_2)
FN:75,(anonymous_3)
FN:78,(anonymous_4)
FN:90,(anonymous_5)
FN:96,(anonymous_6)
FN:97,(anonymous_7)
FN:105,(anonymous_8)
FN:113,(anonymous_9)
FN:114,(anonymous_10)
FN:122,(anonymous_11)
FN:130,(anonymous_12)
FN:131,(anonymous_13)
FN:138,(anonymous_14)
FN:139,(anonymous_15)
FNF:16
FNH:0
FNDA:0,(anonymous_0)
FNDA:0,(anonymous_1)
FNDA:0,(anonymous_2)
FNDA:0,(anonymous_3)
FNDA:0,(anonymous_4)
FNDA:0,(anonymous_5)
FNDA:0,(anonymous_6)
FNDA:0,(anonymous_7)
FNDA:0,(anonymous_8)
FNDA:0,(anonymous_9)
FNDA:0,(anonymous_10)
FNDA:0,(anonymous_11)
FNDA:0,(anonymous_12)
FNDA:0,(anonymous_13)
FNDA:0,(anonymous_14)
FNDA:0,(anonymous_15)
DA:5,1
DA:6,0
DA:9,0
DA:10,0
DA:14,0
DA:15,0
DA:16,0
DA:17,0
DA:18,0
DA:20,0
DA:21,0
DA:22,0
DA:24,0
DA:27,1
DA:28,0
DA:30,0
DA:31,0
DA:42,0
DA:44,0
DA:45,0
DA:48,0
DA:49,0
DA:52,0
DA:53,0
DA:54,0
DA:55,0
DA:58,0
DA:59,0
DA:62,0
DA:63,0
DA:66,0
DA:67,0
DA:70,0
DA:73,1
DA:74,0
DA:76,0
DA:79,0
DA:80,0
DA:81,0
DA:84,0
DA:86,0
DA:87,0
DA:91,0
DA:92,0
DA:96,1
DA:97,0
DA:98,0
DA:99,0
DA:100,0
DA:102,0
DA:103,0
DA:105,0
DA:106,0
DA:109,0
DA:113,1
DA:114,0
DA:115,0
DA:116,0
DA:117,0
DA:119,0
DA:120,0
DA:122,0
DA:123,0
DA:126,0
DA:130,1
DA:131,0
DA:132,0
DA:138,1
DA:139,0
DA:140,0
DA:144,1
DA:145,1
LF:72
LH:9
BRDA:9,0,0,0
BRDA:9,0,1,0
BRDA:15,1,0,0
BRDA:15,1,1,0
BRDA:17,2,0,0
BRDA:17,2,1,0
BRDA:21,3,0,0
BRDA:21,3,1,0
BRDA:30,4,0,0
BRDA:30,4,1,0
BRDA:44,5,0,0
BRDA:44,5,1,0
BRDA:48,6,0,0
BRDA:48,6,1,0
BRDA:52,7,0,0
BRDA:52,7,1,0
BRDA:54,8,0,0
BRDA:54,8,1,0
BRDA:58,9,0,0
BRDA:58,9,1,0
BRDA:62,10,0,0
BRDA:62,10,1,0
BRDA:66,11,0,0
BRDA:66,11,1,0
BRDA:80,12,0,0
BRDA:80,12,1,0
BRDA:99,13,0,0
BRDA:99,13,1,0
BRDA:99,14,0,0
BRDA:99,14,1,0
BRDA:116,15,0,0
BRDA:116,15,1,0
BRDA:116,16,0,0
BRDA:116,16,1,0
BRF:34
BRH:0
end_of_record
TN:
SF:/Users/cassie/Projects/progressive-web-scaffold/app/containers/login/reducer.js
FN:128,(anonymous_0)
FN:130,(anonymous_1)
FN:135,(anonymous_2)
FN:157,(anonymous_3)
FN:158,(anonymous_4)
FN:160,(anonymous_5)
FN:161,(anonymous_6)
FNF:7
FNH:7
FNDA:5,(anonymous_0)
FNDA:3,(anonymous_1)
FNDA:5,(anonymous_2)
FNDA:1,(anonymous_3)
FNDA:1,(anonymous_4)
FNDA:1,(anonymous_5)
FNDA:1,(anonymous_6)
DA:13,1
DA:37,1
DA:68,1
DA:92,1
DA:128,5
DA:130,1
DA:131,3
DA:136,5
DA:137,5
DA:140,3
DA:142,3
DA:143,2
DA:146,1
DA:147,1
DA:152,3
DA:154,2
DA:158,1
DA:161,1
LF:18
LH:18
BRDA:137,0,0,3
BRDA:137,0,1,2
BRDA:142,1,0,2
BRDA:142,1,1,1
BRDA:146,2,0,1
BRDA:146,2,1,0
BRF:6
BRH:5
end_of_record
TN:
SF:/Users/cassie/Projects/progressive-web-scaffold/app/containers/login/parsers/register.js
FN:3,(anonymous_0)
FN:4,(anonymous_1)
FN:20,(anonymous_2)
FN:21,(anonymous_3)
FN:31,(anonymous_4)
FN:38,(anonymous_5)
FN:50,(anonymous_6)
FNF:7
FNH:7
FNDA:4,(anonymous_0)
FNDA:7,(anonymous_1)
FNDA:2,(anonymous_2)
FNDA:2,(anonymous_3)
FNDA:4,(anonymous_4)
FNDA:2,(anonymous_5)
FNDA:2,(anonymous_6)
DA:3,2
DA:4,4
DA:5,7
DA:6,7
DA:7,7
DA:20,2
DA:21,2
DA:22,2
DA:23,2
DA:31,2
DA:32,4
DA:38,2
DA:39,2
DA:50,2
DA:51,2
LF:15
LH:15
BRDA:12,0,0,1
BRDA:12,0,1,6
BRF:2
BRH:2
end_of_record
TN:
SF:/Users/cassie/Projects/progressive-web-scaffold/app/containers/login/parsers/signin.js
FN:3,(anonymous_0)
FN:4,(anonymous_1)
FN:20,(anonymous_2)
FN:21,(anonymous_3)
FN:31,(anonymous_4)
FN:44,(anonymous_5)
FNF:6
FNH:6
FNDA:1,(anonymous_0)
FNDA:3,(anonymous_1)
FNDA:1,(anonymous_2)
FNDA:1,(anonymous_3)
FNDA:1,(anonymous_4)
FNDA:1,(anonymous_5)
DA:3,2
DA:4,1
DA:5,3
DA:6,3
DA:7,3
DA:20,2
DA:21,1
DA:22,1
DA:23,1
DA:31,2
DA:32,1
DA:44,2
DA:45,1
LF:13
LH:13
BRDA:12,0,0,1
BRDA:12,0,1,2
BRF:2
BRH:2
end_of_record
TN:
SF:/Users/cassie/Projects/progressive-web-scaffold/app/containers/login/partials/register.js
FN:12,(anonymous_0)
FN:13,(anonymous_1)
FN:76,(anonymous_2)
FN:95,(anonymous_3)
FN:96,(anonymous_4)
FN:107,(anonymous_5)
FNF:6
FNH:0
FNDA:0,(anonymous_0)
FNDA:0,(anonymous_1)
FNDA:0,(anonymous_2)
FNDA:0,(anonymous_3)
FNDA:0,(anonymous_4)
FNDA:0,(anonymous_5)
DA:12,2
DA:13,0
DA:15,0
DA:21,0
DA:33,0
DA:76,2
DA:91,0
DA:92,0
DA:96,0
DA:97,0
DA:108,0
DA:136,2
DA:152,2
LF:13
LH:4
BRDA:16,0,0,0
BRDA:16,0,1,0
BRDA:43,1,0,0
BRDA:43,1,1,0
BRDA:101,2,0,0
BRDA:101,2,1,0
BRDA:111,3,0,0
BRDA:111,3,1,0
BRDA:128,4,0,0
BRDA:128,4,1,0
BRDA:130,5,0,0
BRDA:130,5,1,0
BRF:12
BRH:0
end_of_record
TN:
SF:/Users/cassie/Projects/progressive-web-scaffold/app/containers/login/partials/signin.js
FN:12,(anonymous_0)
FN:13,(anonymous_1)
FN:82,(anonymous_2)
FN:103,(anonymous_3)
FN:104,(anonymous_4)
FNF:5
FNH:0
FNDA:0,(anonymous_0)
FNDA:0,(anonymous_1)
FNDA:0,(anonymous_2)
FNDA:0,(anonymous_3)
FNDA:0,(anonymous_4)
DA:12,2
DA:13,0
DA:15,0
DA:27,0
DA:39,0
DA:82,2
DA:98,0
DA:100,0
DA:104,0
DA:105,0
DA:132,2
DA:149,2
LF:12
LH:4
BRDA:16,0,0,0
BRDA:16,0,1,0
BRDA:18,1,0,0
BRDA:18,1,1,0
BRDA:18,1,2,0
BRDA:49,2,0,0
BRDA:49,2,1,0
BRDA:109,3,0,0
BRDA:109,3,1,0
BRDA:122,4,0,0
BRDA:122,4,1,0
BRDA:124,5,0,0
BRDA:124,5,1,0
BRF:13
BRH:0
end_of_record
TN:
SF:/Users/cassie/Projects/progressive-web-scaffold/app/containers/mini-cart/actions.js
FN:7,(anonymous_0)
FN:7,(anonymous_1)
FNF:2
FNH:0
FNDA:0,(anonymous_0)
FNDA:0,(anonymous_1)
DA:4,2
DA:5,2
DA:7,2
DA:8,0
DA:9,0
LF:5
LH:3
BRF:0
BRH:0
end_of_record
TN:
SF:/Users/cassie/Projects/progressive-web-scaffold/app/containers/mini-cart/reducer.js
FN:20,(anonymous_0)
FN:26,(anonymous_1)
FN:30,(anonymous_2)
FNF:3
FNH:3
FNDA:2,(anonymous_0)
FNDA:1,(anonymous_1)
FNDA:1,(anonymous_2)
DA:6,1
DA:21,2
DA:27,1
DA:31,1
LF:4
LH:4
BRF:0
BRH:0
end_of_record
TN:
SF:/Users/cassie/Projects/progressive-web-scaffold/app/containers/navigation/actions.js
FNF:0
FNH:0
DA:3,1
DA:5,1
LF:2
LH:2
BRF:0
BRH:0
end_of_record
TN:
SF:/Users/cassie/Projects/progressive-web-scaffold/app/containers/navigation/reducer.js
FN:15,(anonymous_0)
FN:21,(anonymous_1)
FN:25,(anonymous_2)
FNF:3
FNH:3
FNDA:1,(anonymous_0)
FNDA:1,(anonymous_1)
FNDA:1,(anonymous_2)
DA:7,1
DA:14,1
DA:16,1
DA:17,1
DA:18,1
DA:22,1
DA:26,1
LF:7
LH:7
BRF:0
BRH:0
end_of_record
TN:
SF:/Users/cassie/Projects/progressive-web-scaffold/app/containers/navigation/parsers/parser.js
FN:2,(anonymous_0)
FN:13,(anonymous_1)
FNF:2
FNH:2
FNDA:3,(anonymous_0)
FNDA:18,(anonymous_1)
DA:2,2
DA:3,3
DA:4,3
DA:5,3
DA:11,3
DA:12,3
DA:13,3
DA:14,18
DA:15,18
DA:19,18
DA:23,18
DA:24,1
DA:27,3
LF:13
LH:13
BRDA:23,0,0,1
BRDA:23,0,1,17
BRF:2
BRH:2
end_of_record
TN:
SF:/Users/cassie/Projects/progressive-web-scaffold/app/containers/pdp/actions.js
FN:10,(anonymous_0)
FN:10,(anonymous_1)
FN:20,(anonymous_2)
FNF:3
FNH:3
FNDA:1,(anonymous_0)
FNDA:1,(anonymous_1)
FNDA:1,(anonymous_2)
DA:5,2
DA:7,2
DA:8,2
DA:10,2
DA:11,1
DA:12,1
DA:13,1
DA:15,1
DA:21,1
DA:22,1
LF:10
LH:10
BRF:0
BRH:0
end_of_record
TN:
SF:/Users/cassie/Projects/progressive-web-scaffold/app/containers/pdp/reducer.js
FN:21,(anonymous_0)
FN:28,(anonymous_1)
FN:44,(anonymous_2)
FN:48,(anonymous_3)
FN:58,(anonymous_4)
FN:61,(anonymous_5)
FN:69,(anonymous_6)
FNF:7
FNH:3
FNDA:4,(anonymous_0)
FNDA:3,(anonymous_1)
FNDA:0,(anonymous_2)
FNDA:0,(anonymous_3)
FNDA:1,(anonymous_4)
FNDA:0,(anonymous_5)
FNDA:0,(anonymous_6)
DA:13,1
DA:20,1
DA:22,4
DA:24,4
DA:25,3
DA:28,3
DA:32,3
DA:36,3
DA:37,3
DA:41,1
DA:45,0
DA:47,0
DA:48,0
DA:49,0
DA:50,0
DA:52,0
DA:55,0
DA:59,1
DA:62,0
DA:63,0
DA:64,0
DA:70,0
LF:22
LH:11
BRDA:24,0,0,3
BRDA:24,0,1,1
BRDA:36,1,0,3
BRDA:36,1,1,0
BRDA:47,2,0,0
BRDA:47,2,1,0
BRDA:49,3,0,0
BRDA:49,3,1,0
BRF:8
BRH:3
end_of_record
TN:
SF:/Users/cassie/Projects/progressive-web-scaffold/app/containers/pdp/parsers/pdp.js
FN:1,(anonymous_0)
FN:6,(anonymous_1)
FNF:2
FNH:2
FNDA:4,(anonymous_0)
FNDA:16,(anonymous_1)
DA:1,12
DA:2,4
DA:3,4
DA:5,4
DA:6,4
DA:7,16
DA:8,16
DA:11,4
LF:8
LH:8
BRF:0
BRH:0
end_of_record
TN:
SF:/Users/cassie/Projects/progressive-web-scaffold/app/containers/pdp/partials/pdp-add-to-cart.jsx
FN:6,(anonymous_0)
FNF:1
FNH:0
FNDA:0,(anonymous_0)
DA:6,1
DA:7,0
DA:15,0
DA:16,0
DA:17,0
DA:18,0
DA:21,0
DA:49,1
LF:8
LH:2
BRDA:15,0,0,0
BRDA:15,0,1,0
BRF:2
BRH:0
end_of_record
TN:
SF:/Users/cassie/Projects/progressive-web-scaffold/app/containers/pdp/partials/pdp-carousel.jsx
FN:9,(anonymous_0)
FN:21,(anonymous_1)
FNF:2
FNH:2
FNDA:6,(anonymous_0)
FNDA:5,(anonymous_1)
DA:9,2
DA:10,6
DA:18,6
DA:19,4
DA:22,5
DA:32,5
DA:45,2
DA:59,2
DA:63,2
LF:9
LH:9
BRDA:18,0,0,4
BRDA:18,0,1,2
BRDA:23,1,0,0
BRDA:23,1,1,5
BRF:4
BRH:3
end_of_record
TN:
SF:/Users/cassie/Projects/progressive-web-scaffold/app/containers/pdp/partials/pdp-description.jsx
FN:4,(anonymous_0)
FNF:1
FNH:1
FNDA:3,(anonymous_0)
DA:4,2
DA:5,3
DA:12,2
LF:3
LH:3
BRF:0
BRH:0
end_of_record
TN:
SF:/Users/cassie/Projects/progressive-web-scaffold/app/containers/pdp/partials/pdp-heading.jsx
FN:4,(anonymous_0)
FNF:1
FNH:1
FNDA:3,(anonymous_0)
DA:4,2
DA:5,3
DA:20,2
LF:3
LH:3
BRDA:6,0,0,1
BRDA:6,0,1,2
BRDA:12,1,0,1
BRDA:12,1,1,2
BRF:4
BRH:4
end_of_record
TN:
SF:/Users/cassie/Projects/progressive-web-scaffold/app/containers/pdp/partials/pdp-item-added-modal.jsx
FN:8,(anonymous_0)
FNF:1
FNH:0
FNDA:0,(anonymous_0)
DA:8,2
DA:9,0
DA:53,2
LF:3
LH:2
BRF:0
BRH:0
end_of_record
TN:
SF:/Users/cassie/Projects/progressive-web-scaffold/app/containers/plp/actions.js
FNF:0
FNH:0
LF:0
LH:0
BRF:0
BRH:0
end_of_record
TN:
SF:/Users/cassie/Projects/progressive-web-scaffold/app/containers/plp/reducer.js
FN:21,(anonymous_0)
FN:28,(anonymous_1)
FN:44,(anonymous_2)
FNF:3
FNH:2
FNDA:3,(anonymous_0)
FNDA:3,(anonymous_1)
FNDA:0,(anonymous_2)
DA:11,1
DA:20,1
DA:22,3
DA:24,3
DA:25,3
DA:28,3
DA:32,3
DA:36,3
DA:37,3
DA:41,0
DA:45,0
DA:47,0
LF:12
LH:9
BRDA:24,0,0,3
BRDA:24,0,1,0
BRDA:36,1,0,3
BRDA:36,1,1,0
BRDA:47,2,0,0
BRDA:47,2,1,0
BRF:6
BRH:2
end_of_record
TN:
SF:/Users/cassie/Projects/progressive-web-scaffold/app/containers/plp/parsers/plp.js
FN:3,(anonymous_0)
FN:7,(anonymous_1)
FNF:2
FNH:2
FNDA:4,(anonymous_0)
FNDA:28,(anonymous_1)
DA:3,2
DA:4,4
DA:6,4
DA:7,4
DA:8,28
DA:11,4
LF:6
LH:6
BRDA:15,0,0,4
BRDA:15,0,1,0
BRF:2
BRH:1
end_of_record
TN:
SF:/Users/cassie/Projects/progressive-web-scaffold/app/containers/plp/partials/product-tile.jsx
FN:16,(anonymous_0)
FNF:1
FNH:0
FNDA:0,(anonymous_0)
DA:9,3
DA:16,3
DA:18,0
DA:25,0
DA:28,0
DA:32,0
DA:44,3
DA:48,3
LF:8
LH:4
BRDA:20,0,0,0
BRDA:20,0,1,0
BRDA:25,1,0,0
BRDA:25,1,1,0
BRDA:28,2,0,0
BRDA:28,2,1,0
BRF:6
BRH:0
end_of_record
TN:
SF:/Users/cassie/Projects/progressive-web-scaffold/app/preloader/preload.js
FNF:0
FNH:0
LF:0
LH:0
BRF:0
BRH:0
end_of_record
TN:
SF:/Users/cassie/Projects/progressive-web-scaffold/app/static/agents/Merlin/agent.js
FNF:0
FNH:0
DA:1,0
LF:1
LH:0
BRF:0
BRH:0
end_of_record
TN:
SF:/Users/cassie/Projects/progressive-web-scaffold/app/static/agents/Merlin/sounds-mp3.js
FNF:0
FNH:0
DA:1,0
LF:1
LH:0
BRF:0
BRH:0
end_of_record
TN:
SF:/Users/cassie/Projects/progressive-web-scaffold/app/static/agents/Merlin/sounds-ogg.js
FNF:0
FNH:0
DA:1,0
LF:1
LH:0
BRF:0
BRH:0
end_of_record
TN:
SF:/Users/cassie/Projects/progressive-web-scaffold/app/store/index.js
FN:4,_interopRequireDefault
FN:6,noop
FN:8,configureStore
FNF:3
FNH:0
FNDA:0,_interopRequireDefault
FNDA:0,noop
FNDA:0,configureStore
DA:1,0
DA:4,0
DA:6,0
DA:8,0
DA:9,0
DA:13,0
DA:22,0
LF:7
LH:0
BRDA:4,0,0,0
BRDA:4,0,1,0
BRDA:4,1,0,0
BRDA:4,1,1,0
BRDA:18,2,0,0
BRDA:18,2,1,0
BRF:6
BRH:0
end_of_record
TN:
SF:/Users/cassie/Projects/progressive-web-scaffold/app/utils/is-react-route.js
FNF:0
FNH:0
LF:0
LH:0
BRF:0
BRH:0
end_of_record
TN:
SF:/Users/cassie/Projects/progressive-web-scaffold/app/utils/magento-utils.js
FN:9,(anonymous_0)
FN:12,(anonymous_1)
FN:15,(anonymous_2)
FN:16,(anonymous_3)
FNF:4
FNH:4
FNDA:1,(anonymous_0)
FNDA:14,(anonymous_1)
FNDA:14,(anonymous_2)
FNDA:14,(anonymous_3)
DA:9,12
DA:10,1
DA:12,14
DA:15,14
DA:16,14
LF:5
LH:5
BRF:0
BRH:0
end_of_record
TN:
SF:/Users/cassie/Projects/progressive-web-scaffold/app/utils/parser-utils.js
FN:1,(anonymous_0)
FN:9,(anonymous_1)
FN:20,(anonymous_2)
FN:28,(anonymous_3)
FN:38,(anonymous_4)
FN:41,(anonymous_5)
FNF:6
FNH:6
FNDA:36,(anonymous_0)
FNDA:2,(anonymous_1)
FNDA:12,(anonymous_2)
FNDA:5,(anonymous_3)
FNDA:1,(anonymous_4)
FNDA:3,(anonymous_5)
DA:1,15
DA:2,36
DA:9,15
DA:10,2
DA:20,15
DA:21,12
DA:28,15
DA:29,5
DA:30,5
DA:38,15
DA:39,1
DA:41,3
LF:12
LH:12
BRDA:24,0,0,10
BRDA:24,0,1,2
BRF:2
BRH:2
end_of_record
TN:
SF:/Users/cassie/Projects/progressive-web-scaffold/app/utils/router-utils.js
FN:30,(anonymous_0)
FN:35,(anonymous_1)
FN:41,(anonymous_2)
FN:48,(anonymous_3)
FN:58,(anonymous_4)
FNF:5
FNH:4
FNDA:12,(anonymous_0)
FNDA:0,(anonymous_1)
FNDA:2,(anonymous_2)
FNDA:1,(anonymous_3)
FNDA:1,(anonymous_4)
DA:30,12
DA:35,5
DA:41,5
DA:48,5
DA:50,5
DA:58,5
DA:59,1
DA:60,1
LF:8
LH:8
BRDA:35,0,0,0
BRDA:35,0,1,0
BRF:2
BRH:0
end_of_record
TN:
SF:/Users/cassie/Projects/progressive-web-scaffold/app/utils/utils.js
FN:10,(anonymous_0)
FN:14,(anonymous_1)
FN:17,(anonymous_2)
FN:33,(anonymous_3)
FN:44,(anonymous_4)
FN:44,(anonymous_5)
FNF:6
FNH:5
FNDA:213,(anonymous_0)
FNDA:30,(anonymous_1)
FNDA:110,(anonymous_2)
FNDA:24,(anonymous_3)
FNDA:3,(anonymous_4)
FNDA:0,(anonymous_5)
DA:10,21
DA:13,213
DA:14,59
DA:15,30
DA:17,30
DA:18,110
DA:21,30
DA:25,213
DA:33,21
DA:34,24
DA:44,21
LF:11
LH:11
BRDA:13,0,0,59
BRDA:13,0,1,154
BRDA:34,1,0,24
BRDA:34,1,1,0
BRF:4
BRH:3
end_of_record
TN:
SF:/Users/cassie/Projects/progressive-web-scaffold/worker/main.js
FN:4,_interopRequireDefault
FN:38,(anonymous_1)
FN:41,(anonymous_2)
FN:45,(anonymous_3)
FN:48,(anonymous_4)
FN:49,(anonymous_5)
FN:51,(anonymous_6)
FN:52,(anonymous_7)
FNF:8
FNH:0
FNDA:0,_interopRequireDefault
FNDA:0,(anonymous_1)
FNDA:0,(anonymous_2)
FNDA:0,(anonymous_3)
FNDA:0,(anonymous_4)
FNDA:0,(anonymous_5)
FNDA:0,(anonymous_6)
FNDA:0,(anonymous_7)
DA:4,0
DA:6,0
DA:7,0
DA:9,0
DA:12,0
DA:17,0
DA:23,0
DA:27,0
DA:32,0
DA:38,0
DA:39,0
DA:45,0
DA:46,0
LF:13
LH:0
BRDA:4,0,0,0
BRDA:4,0,1,0
BRDA:4,1,0,0
BRDA:4,1,1,0
BRF:4
BRH:0
end_of_record
